51.0 APEX_CODE,FINEST;APEX_PROFILING,INFO;CALLOUT,INFO;DB,INFO;NBA,INFO;SYSTEM,DEBUG;VALIDATION,INFO;VISUALFORCE,FINER;WAVE,INFO;WORKFLOW,INFO
14:58:55.2 (2285976)|USER_INFO|[EXTERNAL]|00509000003XTOG|aymericravizep7@openclassroom.com|(GMT+02:00) Central European Summer Time (Europe/Paris)|GMT+02:00
14:58:55.2 (2412959)|EXECUTION_STARTED
14:58:55.2 (2443184)|CODE_UNIT_STARTED|[EXTERNAL]|01p0900000JX8KS|OrderAmount_test.testTriggerUpdateAccountCA()
14:58:55.2 (2831767)|HEAP_ALLOCATE|[79]|Bytes:3
14:58:55.2 (2910914)|HEAP_ALLOCATE|[84]|Bytes:152
14:58:55.2 (2928032)|HEAP_ALLOCATE|[399]|Bytes:408
14:58:55.2 (2945351)|HEAP_ALLOCATE|[412]|Bytes:408
14:58:55.2 (2960682)|HEAP_ALLOCATE|[520]|Bytes:48
14:58:55.2 (2998889)|HEAP_ALLOCATE|[139]|Bytes:6
14:58:55.2 (3013666)|HEAP_ALLOCATE|[EXTERNAL]|Bytes:73
14:58:55.2 (3032024)|METHOD_ENTRY|[2]|01p0900000JX8KS|OrderAmount_test.OrderAmount_test()
14:58:55.2 (3046234)|STATEMENT_EXECUTE|[2]
14:58:55.2 (3055453)|STATEMENT_EXECUTE|[2]
14:58:55.2 (3102310)|HEAP_ALLOCATE|[52]|Bytes:5
14:58:55.2 (3136508)|HEAP_ALLOCATE|[58]|Bytes:5
14:58:55.2 (3145166)|HEAP_ALLOCATE|[66]|Bytes:7
14:58:55.2 (3582647)|SYSTEM_MODE_ENTER|false
14:58:55.2 (3609265)|HEAP_ALLOCATE|[EXTERNAL]|Bytes:5
14:58:55.2 (3624379)|SYSTEM_MODE_EXIT|false
14:58:55.2 (3665152)|METHOD_EXIT|[2]|OrderAmount_test
14:58:55.2 (3731198)|SYSTEM_MODE_ENTER|false
14:58:55.2 (3737140)|HEAP_ALLOCATE|[32]|Bytes:5
14:58:55.2 (3742328)|STATEMENT_EXECUTE|[29]
14:58:55.2 (3745762)|STATEMENT_EXECUTE|[32]
14:58:55.2 (3857575)|HEAP_ALLOCATE|[32]|Bytes:4
14:58:55.2 (3960644)|VARIABLE_SCOPE_BEGIN|[32]|ords|List<Order>|true|false
14:58:55.2 (3975423)|HEAP_ALLOCATE|[EXTERNAL]|Bytes:4
14:58:55.2 (4030046)|VARIABLE_ASSIGNMENT|[32]|ords|[]|0x180df3d5
14:58:55.2 (4039381)|STATEMENT_EXECUTE|[33]
14:58:55.2 (4044690)|VARIABLE_SCOPE_BEGIN|[33]|i|Integer|false|false
14:58:55.2 (4051880)|HEAP_ALLOCATE|[33]|Bytes:4
14:58:55.2 (4060493)|VARIABLE_ASSIGNMENT|[33]|i|0
14:58:55.2 (4069365)|STATEMENT_EXECUTE|[33]
14:58:55.2 (4070908)|STATEMENT_EXECUTE|[34]
14:58:55.2 (4074656)|HEAP_ALLOCATE|[34]|Bytes:1
14:58:55.2 (4079133)|HEAP_ALLOCATE|[34]|Bytes:2
14:58:55.2 (4166264)|HEAP_ALLOCATE|[34]|Bytes:1
14:58:55.2 (4193783)|HEAP_ALLOCATE|[34]|Bytes:3
14:58:55.2 (4198133)|HEAP_ALLOCATE|[34]|Bytes:2
14:58:55.2 (4207386)|HEAP_ALLOCATE|[34]|Bytes:1
14:58:55.2 (4216226)|HEAP_ALLOCATE|[34]|Bytes:3
14:58:55.2 (4221377)|HEAP_ALLOCATE|[34]|Bytes:7
14:58:55.2 (6100863)|HEAP_ALLOCATE|[34]|Bytes:11
14:58:55.2 (6114531)|HEAP_ALLOCATE|[34]|Bytes:8
14:58:55.2 (6149643)|METHOD_ENTRY|[2]|01p0900000I3NqH|DataFactory.DataFactory()
14:58:55.2 (6155440)|STATEMENT_EXECUTE|[2]
14:58:55.2 (6160096)|STATEMENT_EXECUTE|[2]
14:58:55.2 (6168843)|HEAP_ALLOCATE|[34]|Bytes:5
14:58:55.2 (6182307)|METHOD_EXIT|[2]|DataFactory
14:58:55.2 (6225374)|METHOD_ENTRY|[34]|01p0900000I3NqH|DataFactory.generateOrderItem(String, String, String, Integer, Integer, String, Integer)
14:58:55.2 (6237341)|VARIABLE_SCOPE_BEGIN|[58]|nameAccount|String|false|false
14:58:55.2 (6253277)|VARIABLE_ASSIGNMENT|[58]|nameAccount|"A"
14:58:55.2 (6258069)|VARIABLE_SCOPE_BEGIN|[58]|nameProduct|String|false|false
14:58:55.2 (6266442)|VARIABLE_ASSIGNMENT|[58]|nameProduct|"Po0"
14:58:55.2 (6270539)|VARIABLE_SCOPE_BEGIN|[58]|familyProduct|String|false|false
14:58:55.2 (6278017)|VARIABLE_ASSIGNMENT|[58]|familyProduct|"Fo0"
14:58:55.2 (6282571)|VARIABLE_SCOPE_BEGIN|[58]|ProductQuantity|Integer|false|false
14:58:55.2 (6291163)|VARIABLE_ASSIGNMENT|[58]|ProductQuantity|10
14:58:55.2 (6295166)|VARIABLE_SCOPE_BEGIN|[58]|ProductPrice|Integer|false|false
14:58:55.2 (6301885)|VARIABLE_ASSIGNMENT|[58]|ProductPrice|50
14:58:55.2 (6305782)|VARIABLE_SCOPE_BEGIN|[58]|statu|String|false|false
14:58:55.2 (6313624)|VARIABLE_ASSIGNMENT|[58]|statu|"Ordered"
14:58:55.2 (6317579)|VARIABLE_SCOPE_BEGIN|[58]|shipmentCost|Integer|false|false
14:58:55.2 (6324406)|VARIABLE_ASSIGNMENT|[58]|shipmentCost|10
14:58:55.2 (6349763)|HEAP_ALLOCATE|[61]|Bytes:5
14:58:55.2 (6354156)|STATEMENT_EXECUTE|[58]
14:58:55.2 (6356263)|STATEMENT_EXECUTE|[61]
14:58:55.2 (6359436)|HEAP_ALLOCATE|[61]|Bytes:8
14:58:55.2 (6424704)|USER_DEBUG|[61]|DEBUG|icistart
14:58:55.2 (6436054)|STATEMENT_EXECUTE|[63]
14:58:55.2 (6481101)|VARIABLE_SCOPE_BEGIN|[63]|acc|Account|true|false
14:58:55.2 (6492169)|VARIABLE_ASSIGNMENT|[63]|acc|null|
14:58:55.2 (6496879)|STATEMENT_EXECUTE|[64]
14:58:55.2 (6500011)|HEAP_ALLOCATE|[64]|Bytes:44
14:58:55.2 (6520518)|HEAP_ALLOCATE|[64]|Bytes:4
14:58:55.2 (6533296)|HEAP_ALLOCATE|[64]|Bytes:7
14:58:55.2 (6851812)|SOQL_EXECUTE_BEGIN|[64]|Aggregations:0|SELECT Id FROM Account WHERE Name = :tmpVar1
14:58:55.2 (21402463)|SOQL_EXECUTE_END|[64]|Rows:0
14:58:55.2 (21444163)|HEAP_ALLOCATE|[64]|Bytes:4
14:58:55.2 (21475108)|HEAP_ALLOCATE|[64]|Bytes:0
14:58:55.2 (21544316)|HEAP_ALLOCATE|[64]|Bytes:4
14:58:55.2 (21565548)|VARIABLE_SCOPE_BEGIN|[64]|accs|List<Account>|true|false
14:58:55.2 (21590241)|VARIABLE_ASSIGNMENT|[64]|accs|[]|0x4db8c684
14:58:55.2 (21686564)|STATEMENT_EXECUTE|[65]
14:58:55.2 (21691093)|STATEMENT_EXECUTE|[66]
14:58:55.2 (21714602)|HEAP_ALLOCATE|[66]|Bytes:4
14:58:55.2 (21848946)|VARIABLE_ASSIGNMENT|[66]|this.Name|"A"|0x760d5218
14:58:55.2 (21890751)|VARIABLE_ASSIGNMENT|[66]|acc|{"Name":"A"}|0x760d5218
14:58:55.2 (21896418)|STATEMENT_EXECUTE|[67]
14:58:55.2 (21928657)|HEAP_ALLOCATE|[67]|Bytes:8
14:58:55.2 (21965702)|DML_BEGIN|[67]|Op:Insert|Type:Account|Rows:1
14:58:55.2 (21996728)|HEAP_ALLOCATE|[EXTERNAL]|Bytes:8
14:58:55.2 (93748524)|CODE_UNIT_STARTED|[EXTERNAL]|DuplicateDetector
14:58:55.2 (93793334)|DUPLICATE_DETECTION_BEGIN
14:58:55.2 (96954509)|DUPLICATE_DETECTION_RULE_INVOCATION|DuplicateRuleId:0Bm09000006vpcb|DuplicateRuleName:Standard Account Duplicate Rule|DmlType:INSERT
14:58:55.2 (141288746)|DUPLICATE_DETECTION_MATCH_INVOCATION_DETAILS|EntityType:Account|ActionTaken:Allow_[Alert,Report]|DuplicateRecordIds:
14:58:55.2 (141311151)|DUPLICATE_DETECTION_MATCH_INVOCATION_SUMMARY|EntityType:Account|NumRecordsToBeSaved:1|NumRecordsToBeSavedWithDuplicates:0|NumDuplicateRecordsFound:0
14:58:55.2 (141443138)|DUPLICATE_DETECTION_END
14:58:55.2 (141453442)|CODE_UNIT_FINISHED|DuplicateDetector
14:58:55.2 (226847620)|DML_END|[67]
14:58:55.2 (226890260)|STATEMENT_EXECUTE|[73]
14:58:55.2 (226966814)|HEAP_ALLOCATE|[73]|Bytes:4
14:58:55.2 (227145265)|VARIABLE_ASSIGNMENT|[73]|this.Name|"Po0"|0x69102dca
14:58:55.2 (227168478)|VARIABLE_ASSIGNMENT|[73]|this.Family|"Fo0"|0x69102dca
14:58:55.2 (227203267)|VARIABLE_SCOPE_BEGIN|[73]|product|Product2|true|false
14:58:55.2 (227224934)|VARIABLE_ASSIGNMENT|[73]|product|{"Name":"Po0","Family":"Fo0"}|0x69102dca
14:58:55.2 (227230938)|STATEMENT_EXECUTE|[74]
14:58:55.2 (227260484)|HEAP_ALLOCATE|[74]|Bytes:8
14:58:55.2 (227278018)|DML_BEGIN|[74]|Op:Insert|Type:Product2|Rows:1
14:58:55.2 (227317237)|HEAP_ALLOCATE|[EXTERNAL]|Bytes:8
14:58:55.2 (277965750)|DML_END|[74]
14:58:55.2 (278005118)|STATEMENT_EXECUTE|[77]
14:58:55.2 (278089491)|HEAP_ALLOCATE|[77]|Bytes:4
14:58:55.2 (278286004)|HEAP_ALLOCATE|[78]|Bytes:74
14:58:55.2 (278316583)|SYSTEM_METHOD_ENTRY|[1]|Test.Test()
14:58:55.2 (278322275)|STATEMENT_EXECUTE|[1]
14:58:55.2 (278343608)|SYSTEM_METHOD_EXIT|[1]|Test
14:58:55.2 (278369194)|METHOD_ENTRY|[78]||System.Test.getStandardPricebookId()
14:58:55.2 (281827058)|METHOD_EXIT|[78]||System.Test.getStandardPricebookId()
14:58:55.2 (281933453)|VARIABLE_ASSIGNMENT|[77]|this.Pricebook2Id|"01s09000005omFQAAY"|0x467a3fc5
14:58:55.2 (281988437)|VARIABLE_ASSIGNMENT|[77]|this.Product2Id|"01t09000002WtKdAAK"|0x467a3fc5
14:58:55.2 (282027922)|HEAP_ALLOCATE|[77]|Bytes:28
14:58:55.2 (282053348)|VARIABLE_ASSIGNMENT|[77]|this.UnitPrice|1020|0x467a3fc5
14:58:55.2 (282073093)|VARIABLE_ASSIGNMENT|[77]|this.IsActive|true|0x467a3fc5
14:58:55.2 (282119054)|VARIABLE_SCOPE_BEGIN|[77]|pbe|PricebookEntry|true|false
14:58:55.2 (282145660)|VARIABLE_ASSIGNMENT|[77]|pbe|{"Pricebook2Id":"01s09000005omFQAAY","Product2Id":"01t09000002WtKdAAK","UnitPrice":1020,"IsActive":true}|0x467a3fc5
14:58:55.2 (282152189)|STATEMENT_EXECUTE|[83]
14:58:55.2 (282180637)|HEAP_ALLOCATE|[83]|Bytes:8
14:58:55.2 (282199589)|DML_BEGIN|[83]|Op:Insert|Type:PricebookEntry|Rows:1
14:58:55.2 (282234211)|HEAP_ALLOCATE|[EXTERNAL]|Bytes:8
14:58:55.2 (338476550)|DML_END|[83]
14:58:55.2 (338515848)|STATEMENT_EXECUTE|[85]
14:58:55.2 (338565461)|HEAP_ALLOCATE|[85]|Bytes:4
14:58:55.2 (338771066)|HEAP_ALLOCATE|[85]|Bytes:4
14:58:55.2 (338883850)|VARIABLE_ASSIGNMENT|[85]|this.EffectiveDate|"2021-07-12T00:00:00.000Z"|0x7534571
14:58:55.2 (338914566)|VARIABLE_ASSIGNMENT|[85]|this.Status|"Ordered"|0x7534571
14:58:55.2 (338932731)|METHOD_ENTRY|[85]||System.Test.getStandardPricebookId()
14:58:55.2 (339450833)|METHOD_EXIT|[85]||System.Test.getStandardPricebookId()
14:58:55.2 (339528052)|VARIABLE_ASSIGNMENT|[85]|this.Pricebook2Id|"01s09000005omFQAAY"|0x7534571
14:58:55.2 (339586455)|VARIABLE_ASSIGNMENT|[85]|this.AccountId|"0010900000XZgEpAAL"|0x7534571
14:58:55.2 (339628210)|HEAP_ALLOCATE|[85]|Bytes:28
14:58:55.2 (339634134)|HEAP_ALLOCATE|[85]|Bytes:28
14:58:55.2 (339669765)|VARIABLE_ASSIGNMENT|[85]|this.ShipmentCost__c|10|0x7534571
14:58:55.2 (339712936)|VARIABLE_SCOPE_BEGIN|[85]|ord|Order|true|false
14:58:55.2 (339752516)|VARIABLE_ASSIGNMENT|[85]|ord|{"EffectiveDate":"2021-07-12T00:00:00.000Z","Status":"Ordered","Pricebook2Id":"01s09000005omFQAAY","AccountId":"0010900000XZgEpAAL","ShipmentCost__c":10}|0x7534571
14:58:55.2 (339760189)|STATEMENT_EXECUTE|[86]
14:58:55.2 (339785412)|HEAP_ALLOCATE|[86]|Bytes:8
14:58:55.2 (339802599)|DML_BEGIN|[86]|Op:Insert|Type:Order|Rows:1
14:58:55.2 (339842558)|HEAP_ALLOCATE|[EXTERNAL]|Bytes:8
14:58:55.2 (419593707)|DML_END|[86]
14:58:55.2 (419624080)|STATEMENT_EXECUTE|[88]
14:58:55.2 (419692904)|HEAP_ALLOCATE|[88]|Bytes:4
14:58:55.2 (419812727)|HEAP_ALLOCATE|[88]|Bytes:28
14:58:55.2 (419819628)|HEAP_ALLOCATE|[88]|Bytes:28
14:58:55.2 (419884271)|VARIABLE_ASSIGNMENT|[88]|this.Quantity|10|0x462b423c
14:58:55.2 (419896705)|HEAP_ALLOCATE|[88]|Bytes:28
14:58:55.2 (419917337)|VARIABLE_ASSIGNMENT|[88]|this.UnitPrice|50|0x462b423c
14:58:55.2 (419975021)|VARIABLE_ASSIGNMENT|[88]|this.OrderId|"80109000002wdCrAAI"|0x462b423c
14:58:55.2 (420015400)|VARIABLE_ASSIGNMENT|[88]|this.PricebookEntryId|"01u09000003Q0woAAC"|0x462b423c
14:58:55.2 (420050457)|VARIABLE_SCOPE_BEGIN|[88]|ordItem|OrderItem|true|false
14:58:55.2 (420083109)|VARIABLE_ASSIGNMENT|[88]|ordItem|{"Quantity":10,"UnitPrice":50,"OrderId":"80109000002wdCrAAI","PricebookEntryId":"01u09000003Q0woAAC"}|0x462b423c
14:58:55.2 (420089824)|STATEMENT_EXECUTE|[89]
14:58:55.2 (420124075)|HEAP_ALLOCATE|[89]|Bytes:8
14:58:55.2 (420142863)|DML_BEGIN|[89]|Op:Insert|Type:OrderItem|Rows:1
14:58:55.2 (420177729)|HEAP_ALLOCATE|[EXTERNAL]|Bytes:8
14:58:55.2 (534990050)|CODE_UNIT_STARTED|[EXTERNAL]|Workflow:Order
14:58:55.2 (539694506)|CODE_UNIT_FINISHED|Workflow:Order
14:58:55.2 (546807745)|DML_END|[89]
14:58:55.2 (546836369)|STATEMENT_EXECUTE|[90]
14:58:55.2 (546847997)|HEAP_ALLOCATE|[90]|Bytes:7
14:58:55.2 (546943613)|HEAP_ALLOCATE|[90]|Bytes:11
14:58:55.2 (546960965)|USER_DEBUG|[90]|DEBUG|totalamnull
14:58:55.2 (546973938)|STATEMENT_EXECUTE|[91]
14:58:55.2 (546978901)|HEAP_ALLOCATE|[91]|Bytes:3
14:58:55.2 (547056378)|HEAP_ALLOCATE|[91]|Bytes:125
14:58:55.2 (547070714)|HEAP_ALLOCATE|[91]|Bytes:128
14:58:55.2 (547080348)|USER_DEBUG|[91]|DEBUG|odiOrderItem:{Quantity=10, UnitPrice=50, OrderId=80109000002wdCrAAI, PricebookEntryId=01u09000003Q0woAAC, Id=80209000000oFD6AAM}
14:58:55.2 (547101185)|STATEMENT_EXECUTE|[92]
14:58:55.2 (547105912)|HEAP_ALLOCATE|[92]|Bytes:70
14:58:55.2 (547126330)|HEAP_ALLOCATE|[92]|Bytes:4
14:58:55.2 (547492591)|SOQL_EXECUTE_BEGIN|[92]|Aggregations:0|SELECT Id, TotalAmount, ShipmentCost__c FROM Order WHERE Id = :tmpVar1
14:58:55.2 (574090511)|SOQL_EXECUTE_END|[92]|Rows:1
14:58:55.2 (574140300)|HEAP_ALLOCATE|[92]|Bytes:8
14:58:55.2 (574184376)|HEAP_ALLOCATE|[92]|Bytes:135
14:58:55.2 (574240220)|HEAP_ALLOCATE|[92]|Bytes:8
14:58:55.2 (574268063)|HEAP_ALLOCATE|[92]|Bytes:31
14:58:55.2 (574296694)|HEAP_ALLOCATE|[92]|Bytes:16
14:58:55.2 (574326950)|METHOD_EXIT|[34]|01p0900000I3NqH|DataFactory.generateOrderItem(String, String, String, Integer, Integer, String, Integer)
14:58:55.2 (574350630)|HEAP_ALLOCATE|[EXTERNAL]|Bytes:4
14:58:55.2 (574361676)|HEAP_ALLOCATE|[33]|Bytes:4
14:58:55.2 (574377981)|VARIABLE_ASSIGNMENT|[33]|i|1
14:58:55.2 (574391326)|STATEMENT_EXECUTE|[33]
14:58:55.2 (574395864)|STATEMENT_EXECUTE|[34]
14:58:55.2 (574421027)|HEAP_ALLOCATE|[34]|Bytes:1
14:58:55.2 (574434923)|HEAP_ALLOCATE|[34]|Bytes:3
14:58:55.2 (574445401)|HEAP_ALLOCATE|[34]|Bytes:1
14:58:55.2 (574454652)|HEAP_ALLOCATE|[34]|Bytes:3
14:58:55.2 (574467157)|METHOD_ENTRY|[34]|01p0900000I3NqH|DataFactory.generateOrderItem(String, String, String, Integer, Integer, String, Integer)
14:58:55.2 (574477016)|VARIABLE_SCOPE_BEGIN|[58]|nameAccount|String|false|false
14:58:55.2 (574491441)|VARIABLE_ASSIGNMENT|[58]|nameAccount|"A"
14:58:55.2 (574496293)|VARIABLE_SCOPE_BEGIN|[58]|nameProduct|String|false|false
14:58:55.2 (574504909)|VARIABLE_ASSIGNMENT|[58]|nameProduct|"Po1"
14:58:55.2 (574509528)|VARIABLE_SCOPE_BEGIN|[58]|familyProduct|String|false|false
14:58:55.2 (574517484)|VARIABLE_ASSIGNMENT|[58]|familyProduct|"Fo1"
14:58:55.2 (574522294)|VARIABLE_SCOPE_BEGIN|[58]|ProductQuantity|Integer|false|false
14:58:55.2 (574530249)|VARIABLE_ASSIGNMENT|[58]|ProductQuantity|10
14:58:55.2 (574534777)|VARIABLE_SCOPE_BEGIN|[58]|ProductPrice|Integer|false|false
14:58:55.2 (574542066)|VARIABLE_ASSIGNMENT|[58]|ProductPrice|50
14:58:55.2 (574546072)|VARIABLE_SCOPE_BEGIN|[58]|statu|String|false|false
14:58:55.2 (574554106)|VARIABLE_ASSIGNMENT|[58]|statu|"Ordered"
14:58:55.2 (574558156)|VARIABLE_SCOPE_BEGIN|[58]|shipmentCost|Integer|false|false
14:58:55.2 (574565323)|VARIABLE_ASSIGNMENT|[58]|shipmentCost|10
14:58:55.2 (574603808)|HEAP_ALLOCATE|[61]|Bytes:5
14:58:55.2 (574608355)|STATEMENT_EXECUTE|[58]
14:58:55.2 (574611113)|STATEMENT_EXECUTE|[61]
14:58:55.2 (574624070)|USER_DEBUG|[61]|DEBUG|icistart
14:58:55.2 (574632162)|STATEMENT_EXECUTE|[63]
14:58:55.2 (574638573)|VARIABLE_SCOPE_BEGIN|[63]|acc|Account|true|false
14:58:55.2 (574649336)|VARIABLE_ASSIGNMENT|[63]|acc|null|
14:58:55.2 (574653655)|STATEMENT_EXECUTE|[64]
14:58:55.2 (574673807)|HEAP_ALLOCATE|[64]|Bytes:4
14:58:55.2 (574910658)|SOQL_EXECUTE_BEGIN|[64]|Aggregations:0|SELECT Id FROM Account WHERE Name = :tmpVar1
14:58:55.2 (665638482)|SOQL_EXECUTE_END|[64]|Rows:1
14:58:55.2 (665696608)|HEAP_ALLOCATE|[64]|Bytes:8
14:58:55.2 (665740600)|HEAP_ALLOCATE|[64]|Bytes:29
14:58:55.2 (665799830)|HEAP_ALLOCATE|[64]|Bytes:8
14:58:55.2 (665828702)|VARIABLE_SCOPE_BEGIN|[64]|accs|List<Account>|true|false
14:58:55.2 (665864503)|VARIABLE_ASSIGNMENT|[64]|accs|[{"Id":"0010900000XZgEpAAL"}]|0x142f0a6e
14:58:55.2 (665924525)|STATEMENT_EXECUTE|[68]
14:58:55.2 (665930979)|STATEMENT_EXECUTE|[69]
14:58:55.2 (665951174)|HEAP_ALLOCATE|[69]|Bytes:8
14:58:55.2 (665969865)|VARIABLE_ASSIGNMENT|[69]|acc|{"Id":"0010900000XZgEpAAL"}|0x455195f1
14:58:55.2 (665976104)|STATEMENT_EXECUTE|[73]
14:58:55.2 (666004900)|HEAP_ALLOCATE|[73]|Bytes:4
14:58:55.2 (666071143)|VARIABLE_ASSIGNMENT|[73]|this.Name|"Po1"|0x10656c8a
14:58:55.2 (666105044)|VARIABLE_ASSIGNMENT|[73]|this.Family|"Fo1"|0x10656c8a
14:58:55.2 (666124051)|VARIABLE_SCOPE_BEGIN|[73]|product|Product2|true|false
14:58:55.2 (666140429)|VARIABLE_ASSIGNMENT|[73]|product|{"Name":"Po1","Family":"Fo1"}|0x10656c8a
14:58:55.2 (666145681)|STATEMENT_EXECUTE|[74]
14:58:55.2 (666167186)|HEAP_ALLOCATE|[74]|Bytes:8
14:58:55.2 (666188184)|DML_BEGIN|[74]|Op:Insert|Type:Product2|Rows:1
14:58:55.2 (666224566)|HEAP_ALLOCATE|[EXTERNAL]|Bytes:8
14:58:55.2 (680185835)|DML_END|[74]
14:58:55.2 (680228018)|STATEMENT_EXECUTE|[77]
14:58:55.2 (680264055)|HEAP_ALLOCATE|[77]|Bytes:4
14:58:55.2 (680308433)|METHOD_ENTRY|[78]||System.Test.getStandardPricebookId()
14:58:55.2 (680762620)|METHOD_EXIT|[78]||System.Test.getStandardPricebookId()
14:58:55.2 (680837484)|VARIABLE_ASSIGNMENT|[77]|this.Pricebook2Id|"01s09000005omFQAAY"|0x70c4b332
14:58:55.2 (680874724)|VARIABLE_ASSIGNMENT|[77]|this.Product2Id|"01t09000002WtKeAAK"|0x70c4b332
14:58:55.2 (680902541)|HEAP_ALLOCATE|[77]|Bytes:28
14:58:55.2 (680925851)|VARIABLE_ASSIGNMENT|[77]|this.UnitPrice|1020|0x70c4b332
14:58:55.2 (680946017)|VARIABLE_ASSIGNMENT|[77]|this.IsActive|true|0x70c4b332
14:58:55.2 (680971810)|VARIABLE_SCOPE_BEGIN|[77]|pbe|PricebookEntry|true|false
14:58:55.2 (680999881)|VARIABLE_ASSIGNMENT|[77]|pbe|{"Pricebook2Id":"01s09000005omFQAAY","Product2Id":"01t09000002WtKeAAK","UnitPrice":1020,"IsActive":true}|0x70c4b332
14:58:55.2 (681006496)|STATEMENT_EXECUTE|[83]
14:58:55.2 (681028633)|HEAP_ALLOCATE|[83]|Bytes:8
14:58:55.2 (681048361)|DML_BEGIN|[83]|Op:Insert|Type:PricebookEntry|Rows:1
14:58:55.2 (681085448)|HEAP_ALLOCATE|[EXTERNAL]|Bytes:8
14:58:55.2 (696839549)|DML_END|[83]
14:58:55.2 (696878233)|STATEMENT_EXECUTE|[85]
14:58:55.2 (696912340)|HEAP_ALLOCATE|[85]|Bytes:4
14:58:55.2 (696965219)|HEAP_ALLOCATE|[85]|Bytes:4
14:58:55.2 (697038877)|VARIABLE_ASSIGNMENT|[85]|this.EffectiveDate|"2021-07-12T00:00:00.000Z"|0x1f632bc4
14:58:55.2 (697065876)|VARIABLE_ASSIGNMENT|[85]|this.Status|"Ordered"|0x1f632bc4
14:58:55.2 (697082739)|METHOD_ENTRY|[85]||System.Test.getStandardPricebookId()
14:58:55.2 (697514267)|METHOD_EXIT|[85]||System.Test.getStandardPricebookId()
14:58:55.2 (697563784)|VARIABLE_ASSIGNMENT|[85]|this.Pricebook2Id|"01s09000005omFQAAY"|0x1f632bc4
14:58:55.2 (697601415)|VARIABLE_ASSIGNMENT|[85]|this.AccountId|"0010900000XZgEpAAL"|0x1f632bc4
14:58:55.2 (697630361)|HEAP_ALLOCATE|[85]|Bytes:28
14:58:55.2 (697636027)|HEAP_ALLOCATE|[85]|Bytes:28
14:58:55.2 (697664120)|VARIABLE_ASSIGNMENT|[85]|this.ShipmentCost__c|10|0x1f632bc4
14:58:55.2 (697690463)|VARIABLE_SCOPE_BEGIN|[85]|ord|Order|true|false
14:58:55.2 (697724264)|VARIABLE_ASSIGNMENT|[85]|ord|{"EffectiveDate":"2021-07-12T00:00:00.000Z","Status":"Ordered","Pricebook2Id":"01s09000005omFQAAY","AccountId":"0010900000XZgEpAAL","ShipmentCost__c":10}|0x1f632bc4
14:58:55.2 (697731883)|STATEMENT_EXECUTE|[86]
14:58:55.2 (697751733)|HEAP_ALLOCATE|[86]|Bytes:8
14:58:55.2 (697770482)|DML_BEGIN|[86]|Op:Insert|Type:Order|Rows:1
14:58:55.2 (697806902)|HEAP_ALLOCATE|[EXTERNAL]|Bytes:8
14:58:55.2 (717285591)|DML_END|[86]
14:58:55.2 (717323530)|STATEMENT_EXECUTE|[88]
14:58:55.2 (717354276)|HEAP_ALLOCATE|[88]|Bytes:4
14:58:55.2 (717406901)|HEAP_ALLOCATE|[88]|Bytes:28
14:58:55.2 (717411995)|HEAP_ALLOCATE|[88]|Bytes:28
14:58:55.2 (717469451)|VARIABLE_ASSIGNMENT|[88]|this.Quantity|10|0x45c723af
14:58:55.2 (717480687)|HEAP_ALLOCATE|[88]|Bytes:28
14:58:55.2 (717499595)|VARIABLE_ASSIGNMENT|[88]|this.UnitPrice|50|0x45c723af
14:58:55.2 (717537157)|VARIABLE_ASSIGNMENT|[88]|this.OrderId|"80109000002wdCsAAI"|0x45c723af
14:58:55.2 (717560679)|VARIABLE_ASSIGNMENT|[88]|this.PricebookEntryId|"01u09000003Q0wpAAC"|0x45c723af
14:58:55.2 (717586359)|VARIABLE_SCOPE_BEGIN|[88]|ordItem|OrderItem|true|false
14:58:55.2 (717612408)|VARIABLE_ASSIGNMENT|[88]|ordItem|{"Quantity":10,"UnitPrice":50,"OrderId":"80109000002wdCsAAI","PricebookEntryId":"01u09000003Q0wpAAC"}|0x45c723af
14:58:55.2 (717618956)|STATEMENT_EXECUTE|[89]
14:58:55.2 (717637581)|HEAP_ALLOCATE|[89]|Bytes:8
14:58:55.2 (717654372)|DML_BEGIN|[89]|Op:Insert|Type:OrderItem|Rows:1
14:58:55.2 (717695668)|HEAP_ALLOCATE|[EXTERNAL]|Bytes:8
14:58:55.2 (754568755)|CODE_UNIT_STARTED|[EXTERNAL]|Workflow:Order
14:58:55.2 (754616916)|CODE_UNIT_FINISHED|Workflow:Order
14:58:55.2 (760593482)|DML_END|[89]
14:58:55.2 (760631086)|STATEMENT_EXECUTE|[90]
14:58:55.2 (760702783)|HEAP_ALLOCATE|[90]|Bytes:11
14:58:55.2 (760732621)|USER_DEBUG|[90]|DEBUG|totalamnull
14:58:55.2 (760742266)|STATEMENT_EXECUTE|[91]
14:58:55.2 (760803456)|HEAP_ALLOCATE|[91]|Bytes:125
14:58:55.2 (760815388)|HEAP_ALLOCATE|[91]|Bytes:128
14:58:55.2 (760822801)|USER_DEBUG|[91]|DEBUG|odiOrderItem:{Quantity=10, UnitPrice=50, OrderId=80109000002wdCsAAI, PricebookEntryId=01u09000003Q0wpAAC, Id=80209000000oFD7AAM}
14:58:55.2 (760830767)|STATEMENT_EXECUTE|[92]
14:58:55.2 (760856539)|HEAP_ALLOCATE|[92]|Bytes:4
14:58:55.2 (761183230)|SOQL_EXECUTE_BEGIN|[92]|Aggregations:0|SELECT Id, TotalAmount, ShipmentCost__c FROM Order WHERE Id = :tmpVar1
14:58:55.2 (764638894)|SOQL_EXECUTE_END|[92]|Rows:1
14:58:55.2 (764671069)|HEAP_ALLOCATE|[92]|Bytes:8
14:58:55.2 (764708753)|HEAP_ALLOCATE|[92]|Bytes:135
14:58:55.2 (764772446)|HEAP_ALLOCATE|[92]|Bytes:8
14:58:55.2 (764808722)|HEAP_ALLOCATE|[92]|Bytes:16
14:58:55.2 (764837372)|METHOD_EXIT|[34]|01p0900000I3NqH|DataFactory.generateOrderItem(String, String, String, Integer, Integer, String, Integer)
14:58:55.2 (764857305)|HEAP_ALLOCATE|[EXTERNAL]|Bytes:4
14:58:55.2 (764877328)|HEAP_ALLOCATE|[33]|Bytes:4
14:58:55.2 (764894505)|VARIABLE_ASSIGNMENT|[33]|i|2
14:58:55.2 (764907608)|STATEMENT_EXECUTE|[33]
14:58:55.2 (764911352)|STATEMENT_EXECUTE|[34]
14:58:55.2 (764933196)|HEAP_ALLOCATE|[34]|Bytes:1
14:58:55.2 (764946595)|HEAP_ALLOCATE|[34]|Bytes:3
14:58:55.2 (764957187)|HEAP_ALLOCATE|[34]|Bytes:1
14:58:55.2 (764966468)|HEAP_ALLOCATE|[34]|Bytes:3
14:58:55.2 (764977891)|METHOD_ENTRY|[34]|01p0900000I3NqH|DataFactory.generateOrderItem(String, String, String, Integer, Integer, String, Integer)
14:58:55.2 (764988069)|VARIABLE_SCOPE_BEGIN|[58]|nameAccount|String|false|false
14:58:55.2 (765002795)|VARIABLE_ASSIGNMENT|[58]|nameAccount|"A"
14:58:55.2 (765008109)|VARIABLE_SCOPE_BEGIN|[58]|nameProduct|String|false|false
14:58:55.2 (765016981)|VARIABLE_ASSIGNMENT|[58]|nameProduct|"Po2"
14:58:55.2 (765022126)|VARIABLE_SCOPE_BEGIN|[58]|familyProduct|String|false|false
14:58:55.2 (765030469)|VARIABLE_ASSIGNMENT|[58]|familyProduct|"Fo2"
14:58:55.2 (765035165)|VARIABLE_SCOPE_BEGIN|[58]|ProductQuantity|Integer|false|false
14:58:55.2 (765042838)|VARIABLE_ASSIGNMENT|[58]|ProductQuantity|10
14:58:55.2 (765047734)|VARIABLE_SCOPE_BEGIN|[58]|ProductPrice|Integer|false|false
14:58:55.2 (765055449)|VARIABLE_ASSIGNMENT|[58]|ProductPrice|50
14:58:55.2 (765059720)|VARIABLE_SCOPE_BEGIN|[58]|statu|String|false|false
14:58:55.2 (765067789)|VARIABLE_ASSIGNMENT|[58]|statu|"Ordered"
14:58:55.2 (765072074)|VARIABLE_SCOPE_BEGIN|[58]|shipmentCost|Integer|false|false
14:58:55.2 (765079703)|VARIABLE_ASSIGNMENT|[58]|shipmentCost|10
14:58:55.2 (765126215)|HEAP_ALLOCATE|[61]|Bytes:5
14:58:55.2 (765131196)|STATEMENT_EXECUTE|[58]
14:58:55.2 (765133559)|STATEMENT_EXECUTE|[61]
14:58:55.2 (765144368)|USER_DEBUG|[61]|DEBUG|icistart
14:58:55.2 (765152528)|STATEMENT_EXECUTE|[63]
14:58:55.2 (765159015)|VARIABLE_SCOPE_BEGIN|[63]|acc|Account|true|false
14:58:55.2 (765169355)|VARIABLE_ASSIGNMENT|[63]|acc|null|
14:58:55.2 (765174631)|STATEMENT_EXECUTE|[64]
14:58:55.2 (765190959)|HEAP_ALLOCATE|[64]|Bytes:4
14:58:55.2 (765414655)|SOQL_EXECUTE_BEGIN|[64]|Aggregations:0|SELECT Id FROM Account WHERE Name = :tmpVar1
14:58:55.2 (771365926)|SOQL_EXECUTE_END|[64]|Rows:1
14:58:55.2 (771392667)|HEAP_ALLOCATE|[64]|Bytes:8
14:58:55.2 (771424212)|HEAP_ALLOCATE|[64]|Bytes:29
14:58:55.2 (771461864)|HEAP_ALLOCATE|[64]|Bytes:8
14:58:55.2 (771482342)|VARIABLE_SCOPE_BEGIN|[64]|accs|List<Account>|true|false
14:58:55.2 (771518458)|VARIABLE_ASSIGNMENT|[64]|accs|[{"Id":"0010900000XZgEpAAL"}]|0x202f9932
14:58:55.2 (771547420)|STATEMENT_EXECUTE|[68]
14:58:55.2 (771550976)|STATEMENT_EXECUTE|[69]
14:58:55.2 (771562135)|HEAP_ALLOCATE|[69]|Bytes:8
14:58:55.2 (771577312)|VARIABLE_ASSIGNMENT|[69]|acc|{"Id":"0010900000XZgEpAAL"}|0x33719fc5
14:58:55.2 (771583235)|STATEMENT_EXECUTE|[73]
14:58:55.2 (771605365)|HEAP_ALLOCATE|[73]|Bytes:4
14:58:55.2 (771663428)|VARIABLE_ASSIGNMENT|[73]|this.Name|"Po2"|0x4574934a
14:58:55.2 (771685015)|VARIABLE_ASSIGNMENT|[73]|this.Family|"Fo2"|0x4574934a
14:58:55.2 (771702816)|VARIABLE_SCOPE_BEGIN|[73]|product|Product2|true|false
14:58:55.2 (771719702)|VARIABLE_ASSIGNMENT|[73]|product|{"Name":"Po2","Family":"Fo2"}|0x4574934a
14:58:55.2 (771725400)|STATEMENT_EXECUTE|[74]
14:58:55.2 (771740458)|HEAP_ALLOCATE|[74]|Bytes:8
14:58:55.2 (771759332)|DML_BEGIN|[74]|Op:Insert|Type:Product2|Rows:1
14:58:55.2 (771789784)|HEAP_ALLOCATE|[EXTERNAL]|Bytes:8
14:58:55.2 (784176659)|DML_END|[74]
14:58:55.2 (784203776)|STATEMENT_EXECUTE|[77]
14:58:55.2 (784226238)|HEAP_ALLOCATE|[77]|Bytes:4
14:58:55.2 (784257831)|METHOD_ENTRY|[78]||System.Test.getStandardPricebookId()
14:58:55.2 (784646785)|METHOD_EXIT|[78]||System.Test.getStandardPricebookId()
14:58:55.2 (785266919)|VARIABLE_ASSIGNMENT|[77]|this.Pricebook2Id|"01s09000005omFQAAY"|0x4a9332af
14:58:55.2 (785305654)|VARIABLE_ASSIGNMENT|[77]|this.Product2Id|"01t09000002WtKfAAK"|0x4a9332af
14:58:55.2 (785334230)|HEAP_ALLOCATE|[77]|Bytes:28
14:58:55.2 (785355799)|VARIABLE_ASSIGNMENT|[77]|this.UnitPrice|1020|0x4a9332af
14:58:55.2 (785374168)|VARIABLE_ASSIGNMENT|[77]|this.IsActive|true|0x4a9332af
14:58:55.2 (785397654)|VARIABLE_SCOPE_BEGIN|[77]|pbe|PricebookEntry|true|false
14:58:55.2 (785427432)|VARIABLE_ASSIGNMENT|[77]|pbe|{"Pricebook2Id":"01s09000005omFQAAY","Product2Id":"01t09000002WtKfAAK","UnitPrice":1020,"IsActive":true}|0x4a9332af
14:58:55.2 (785436020)|STATEMENT_EXECUTE|[83]
14:58:55.2 (785454572)|HEAP_ALLOCATE|[83]|Bytes:8
14:58:55.2 (785472003)|DML_BEGIN|[83]|Op:Insert|Type:PricebookEntry|Rows:1
14:58:55.2 (785505298)|HEAP_ALLOCATE|[EXTERNAL]|Bytes:8
14:58:55.2 (802041320)|DML_END|[83]
14:58:55.2 (802075599)|STATEMENT_EXECUTE|[85]
14:58:55.2 (802110916)|HEAP_ALLOCATE|[85]|Bytes:4
14:58:55.2 (802161788)|HEAP_ALLOCATE|[85]|Bytes:4
14:58:55.2 (802239344)|VARIABLE_ASSIGNMENT|[85]|this.EffectiveDate|"2021-07-12T00:00:00.000Z"|0x3375e765
14:58:55.2 (802265689)|VARIABLE_ASSIGNMENT|[85]|this.Status|"Ordered"|0x3375e765
14:58:55.2 (802283485)|METHOD_ENTRY|[85]||System.Test.getStandardPricebookId()
14:58:55.2 (802750357)|METHOD_EXIT|[85]||System.Test.getStandardPricebookId()
14:58:55.2 (802818843)|VARIABLE_ASSIGNMENT|[85]|this.Pricebook2Id|"01s09000005omFQAAY"|0x3375e765
14:58:55.2 (802858011)|VARIABLE_ASSIGNMENT|[85]|this.AccountId|"0010900000XZgEpAAL"|0x3375e765
14:58:55.2 (802885337)|HEAP_ALLOCATE|[85]|Bytes:28
14:58:55.2 (802891106)|HEAP_ALLOCATE|[85]|Bytes:28
14:58:55.2 (802919491)|VARIABLE_ASSIGNMENT|[85]|this.ShipmentCost__c|10|0x3375e765
14:58:55.2 (802944085)|VARIABLE_SCOPE_BEGIN|[85]|ord|Order|true|false
14:58:55.2 (802981549)|VARIABLE_ASSIGNMENT|[85]|ord|{"EffectiveDate":"2021-07-12T00:00:00.000Z","Status":"Ordered","Pricebook2Id":"01s09000005omFQAAY","AccountId":"0010900000XZgEpAAL","ShipmentCost__c":10}|0x3375e765
14:58:55.2 (802989621)|STATEMENT_EXECUTE|[86]
14:58:55.2 (803009018)|HEAP_ALLOCATE|[86]|Bytes:8
14:58:55.2 (803028484)|DML_BEGIN|[86]|Op:Insert|Type:Order|Rows:1
14:58:55.2 (803062650)|HEAP_ALLOCATE|[EXTERNAL]|Bytes:8
14:58:55.2 (824601904)|DML_END|[86]
14:58:55.2 (824637977)|STATEMENT_EXECUTE|[88]
14:58:55.2 (824666994)|HEAP_ALLOCATE|[88]|Bytes:4
14:58:55.2 (824725625)|HEAP_ALLOCATE|[88]|Bytes:28
14:58:55.2 (824732838)|HEAP_ALLOCATE|[88]|Bytes:28
14:58:55.2 (824802228)|VARIABLE_ASSIGNMENT|[88]|this.Quantity|10|0x562db7d2
14:58:55.2 (824819079)|HEAP_ALLOCATE|[88]|Bytes:28
14:58:55.2 (824849996)|VARIABLE_ASSIGNMENT|[88]|this.UnitPrice|50|0x562db7d2
14:58:55.2 (824904069)|VARIABLE_ASSIGNMENT|[88]|this.OrderId|"80109000002wdCtAAI"|0x562db7d2
14:58:55.2 (824940947)|VARIABLE_ASSIGNMENT|[88]|this.PricebookEntryId|"01u09000003Q0wqAAC"|0x562db7d2
14:58:55.2 (824975613)|VARIABLE_SCOPE_BEGIN|[88]|ordItem|OrderItem|true|false
14:58:55.2 (825013834)|VARIABLE_ASSIGNMENT|[88]|ordItem|{"Quantity":10,"UnitPrice":50,"OrderId":"80109000002wdCtAAI","PricebookEntryId":"01u09000003Q0wqAAC"}|0x562db7d2
14:58:55.2 (825026016)|STATEMENT_EXECUTE|[89]
14:58:55.2 (825057000)|HEAP_ALLOCATE|[89]|Bytes:8
14:58:55.2 (825081583)|DML_BEGIN|[89]|Op:Insert|Type:OrderItem|Rows:1
14:58:55.2 (825147845)|HEAP_ALLOCATE|[EXTERNAL]|Bytes:8
14:58:55.2 (863363726)|CODE_UNIT_STARTED|[EXTERNAL]|Workflow:Order
14:58:55.2 (863464077)|CODE_UNIT_FINISHED|Workflow:Order
14:58:55.2 (868610562)|DML_END|[89]
14:58:55.2 (868647080)|STATEMENT_EXECUTE|[90]
14:58:55.2 (868715163)|HEAP_ALLOCATE|[90]|Bytes:11
14:58:55.2 (868743254)|USER_DEBUG|[90]|DEBUG|totalamnull
14:58:55.2 (868752698)|STATEMENT_EXECUTE|[91]
14:58:55.2 (868814256)|HEAP_ALLOCATE|[91]|Bytes:125
14:58:55.2 (868826220)|HEAP_ALLOCATE|[91]|Bytes:128
14:58:55.2 (868834314)|USER_DEBUG|[91]|DEBUG|odiOrderItem:{Quantity=10, UnitPrice=50, OrderId=80109000002wdCtAAI, PricebookEntryId=01u09000003Q0wqAAC, Id=80209000000oFD8AAM}
14:58:55.2 (868842603)|STATEMENT_EXECUTE|[92]
14:58:55.2 (868868382)|HEAP_ALLOCATE|[92]|Bytes:4
14:58:55.2 (869177280)|SOQL_EXECUTE_BEGIN|[92]|Aggregations:0|SELECT Id, TotalAmount, ShipmentCost__c FROM Order WHERE Id = :tmpVar1
14:58:55.2 (873745661)|SOQL_EXECUTE_END|[92]|Rows:1
14:58:55.2 (873784459)|HEAP_ALLOCATE|[92]|Bytes:8
14:58:55.2 (873828460)|HEAP_ALLOCATE|[92]|Bytes:135
14:58:55.2 (873882243)|HEAP_ALLOCATE|[92]|Bytes:8
14:58:55.2 (873924468)|HEAP_ALLOCATE|[92]|Bytes:16
14:58:55.2 (873954548)|METHOD_EXIT|[34]|01p0900000I3NqH|DataFactory.generateOrderItem(String, String, String, Integer, Integer, String, Integer)
14:58:55.2 (873976321)|HEAP_ALLOCATE|[EXTERNAL]|Bytes:4
14:58:55.2 (873987223)|HEAP_ALLOCATE|[33]|Bytes:4
14:58:55.2 (874003988)|VARIABLE_ASSIGNMENT|[33]|i|3
14:58:55.2 (874017882)|STATEMENT_EXECUTE|[33]
14:58:55.2 (874022635)|STATEMENT_EXECUTE|[34]
14:58:55.2 (874048702)|HEAP_ALLOCATE|[34]|Bytes:1
14:58:55.2 (874062668)|HEAP_ALLOCATE|[34]|Bytes:3
14:58:55.2 (874073761)|HEAP_ALLOCATE|[34]|Bytes:1
14:58:55.2 (874082780)|HEAP_ALLOCATE|[34]|Bytes:3
14:58:55.2 (874101980)|METHOD_ENTRY|[34]|01p0900000I3NqH|DataFactory.generateOrderItem(String, String, String, Integer, Integer, String, Integer)
14:58:55.2 (874111666)|VARIABLE_SCOPE_BEGIN|[58]|nameAccount|String|false|false
14:58:55.2 (874126822)|VARIABLE_ASSIGNMENT|[58]|nameAccount|"A"
14:58:55.2 (874133160)|VARIABLE_SCOPE_BEGIN|[58]|nameProduct|String|false|false
14:58:55.2 (874145704)|VARIABLE_ASSIGNMENT|[58]|nameProduct|"Po3"
14:58:55.2 (874151919)|VARIABLE_SCOPE_BEGIN|[58]|familyProduct|String|false|false
14:58:55.2 (874161423)|VARIABLE_ASSIGNMENT|[58]|familyProduct|"Fo3"
14:58:55.2 (874165463)|VARIABLE_SCOPE_BEGIN|[58]|ProductQuantity|Integer|false|false
14:58:55.2 (874173068)|VARIABLE_ASSIGNMENT|[58]|ProductQuantity|10
14:58:55.2 (874177296)|VARIABLE_SCOPE_BEGIN|[58]|ProductPrice|Integer|false|false
14:58:55.2 (874184866)|VARIABLE_ASSIGNMENT|[58]|ProductPrice|50
14:58:55.2 (874189001)|VARIABLE_SCOPE_BEGIN|[58]|statu|String|false|false
14:58:55.2 (874197238)|VARIABLE_ASSIGNMENT|[58]|statu|"Ordered"
14:58:55.2 (874201319)|VARIABLE_SCOPE_BEGIN|[58]|shipmentCost|Integer|false|false
14:58:55.2 (874208519)|VARIABLE_ASSIGNMENT|[58]|shipmentCost|10
14:58:55.2 (874247851)|HEAP_ALLOCATE|[61]|Bytes:5
14:58:55.2 (874252495)|STATEMENT_EXECUTE|[58]
14:58:55.2 (874255206)|STATEMENT_EXECUTE|[61]
14:58:55.2 (874267453)|USER_DEBUG|[61]|DEBUG|icistart
14:58:55.2 (874275061)|STATEMENT_EXECUTE|[63]
14:58:55.2 (874282356)|VARIABLE_SCOPE_BEGIN|[63]|acc|Account|true|false
14:58:55.2 (874292598)|VARIABLE_ASSIGNMENT|[63]|acc|null|
14:58:55.2 (874296892)|STATEMENT_EXECUTE|[64]
14:58:55.2 (874314473)|HEAP_ALLOCATE|[64]|Bytes:4
14:58:55.2 (874541467)|SOQL_EXECUTE_BEGIN|[64]|Aggregations:0|SELECT Id FROM Account WHERE Name = :tmpVar1
14:58:55.2 (879123065)|SOQL_EXECUTE_END|[64]|Rows:1
14:58:55.2 (879160911)|HEAP_ALLOCATE|[64]|Bytes:8
14:58:55.2 (879193875)|HEAP_ALLOCATE|[64]|Bytes:29
14:58:55.2 (879246984)|HEAP_ALLOCATE|[64]|Bytes:8
14:58:55.2 (879271876)|VARIABLE_SCOPE_BEGIN|[64]|accs|List<Account>|true|false
14:58:55.2 (879309787)|VARIABLE_ASSIGNMENT|[64]|accs|[{"Id":"0010900000XZgEpAAL"}]|0x6cb75597
14:58:55.2 (879346642)|STATEMENT_EXECUTE|[68]
14:58:55.2 (879351166)|STATEMENT_EXECUTE|[69]
14:58:55.2 (879363963)|HEAP_ALLOCATE|[69]|Bytes:8
14:58:55.2 (879379969)|VARIABLE_ASSIGNMENT|[69]|acc|{"Id":"0010900000XZgEpAAL"}|0x30e0038c
14:58:55.2 (879385809)|STATEMENT_EXECUTE|[73]
14:58:55.2 (879409012)|HEAP_ALLOCATE|[73]|Bytes:4
14:58:55.2 (879469068)|VARIABLE_ASSIGNMENT|[73]|this.Name|"Po3"|0x382033fa
14:58:55.2 (879490780)|VARIABLE_ASSIGNMENT|[73]|this.Family|"Fo3"|0x382033fa
14:58:55.2 (879510019)|VARIABLE_SCOPE_BEGIN|[73]|product|Product2|true|false
14:58:55.2 (879526178)|VARIABLE_ASSIGNMENT|[73]|product|{"Name":"Po3","Family":"Fo3"}|0x382033fa
14:58:55.2 (879531847)|STATEMENT_EXECUTE|[74]
14:58:55.2 (879548517)|HEAP_ALLOCATE|[74]|Bytes:8
14:58:55.2 (879569106)|DML_BEGIN|[74]|Op:Insert|Type:Product2|Rows:1
14:58:55.2 (879602309)|HEAP_ALLOCATE|[EXTERNAL]|Bytes:8
14:58:55.2 (892909546)|DML_END|[74]
14:58:55.2 (892946473)|STATEMENT_EXECUTE|[77]
14:58:55.2 (892978522)|HEAP_ALLOCATE|[77]|Bytes:4
14:58:55.2 (893020155)|METHOD_ENTRY|[78]||System.Test.getStandardPricebookId()
14:58:55.2 (893463157)|METHOD_EXIT|[78]||System.Test.getStandardPricebookId()
14:58:55.2 (893532917)|VARIABLE_ASSIGNMENT|[77]|this.Pricebook2Id|"01s09000005omFQAAY"|0x6077bd71
14:58:55.2 (893569751)|VARIABLE_ASSIGNMENT|[77]|this.Product2Id|"01t09000002WtKgAAK"|0x6077bd71
14:58:55.2 (893596895)|HEAP_ALLOCATE|[77]|Bytes:28
14:58:55.2 (893620974)|VARIABLE_ASSIGNMENT|[77]|this.UnitPrice|1020|0x6077bd71
14:58:55.2 (893642668)|VARIABLE_ASSIGNMENT|[77]|this.IsActive|true|0x6077bd71
14:58:55.2 (893668595)|VARIABLE_SCOPE_BEGIN|[77]|pbe|PricebookEntry|true|false
14:58:55.2 (893695776)|VARIABLE_ASSIGNMENT|[77]|pbe|{"Pricebook2Id":"01s09000005omFQAAY","Product2Id":"01t09000002WtKgAAK","UnitPrice":1020,"IsActive":true}|0x6077bd71
14:58:55.2 (893702247)|STATEMENT_EXECUTE|[83]
14:58:55.2 (893720743)|HEAP_ALLOCATE|[83]|Bytes:8
14:58:55.2 (893738577)|DML_BEGIN|[83]|Op:Insert|Type:PricebookEntry|Rows:1
14:58:55.2 (893773978)|HEAP_ALLOCATE|[EXTERNAL]|Bytes:8
14:58:55.2 (910136093)|DML_END|[83]
14:58:55.2 (910165998)|STATEMENT_EXECUTE|[85]
14:58:55.2 (910191098)|HEAP_ALLOCATE|[85]|Bytes:4
14:58:55.2 (910234441)|HEAP_ALLOCATE|[85]|Bytes:4
14:58:55.2 (910308281)|VARIABLE_ASSIGNMENT|[85]|this.EffectiveDate|"2021-07-12T00:00:00.000Z"|0x2058f805
14:58:55.2 (910334317)|VARIABLE_ASSIGNMENT|[85]|this.Status|"Ordered"|0x2058f805
14:58:55.2 (910349131)|METHOD_ENTRY|[85]||System.Test.getStandardPricebookId()
14:58:55.2 (910785079)|METHOD_EXIT|[85]||System.Test.getStandardPricebookId()
14:58:55.2 (910832379)|VARIABLE_ASSIGNMENT|[85]|this.Pricebook2Id|"01s09000005omFQAAY"|0x2058f805
14:58:55.2 (910867376)|VARIABLE_ASSIGNMENT|[85]|this.AccountId|"0010900000XZgEpAAL"|0x2058f805
14:58:55.2 (910889661)|HEAP_ALLOCATE|[85]|Bytes:28
14:58:55.2 (910895230)|HEAP_ALLOCATE|[85]|Bytes:28
14:58:55.2 (910924045)|VARIABLE_ASSIGNMENT|[85]|this.ShipmentCost__c|10|0x2058f805
14:58:55.2 (910944215)|VARIABLE_SCOPE_BEGIN|[85]|ord|Order|true|false
14:58:55.2 (910981866)|VARIABLE_ASSIGNMENT|[85]|ord|{"EffectiveDate":"2021-07-12T00:00:00.000Z","Status":"Ordered","Pricebook2Id":"01s09000005omFQAAY","AccountId":"0010900000XZgEpAAL","ShipmentCost__c":10}|0x2058f805
14:58:55.2 (910989120)|STATEMENT_EXECUTE|[86]
14:58:55.2 (911007553)|HEAP_ALLOCATE|[86]|Bytes:8
14:58:55.2 (911030352)|DML_BEGIN|[86]|Op:Insert|Type:Order|Rows:1
14:58:55.2 (911065679)|HEAP_ALLOCATE|[EXTERNAL]|Bytes:8
14:58:55.2 (930336008)|DML_END|[86]
14:58:55.2 (930364717)|STATEMENT_EXECUTE|[88]
14:58:55.2 (930387078)|HEAP_ALLOCATE|[88]|Bytes:4
14:58:55.2 (930422800)|HEAP_ALLOCATE|[88]|Bytes:28
14:58:55.2 (930427691)|HEAP_ALLOCATE|[88]|Bytes:28
14:58:55.2 (930474283)|VARIABLE_ASSIGNMENT|[88]|this.Quantity|10|0x79887f87
14:58:55.2 (930484247)|HEAP_ALLOCATE|[88]|Bytes:28
14:58:55.2 (930502154)|VARIABLE_ASSIGNMENT|[88]|this.UnitPrice|50|0x79887f87
14:58:55.2 (930551466)|VARIABLE_ASSIGNMENT|[88]|this.OrderId|"80109000002wdCuAAI"|0x79887f87
14:58:55.2 (930574669)|VARIABLE_ASSIGNMENT|[88]|this.PricebookEntryId|"01u09000003Q0wrAAC"|0x79887f87
14:58:55.2 (930592380)|VARIABLE_SCOPE_BEGIN|[88]|ordItem|OrderItem|true|false
14:58:55.2 (930618667)|VARIABLE_ASSIGNMENT|[88]|ordItem|{"Quantity":10,"UnitPrice":50,"OrderId":"80109000002wdCuAAI","PricebookEntryId":"01u09000003Q0wrAAC"}|0x79887f87
14:58:55.2 (930625118)|STATEMENT_EXECUTE|[89]
14:58:55.2 (930640366)|HEAP_ALLOCATE|[89]|Bytes:8
14:58:55.2 (930656819)|DML_BEGIN|[89]|Op:Insert|Type:OrderItem|Rows:1
14:58:55.2 (930691201)|HEAP_ALLOCATE|[EXTERNAL]|Bytes:8
14:58:55.2 (967703665)|CODE_UNIT_STARTED|[EXTERNAL]|Workflow:Order
14:58:55.2 (967750875)|CODE_UNIT_FINISHED|Workflow:Order
14:58:55.2 (973361265)|DML_END|[89]
14:58:55.2 (973396312)|STATEMENT_EXECUTE|[90]
14:58:55.2 (973462155)|HEAP_ALLOCATE|[90]|Bytes:11
14:58:55.2 (973490167)|USER_DEBUG|[90]|DEBUG|totalamnull
14:58:55.2 (973500237)|STATEMENT_EXECUTE|[91]
14:58:55.2 (973561322)|HEAP_ALLOCATE|[91]|Bytes:125
14:58:55.2 (973573714)|HEAP_ALLOCATE|[91]|Bytes:128
14:58:55.2 (973581890)|USER_DEBUG|[91]|DEBUG|odiOrderItem:{Quantity=10, UnitPrice=50, OrderId=80109000002wdCuAAI, PricebookEntryId=01u09000003Q0wrAAC, Id=80209000000oFD9AAM}
14:58:55.2 (973590665)|STATEMENT_EXECUTE|[92]
14:58:55.2 (973613924)|HEAP_ALLOCATE|[92]|Bytes:4
14:58:55.2 (973905961)|SOQL_EXECUTE_BEGIN|[92]|Aggregations:0|SELECT Id, TotalAmount, ShipmentCost__c FROM Order WHERE Id = :tmpVar1
14:58:55.2 (976575117)|SOQL_EXECUTE_END|[92]|Rows:1
14:58:55.2 (976609678)|HEAP_ALLOCATE|[92]|Bytes:8
14:58:55.2 (976647714)|HEAP_ALLOCATE|[92]|Bytes:135
14:58:55.2 (976696239)|HEAP_ALLOCATE|[92]|Bytes:8
14:58:55.2 (976732047)|HEAP_ALLOCATE|[92]|Bytes:16
14:58:55.2 (976759267)|METHOD_EXIT|[34]|01p0900000I3NqH|DataFactory.generateOrderItem(String, String, String, Integer, Integer, String, Integer)
14:58:55.2 (976781274)|HEAP_ALLOCATE|[EXTERNAL]|Bytes:4
14:58:55.2 (976790730)|HEAP_ALLOCATE|[33]|Bytes:4
14:58:55.2 (976807739)|VARIABLE_ASSIGNMENT|[33]|i|4
14:58:55.2 (976820863)|STATEMENT_EXECUTE|[33]
14:58:55.2 (976825084)|STATEMENT_EXECUTE|[34]
14:58:55.2 (976848649)|HEAP_ALLOCATE|[34]|Bytes:1
14:58:55.2 (976862203)|HEAP_ALLOCATE|[34]|Bytes:3
14:58:55.2 (976873160)|HEAP_ALLOCATE|[34]|Bytes:1
14:58:55.2 (976882777)|HEAP_ALLOCATE|[34]|Bytes:3
14:58:55.2 (976894351)|METHOD_ENTRY|[34]|01p0900000I3NqH|DataFactory.generateOrderItem(String, String, String, Integer, Integer, String, Integer)
14:58:55.2 (976903365)|VARIABLE_SCOPE_BEGIN|[58]|nameAccount|String|false|false
14:58:55.2 (976918746)|VARIABLE_ASSIGNMENT|[58]|nameAccount|"A"
14:58:55.2 (976923362)|VARIABLE_SCOPE_BEGIN|[58]|nameProduct|String|false|false
14:58:55.2 (976931933)|VARIABLE_ASSIGNMENT|[58]|nameProduct|"Po4"
14:58:55.2 (976936261)|VARIABLE_SCOPE_BEGIN|[58]|familyProduct|String|false|false
14:58:55.2 (976944562)|VARIABLE_ASSIGNMENT|[58]|familyProduct|"Fo4"
14:58:55.2 (976949093)|VARIABLE_SCOPE_BEGIN|[58]|ProductQuantity|Integer|false|false
14:58:55.2 (976956841)|VARIABLE_ASSIGNMENT|[58]|ProductQuantity|10
14:58:55.2 (976961306)|VARIABLE_SCOPE_BEGIN|[58]|ProductPrice|Integer|false|false
14:58:55.2 (976969236)|VARIABLE_ASSIGNMENT|[58]|ProductPrice|50
14:58:55.2 (976973732)|VARIABLE_SCOPE_BEGIN|[58]|statu|String|false|false
14:58:55.2 (976982118)|VARIABLE_ASSIGNMENT|[58]|statu|"Ordered"
14:58:55.2 (976986215)|VARIABLE_SCOPE_BEGIN|[58]|shipmentCost|Integer|false|false
14:58:55.2 (976993570)|VARIABLE_ASSIGNMENT|[58]|shipmentCost|10
14:58:55.2 (977029488)|HEAP_ALLOCATE|[61]|Bytes:5
14:58:55.2 (977034893)|STATEMENT_EXECUTE|[58]
14:58:55.2 (977037369)|STATEMENT_EXECUTE|[61]
14:58:55.2 (977047470)|USER_DEBUG|[61]|DEBUG|icistart
14:58:55.2 (977055979)|STATEMENT_EXECUTE|[63]
14:58:55.2 (977062217)|VARIABLE_SCOPE_BEGIN|[63]|acc|Account|true|false
14:58:55.2 (977072437)|VARIABLE_ASSIGNMENT|[63]|acc|null|
14:58:55.2 (977076821)|STATEMENT_EXECUTE|[64]
14:58:55.2 (977099586)|HEAP_ALLOCATE|[64]|Bytes:4
14:58:55.2 (977357869)|SOQL_EXECUTE_BEGIN|[64]|Aggregations:0|SELECT Id FROM Account WHERE Name = :tmpVar1
14:58:55.2 (982070568)|SOQL_EXECUTE_END|[64]|Rows:1
14:58:55.2 (982109996)|HEAP_ALLOCATE|[64]|Bytes:8
14:58:55.2 (982138618)|HEAP_ALLOCATE|[64]|Bytes:29
14:58:55.2 (982177955)|HEAP_ALLOCATE|[64]|Bytes:8
14:58:55.2 (982196174)|VARIABLE_SCOPE_BEGIN|[64]|accs|List<Account>|true|false
14:58:55.2 (982234400)|VARIABLE_ASSIGNMENT|[64]|accs|[{"Id":"0010900000XZgEpAAL"}]|0x5dd38364
14:58:55.2 (982261733)|STATEMENT_EXECUTE|[68]
14:58:55.2 (982265379)|STATEMENT_EXECUTE|[69]
14:58:55.2 (982275246)|HEAP_ALLOCATE|[69]|Bytes:8
14:58:55.2 (982290203)|VARIABLE_ASSIGNMENT|[69]|acc|{"Id":"0010900000XZgEpAAL"}|0x3546aafa
14:58:55.2 (982295943)|STATEMENT_EXECUTE|[73]
14:58:55.2 (982317811)|HEAP_ALLOCATE|[73]|Bytes:4
14:58:55.2 (982369033)|VARIABLE_ASSIGNMENT|[73]|this.Name|"Po4"|0x55d2a594
14:58:55.2 (982389337)|VARIABLE_ASSIGNMENT|[73]|this.Family|"Fo4"|0x55d2a594
14:58:55.2 (982404425)|VARIABLE_SCOPE_BEGIN|[73]|product|Product2|true|false
14:58:55.2 (982420497)|VARIABLE_ASSIGNMENT|[73]|product|{"Name":"Po4","Family":"Fo4"}|0x55d2a594
14:58:55.2 (982425975)|STATEMENT_EXECUTE|[74]
14:58:55.2 (982440599)|HEAP_ALLOCATE|[74]|Bytes:8
14:58:55.2 (982458416)|DML_BEGIN|[74]|Op:Insert|Type:Product2|Rows:1
14:58:55.2 (982490074)|HEAP_ALLOCATE|[EXTERNAL]|Bytes:8
14:58:55.2 (996178753)|DML_END|[74]
14:58:55.2 (996209199)|STATEMENT_EXECUTE|[77]
14:58:55.2 (996234929)|HEAP_ALLOCATE|[77]|Bytes:4
14:58:55.2 (996269105)|METHOD_ENTRY|[78]||System.Test.getStandardPricebookId()
14:58:55.2 (996691960)|METHOD_EXIT|[78]||System.Test.getStandardPricebookId()
14:58:55.2 (996758406)|VARIABLE_ASSIGNMENT|[77]|this.Pricebook2Id|"01s09000005omFQAAY"|0x1b125e87
14:58:55.2 (996790873)|VARIABLE_ASSIGNMENT|[77]|this.Product2Id|"01t09000002WtKhAAK"|0x1b125e87
14:58:55.2 (996811732)|HEAP_ALLOCATE|[77]|Bytes:28
14:58:55.2 (996836382)|VARIABLE_ASSIGNMENT|[77]|this.UnitPrice|1020|0x1b125e87
14:58:55.2 (996856049)|VARIABLE_ASSIGNMENT|[77]|this.IsActive|true|0x1b125e87
14:58:55.2 (996875641)|VARIABLE_SCOPE_BEGIN|[77]|pbe|PricebookEntry|true|false
14:58:55.2 (996908759)|VARIABLE_ASSIGNMENT|[77]|pbe|{"Pricebook2Id":"01s09000005omFQAAY","Product2Id":"01t09000002WtKhAAK","UnitPrice":1020,"IsActive":true}|0x1b125e87
14:58:55.2 (996915289)|STATEMENT_EXECUTE|[83]
14:58:55.2 (996932569)|HEAP_ALLOCATE|[83]|Bytes:8
14:58:55.2 (996950187)|DML_BEGIN|[83]|Op:Insert|Type:PricebookEntry|Rows:1
14:58:55.2 (996982865)|HEAP_ALLOCATE|[EXTERNAL]|Bytes:8
14:58:56.12 (1012413963)|DML_END|[83]
14:58:56.12 (1012448707)|STATEMENT_EXECUTE|[85]
14:58:56.12 (1012475937)|HEAP_ALLOCATE|[85]|Bytes:4
14:58:56.12 (1012528376)|HEAP_ALLOCATE|[85]|Bytes:4
14:58:56.12 (1012605520)|VARIABLE_ASSIGNMENT|[85]|this.EffectiveDate|"2021-07-12T00:00:00.000Z"|0x2e454b09
14:58:56.12 (1012630821)|VARIABLE_ASSIGNMENT|[85]|this.Status|"Ordered"|0x2e454b09
14:58:56.12 (1012647643)|METHOD_ENTRY|[85]||System.Test.getStandardPricebookId()
14:58:56.12 (1013062157)|METHOD_EXIT|[85]||System.Test.getStandardPricebookId()
14:58:56.12 (1013113997)|VARIABLE_ASSIGNMENT|[85]|this.Pricebook2Id|"01s09000005omFQAAY"|0x2e454b09
14:58:56.12 (1013148864)|VARIABLE_ASSIGNMENT|[85]|this.AccountId|"0010900000XZgEpAAL"|0x2e454b09
14:58:56.12 (1013172772)|HEAP_ALLOCATE|[85]|Bytes:28
14:58:56.12 (1013178334)|HEAP_ALLOCATE|[85]|Bytes:28
14:58:56.12 (1013205189)|VARIABLE_ASSIGNMENT|[85]|this.ShipmentCost__c|10|0x2e454b09
14:58:56.12 (1013225936)|VARIABLE_SCOPE_BEGIN|[85]|ord|Order|true|false
14:58:56.12 (1013261952)|VARIABLE_ASSIGNMENT|[85]|ord|{"EffectiveDate":"2021-07-12T00:00:00.000Z","Status":"Ordered","Pricebook2Id":"01s09000005omFQAAY","AccountId":"0010900000XZgEpAAL","ShipmentCost__c":10}|0x2e454b09
14:58:56.12 (1013269369)|STATEMENT_EXECUTE|[86]
14:58:56.12 (1013288020)|HEAP_ALLOCATE|[86]|Bytes:8
14:58:56.12 (1013306038)|DML_BEGIN|[86]|Op:Insert|Type:Order|Rows:1
14:58:56.12 (1013338071)|HEAP_ALLOCATE|[EXTERNAL]|Bytes:8
14:58:56.12 (1036689741)|DML_END|[86]
14:58:56.12 (1036726149)|STATEMENT_EXECUTE|[88]
14:58:56.12 (1036756600)|HEAP_ALLOCATE|[88]|Bytes:4
14:58:56.12 (1036808642)|HEAP_ALLOCATE|[88]|Bytes:28
14:58:56.12 (1036813953)|HEAP_ALLOCATE|[88]|Bytes:28
14:58:56.12 (1036872310)|VARIABLE_ASSIGNMENT|[88]|this.Quantity|10|0x79b7a8c0
14:58:56.12 (1036883519)|HEAP_ALLOCATE|[88]|Bytes:28
14:58:56.12 (1036903305)|VARIABLE_ASSIGNMENT|[88]|this.UnitPrice|50|0x79b7a8c0
14:58:56.12 (1036940407)|VARIABLE_ASSIGNMENT|[88]|this.OrderId|"80109000002wdCvAAI"|0x79b7a8c0
14:58:56.12 (1036965183)|VARIABLE_ASSIGNMENT|[88]|this.PricebookEntryId|"01u09000003Q0wsAAC"|0x79b7a8c0
14:58:56.12 (1036990632)|VARIABLE_SCOPE_BEGIN|[88]|ordItem|OrderItem|true|false
14:58:56.12 (1037017599)|VARIABLE_ASSIGNMENT|[88]|ordItem|{"Quantity":10,"UnitPrice":50,"OrderId":"80109000002wdCvAAI","PricebookEntryId":"01u09000003Q0wsAAC"}|0x79b7a8c0
14:58:56.12 (1037024499)|STATEMENT_EXECUTE|[89]
14:58:56.12 (1037048688)|HEAP_ALLOCATE|[89]|Bytes:8
14:58:56.12 (1037068434)|DML_BEGIN|[89]|Op:Insert|Type:OrderItem|Rows:1
14:58:56.12 (1037116647)|HEAP_ALLOCATE|[EXTERNAL]|Bytes:8
14:58:56.12 (1077594090)|CODE_UNIT_STARTED|[EXTERNAL]|Workflow:Order
14:58:56.12 (1077646971)|CODE_UNIT_FINISHED|Workflow:Order
14:58:56.12 (1083010602)|DML_END|[89]
14:58:56.12 (1083052036)|STATEMENT_EXECUTE|[90]
14:58:56.12 (1083148841)|HEAP_ALLOCATE|[90]|Bytes:11
14:58:56.12 (1083178004)|USER_DEBUG|[90]|DEBUG|totalamnull
14:58:56.12 (1083188281)|STATEMENT_EXECUTE|[91]
14:58:56.12 (1083253378)|HEAP_ALLOCATE|[91]|Bytes:125
14:58:56.12 (1083266338)|HEAP_ALLOCATE|[91]|Bytes:128
14:58:56.12 (1083274436)|USER_DEBUG|[91]|DEBUG|odiOrderItem:{Quantity=10, UnitPrice=50, OrderId=80109000002wdCvAAI, PricebookEntryId=01u09000003Q0wsAAC, Id=80209000000oFDAAA2}
14:58:56.12 (1083282965)|STATEMENT_EXECUTE|[92]
14:58:56.12 (1083310349)|HEAP_ALLOCATE|[92]|Bytes:4
14:58:56.12 (1083636678)|SOQL_EXECUTE_BEGIN|[92]|Aggregations:0|SELECT Id, TotalAmount, ShipmentCost__c FROM Order WHERE Id = :tmpVar1
14:58:56.12 (1086751181)|SOQL_EXECUTE_END|[92]|Rows:1
14:58:56.12 (1086784768)|HEAP_ALLOCATE|[92]|Bytes:8
14:58:56.12 (1086822862)|HEAP_ALLOCATE|[92]|Bytes:135
14:58:56.12 (1086873080)|HEAP_ALLOCATE|[92]|Bytes:8
14:58:56.12 (1086910742)|HEAP_ALLOCATE|[92]|Bytes:16
14:58:56.12 (1086938752)|METHOD_EXIT|[34]|01p0900000I3NqH|DataFactory.generateOrderItem(String, String, String, Integer, Integer, String, Integer)
14:58:56.12 (1086959269)|HEAP_ALLOCATE|[EXTERNAL]|Bytes:4
14:58:56.12 (1086969487)|HEAP_ALLOCATE|[33]|Bytes:4
14:58:56.12 (1086986438)|VARIABLE_ASSIGNMENT|[33]|i|5
14:58:56.12 (1086999972)|STATEMENT_EXECUTE|[33]
14:58:56.12 (1087003575)|STATEMENT_EXECUTE|[34]
14:58:56.12 (1087027483)|HEAP_ALLOCATE|[34]|Bytes:1
14:58:56.12 (1087040798)|HEAP_ALLOCATE|[34]|Bytes:3
14:58:56.12 (1087051157)|HEAP_ALLOCATE|[34]|Bytes:1
14:58:56.12 (1087060374)|HEAP_ALLOCATE|[34]|Bytes:3
14:58:56.12 (1087072454)|METHOD_ENTRY|[34]|01p0900000I3NqH|DataFactory.generateOrderItem(String, String, String, Integer, Integer, String, Integer)
14:58:56.12 (1087082321)|VARIABLE_SCOPE_BEGIN|[58]|nameAccount|String|false|false
14:58:56.12 (1087105058)|VARIABLE_ASSIGNMENT|[58]|nameAccount|"A"
14:58:56.12 (1087109963)|VARIABLE_SCOPE_BEGIN|[58]|nameProduct|String|false|false
14:58:56.12 (1087118818)|VARIABLE_ASSIGNMENT|[58]|nameProduct|"Po5"
14:58:56.12 (1087123201)|VARIABLE_SCOPE_BEGIN|[58]|familyProduct|String|false|false
14:58:56.12 (1087131053)|VARIABLE_ASSIGNMENT|[58]|familyProduct|"Fo5"
14:58:56.12 (1087135759)|VARIABLE_SCOPE_BEGIN|[58]|ProductQuantity|Integer|false|false
14:58:56.12 (1087143440)|VARIABLE_ASSIGNMENT|[58]|ProductQuantity|10
14:58:56.12 (1087147831)|VARIABLE_SCOPE_BEGIN|[58]|ProductPrice|Integer|false|false
14:58:56.12 (1087156099)|VARIABLE_ASSIGNMENT|[58]|ProductPrice|50
14:58:56.12 (1087160130)|VARIABLE_SCOPE_BEGIN|[58]|statu|String|false|false
14:58:56.12 (1087168247)|VARIABLE_ASSIGNMENT|[58]|statu|"Ordered"
14:58:56.12 (1087172142)|VARIABLE_SCOPE_BEGIN|[58]|shipmentCost|Integer|false|false
14:58:56.12 (1087179358)|VARIABLE_ASSIGNMENT|[58]|shipmentCost|10
14:58:56.12 (1087218709)|HEAP_ALLOCATE|[61]|Bytes:5
14:58:56.12 (1087223789)|STATEMENT_EXECUTE|[58]
14:58:56.12 (1087226239)|STATEMENT_EXECUTE|[61]
14:58:56.12 (1087237897)|USER_DEBUG|[61]|DEBUG|icistart
14:58:56.12 (1087245523)|STATEMENT_EXECUTE|[63]
14:58:56.12 (1087253745)|VARIABLE_SCOPE_BEGIN|[63]|acc|Account|true|false
14:58:56.12 (1087263691)|VARIABLE_ASSIGNMENT|[63]|acc|null|
14:58:56.12 (1087268084)|STATEMENT_EXECUTE|[64]
14:58:56.12 (1087283842)|HEAP_ALLOCATE|[64]|Bytes:4
14:58:56.12 (1087517215)|SOQL_EXECUTE_BEGIN|[64]|Aggregations:0|SELECT Id FROM Account WHERE Name = :tmpVar1
14:58:56.12 (1091474112)|SOQL_EXECUTE_END|[64]|Rows:1
14:58:56.12 (1091500119)|HEAP_ALLOCATE|[64]|Bytes:8
14:58:56.12 (1091545043)|HEAP_ALLOCATE|[64]|Bytes:29
14:58:56.12 (1091585231)|HEAP_ALLOCATE|[64]|Bytes:8
14:58:56.12 (1091603928)|VARIABLE_SCOPE_BEGIN|[64]|accs|List<Account>|true|false
14:58:56.12 (1091638455)|VARIABLE_ASSIGNMENT|[64]|accs|[{"Id":"0010900000XZgEpAAL"}]|0x7dcb8b67
14:58:56.12 (1091714468)|STATEMENT_EXECUTE|[68]
14:58:56.12 (1091718230)|STATEMENT_EXECUTE|[69]
14:58:56.12 (1091729809)|HEAP_ALLOCATE|[69]|Bytes:8
14:58:56.12 (1091746197)|VARIABLE_ASSIGNMENT|[69]|acc|{"Id":"0010900000XZgEpAAL"}|0x13a6ae8a
14:58:56.12 (1091752882)|STATEMENT_EXECUTE|[73]
14:58:56.12 (1091775844)|HEAP_ALLOCATE|[73]|Bytes:4
14:58:56.12 (1091833318)|VARIABLE_ASSIGNMENT|[73]|this.Name|"Po5"|0x61c9b4c3
14:58:56.12 (1091853885)|VARIABLE_ASSIGNMENT|[73]|this.Family|"Fo5"|0x61c9b4c3
14:58:56.12 (1091872775)|VARIABLE_SCOPE_BEGIN|[73]|product|Product2|true|false
14:58:56.12 (1091901709)|VARIABLE_ASSIGNMENT|[73]|product|{"Name":"Po5","Family":"Fo5"}|0x61c9b4c3
14:58:56.12 (1091907020)|STATEMENT_EXECUTE|[74]
14:58:56.12 (1091921940)|HEAP_ALLOCATE|[74]|Bytes:8
14:58:56.12 (1091940046)|DML_BEGIN|[74]|Op:Insert|Type:Product2|Rows:1
14:58:56.12 (1091971054)|HEAP_ALLOCATE|[EXTERNAL]|Bytes:8
14:58:56.12 (1105279531)|DML_END|[74]
14:58:56.12 (1105313145)|STATEMENT_EXECUTE|[77]
14:58:56.12 (1105340735)|HEAP_ALLOCATE|[77]|Bytes:4
14:58:56.12 (1105378656)|METHOD_ENTRY|[78]||System.Test.getStandardPricebookId()
14:58:56.12 (1105796320)|METHOD_EXIT|[78]||System.Test.getStandardPricebookId()
14:58:56.12 (1105862161)|VARIABLE_ASSIGNMENT|[77]|this.Pricebook2Id|"01s09000005omFQAAY"|0x8d36050
14:58:56.12 (1105899242)|VARIABLE_ASSIGNMENT|[77]|this.Product2Id|"01t09000002WtKiAAK"|0x8d36050
14:58:56.12 (1105925393)|HEAP_ALLOCATE|[77]|Bytes:28
14:58:56.12 (1105947804)|VARIABLE_ASSIGNMENT|[77]|this.UnitPrice|1020|0x8d36050
14:58:56.12 (1105968546)|VARIABLE_ASSIGNMENT|[77]|this.IsActive|true|0x8d36050
14:58:56.12 (1105993246)|VARIABLE_SCOPE_BEGIN|[77]|pbe|PricebookEntry|true|false
14:58:56.12 (1106017734)|VARIABLE_ASSIGNMENT|[77]|pbe|{"Pricebook2Id":"01s09000005omFQAAY","Product2Id":"01t09000002WtKiAAK","UnitPrice":1020,"IsActive":true}|0x8d36050
14:58:56.12 (1106025051)|STATEMENT_EXECUTE|[83]
14:58:56.12 (1106043223)|HEAP_ALLOCATE|[83]|Bytes:8
14:58:56.12 (1106060719)|DML_BEGIN|[83]|Op:Insert|Type:PricebookEntry|Rows:1
14:58:56.12 (1106101658)|HEAP_ALLOCATE|[EXTERNAL]|Bytes:8
14:58:56.12 (1121489960)|DML_END|[83]
14:58:56.12 (1121517435)|STATEMENT_EXECUTE|[85]
14:58:56.12 (1121543819)|HEAP_ALLOCATE|[85]|Bytes:4
14:58:56.12 (1121588697)|HEAP_ALLOCATE|[85]|Bytes:4
14:58:56.12 (1121663371)|VARIABLE_ASSIGNMENT|[85]|this.EffectiveDate|"2021-07-12T00:00:00.000Z"|0x3a3e9528
14:58:56.12 (1121689244)|VARIABLE_ASSIGNMENT|[85]|this.Status|"Ordered"|0x3a3e9528
14:58:56.12 (1121703664)|METHOD_ENTRY|[85]||System.Test.getStandardPricebookId()
14:58:56.12 (1122109706)|METHOD_EXIT|[85]||System.Test.getStandardPricebookId()
14:58:56.12 (1122161651)|VARIABLE_ASSIGNMENT|[85]|this.Pricebook2Id|"01s09000005omFQAAY"|0x3a3e9528
14:58:56.12 (1122196855)|VARIABLE_ASSIGNMENT|[85]|this.AccountId|"0010900000XZgEpAAL"|0x3a3e9528
14:58:56.12 (1122221587)|HEAP_ALLOCATE|[85]|Bytes:28
14:58:56.12 (1122226857)|HEAP_ALLOCATE|[85]|Bytes:28
14:58:56.12 (1122253826)|VARIABLE_ASSIGNMENT|[85]|this.ShipmentCost__c|10|0x3a3e9528
14:58:56.12 (1122274303)|VARIABLE_SCOPE_BEGIN|[85]|ord|Order|true|false
14:58:56.12 (1122307753)|VARIABLE_ASSIGNMENT|[85]|ord|{"EffectiveDate":"2021-07-12T00:00:00.000Z","Status":"Ordered","Pricebook2Id":"01s09000005omFQAAY","AccountId":"0010900000XZgEpAAL","ShipmentCost__c":10}|0x3a3e9528
14:58:56.12 (1122315052)|STATEMENT_EXECUTE|[86]
14:58:56.12 (1122334076)|HEAP_ALLOCATE|[86]|Bytes:8
14:58:56.12 (1122353863)|DML_BEGIN|[86]|Op:Insert|Type:Order|Rows:1
14:58:56.12 (1122391681)|HEAP_ALLOCATE|[EXTERNAL]|Bytes:8
14:58:56.12 (1141804697)|DML_END|[86]
14:58:56.12 (1141836742)|STATEMENT_EXECUTE|[88]
14:58:56.12 (1141863048)|HEAP_ALLOCATE|[88]|Bytes:4
14:58:56.12 (1141911776)|HEAP_ALLOCATE|[88]|Bytes:28
14:58:56.12 (1141916808)|HEAP_ALLOCATE|[88]|Bytes:28
14:58:56.12 (1141968392)|VARIABLE_ASSIGNMENT|[88]|this.Quantity|10|0x4094714f
14:58:56.12 (1141979118)|HEAP_ALLOCATE|[88]|Bytes:28
14:58:56.12 (1141998819)|VARIABLE_ASSIGNMENT|[88]|this.UnitPrice|50|0x4094714f
14:58:56.12 (1142035705)|VARIABLE_ASSIGNMENT|[88]|this.OrderId|"80109000002wdCwAAI"|0x4094714f
14:58:56.12 (1142061092)|VARIABLE_ASSIGNMENT|[88]|this.PricebookEntryId|"01u09000003Q0wtAAC"|0x4094714f
14:58:56.12 (1142084935)|VARIABLE_SCOPE_BEGIN|[88]|ordItem|OrderItem|true|false
14:58:56.12 (1142121408)|VARIABLE_ASSIGNMENT|[88]|ordItem|{"Quantity":10,"UnitPrice":50,"OrderId":"80109000002wdCwAAI","PricebookEntryId":"01u09000003Q0wtAAC"}|0x4094714f
14:58:56.12 (1142128218)|STATEMENT_EXECUTE|[89]
14:58:56.12 (1142145726)|HEAP_ALLOCATE|[89]|Bytes:8
14:58:56.12 (1142162605)|DML_BEGIN|[89]|Op:Insert|Type:OrderItem|Rows:1
14:58:56.12 (1142200554)|HEAP_ALLOCATE|[EXTERNAL]|Bytes:8
14:58:56.12 (1177701026)|CODE_UNIT_STARTED|[EXTERNAL]|Workflow:Order
14:58:56.12 (1177747800)|CODE_UNIT_FINISHED|Workflow:Order
14:58:56.12 (1183841915)|DML_END|[89]
14:58:56.12 (1183871217)|STATEMENT_EXECUTE|[90]
14:58:56.12 (1183925855)|HEAP_ALLOCATE|[90]|Bytes:11
14:58:56.12 (1183948257)|USER_DEBUG|[90]|DEBUG|totalamnull
14:58:56.12 (1183957667)|STATEMENT_EXECUTE|[91]
14:58:56.12 (1184016642)|HEAP_ALLOCATE|[91]|Bytes:125
14:58:56.12 (1184029581)|HEAP_ALLOCATE|[91]|Bytes:128
14:58:56.12 (1184037401)|USER_DEBUG|[91]|DEBUG|odiOrderItem:{Quantity=10, UnitPrice=50, OrderId=80109000002wdCwAAI, PricebookEntryId=01u09000003Q0wtAAC, Id=80209000000oFDBAA2}
14:58:56.12 (1184045644)|STATEMENT_EXECUTE|[92]
14:58:56.12 (1184064443)|HEAP_ALLOCATE|[92]|Bytes:4
14:58:56.12 (1184313243)|SOQL_EXECUTE_BEGIN|[92]|Aggregations:0|SELECT Id, TotalAmount, ShipmentCost__c FROM Order WHERE Id = :tmpVar1
14:58:56.12 (1187020632)|SOQL_EXECUTE_END|[92]|Rows:1
14:58:56.12 (1187051667)|HEAP_ALLOCATE|[92]|Bytes:8
14:58:56.12 (1187085072)|HEAP_ALLOCATE|[92]|Bytes:135
14:58:56.12 (1187139498)|HEAP_ALLOCATE|[92]|Bytes:8
14:58:56.12 (1187174064)|HEAP_ALLOCATE|[92]|Bytes:16
14:58:56.12 (1187215167)|METHOD_EXIT|[34]|01p0900000I3NqH|DataFactory.generateOrderItem(String, String, String, Integer, Integer, String, Integer)
14:58:56.12 (1187234201)|HEAP_ALLOCATE|[EXTERNAL]|Bytes:4
14:58:56.12 (1187244076)|HEAP_ALLOCATE|[33]|Bytes:4
14:58:56.12 (1187259243)|VARIABLE_ASSIGNMENT|[33]|i|6
14:58:56.12 (1187271156)|STATEMENT_EXECUTE|[36]
14:58:56.12 (1187292397)|METHOD_ENTRY|[36]||System.Test.startTest()
14:58:56.12 (1189555944)|METHOD_EXIT|[36]||System.Test.startTest()
14:58:56.12 (1189567311)|STATEMENT_EXECUTE|[37]
14:58:56.12 (1189588433)|HEAP_ALLOCATE|[37]|Bytes:28
14:58:56.12 (1189609210)|HEAP_ALLOCATE|[37]|Bytes:16
14:58:56.12 (1189734244)|VARIABLE_ASSIGNMENT|[37]|this.ShipmentCost__c|100|0x56d818f6
14:58:56.12 (1189742103)|STATEMENT_EXECUTE|[38]
14:58:56.12 (1189750671)|HEAP_ALLOCATE|[38]|Bytes:16
14:58:56.12 (1189800237)|HEAP_ALLOCATE|[38]|Bytes:8
14:58:56.12 (1189818341)|DML_BEGIN|[38]|Op:Update|Type:Order|Rows:1
14:58:56.12 (1189850212)|HEAP_ALLOCATE|[EXTERNAL]|Bytes:8
14:58:56.12 (1197998418)|CODE_UNIT_STARTED|[EXTERNAL]|01q09000000tc93|OrderAmount on Order trigger event BeforeUpdate|__sfdc_trigger/OrderAmount
14:58:56.12 (1198050348)|HEAP_ALLOCATE|[EXTERNAL]|Bytes:8
14:58:56.12 (1198119175)|HEAP_ALLOCATE|[EXTERNAL]|Bytes:8
14:58:56.12 (1198246357)|HEAP_ALLOCATE|[EXTERNAL]|Bytes:11
14:58:56.12 (1198267896)|HEAP_ALLOCATE|[EXTERNAL]|Bytes:4
14:58:56.12 (1198281009)|VARIABLE_SCOPE_BEGIN|[1]|this|OrderAmount|true|false
14:58:56.12 (1198326270)|VARIABLE_ASSIGNMENT|[1]|this|{}|0x4fe7efd2
14:58:56.12 (1198369871)|HEAP_ALLOCATE|[EXTERNAL]|Bytes:4
14:58:56.12 (1198518659)|VARIABLE_SCOPE_BEGIN|[1]|this|OrderAmount|true|false
14:58:56.12 (1198536027)|VARIABLE_ASSIGNMENT|[1]|this|{}|0x4fe7efd2
14:58:56.12 (1198543353)|STATEMENT_EXECUTE|[1]
14:58:56.12 (1198562300)|STATEMENT_EXECUTE|[9]
14:58:56.12 (1198568520)|STATEMENT_EXECUTE|[10]
14:58:56.12 (1198754598)|HEAP_ALLOCATE|[11]|Bytes:5
14:58:56.12 (1198782364)|HEAP_ALLOCATE|[11]|Bytes:4
14:58:56.12 (1198792482)|VARIABLE_SCOPE_BEGIN|[11]|a|Order|true|false
14:58:56.12 (1199633568)|VARIABLE_ASSIGNMENT|[11]|a|{"Status":"Ordered","LastModifiedDate":"2021-07-12T12:58:55.000Z","IsDeleted":false,"AccountId":"0010900000XZgEpAAL","OrderNumber":"00100101","TotalAmount":500.00,"StatusCode":"Draft","IsReductionOrder":false,"SystemModstamp":"2021-07-12T12:58:55.000Z","ShipmentCost__c":100.00,"OwnerId":"00509000003XTOGAA4","CreatedById":"00509000003XTOGAA4","CreatedDate":"2021-07-12T12:58:55.000Z","Pricebook2Id":"01s09000005omFQAAY","Id":"80109000002wdCrAAI","LastModifiedById":"00509000003XTOGAA4","EffectiveDate":"2021-07-12T00:00:00.000Z"}|0x760e3e2f
14:58:56.12 (1199651257)|STATEMENT_EXECUTE|[11]
14:58:56.12 (1199687994)|HEAP_ALLOCATE|[12]|Bytes:28
14:58:56.12 (1199693515)|HEAP_ALLOCATE|[12]|Bytes:28
14:58:56.12 (1199764200)|STATEMENT_EXECUTE|[12]
14:58:56.12 (1199766367)|STATEMENT_EXECUTE|[13]
14:58:56.12 (1199822436)|HEAP_ALLOCATE|[13]|Bytes:28
14:58:56.12 (1200239892)|VARIABLE_ASSIGNMENT|[13]|this.NetAmount__c|400.00|0x760e3e2f
14:58:56.12 (1200254245)|STATEMENT_EXECUTE|[14]
14:58:56.12 (1200260751)|HEAP_ALLOCATE|[14]|Bytes:3
14:58:56.12 (1200285792)|HEAP_ALLOCATE|[14]|Bytes:28
14:58:56.12 (1200326548)|HEAP_ALLOCATE|[14]|Bytes:6
14:58:56.12 (1200341185)|HEAP_ALLOCATE|[14]|Bytes:9
14:58:56.12 (1200356336)|USER_DEBUG|[14]|DEBUG|ici400.00
14:58:56.12 (1200375729)|HEAP_ALLOCATE|[11]|Bytes:5
14:58:56.12 (1200391908)|VARIABLE_ASSIGNMENT|[11]|a|null|
14:58:56.200 (1200414576)|CUMULATIVE_LIMIT_USAGE
14:58:56.200 (1200414576)|LIMIT_USAGE_FOR_NS|(default)|
  Number of SOQL queries: 12 out of 100
  Number of query rows: 11 out of 50000
  Number of SOSL queries: 0 out of 20
  Number of DML statements: 25 out of 150
  Number of Publish Immediate DML: 0 out of 150
  Number of DML rows: 25 out of 10000
  Maximum CPU time: 244 out of 10000
  Maximum heap size: 0 out of 6000000
  Number of callouts: 0 out of 100
  Number of Email Invocations: 0 out of 10
  Number of future calls: 0 out of 50
  Number of queueable jobs added to the queue: 0 out of 50
  Number of Mobile Apex push calls: 0 out of 10

14:58:56.200 (1200414576)|TESTING_LIMITS
14:58:56.200 (1200414576)|LIMIT_USAGE_FOR_NS|(default)|
  Number of SOQL queries: 0 out of 100
  Number of query rows: 0 out of 50000
  Number of SOSL queries: 0 out of 20
  Number of DML statements: 1 out of 150
  Number of Publish Immediate DML: 0 out of 150
  Number of DML rows: 1 out of 10000
  Maximum CPU time: 0 out of 10000
  Maximum heap size: 0 out of 6000000
  Number of callouts: 0 out of 100
  Number of Email Invocations: 0 out of 10
  Number of future calls: 0 out of 50
  Number of queueable jobs added to the queue: 0 out of 50
  Number of Mobile Apex push calls: 0 out of 10

14:58:56.200 (1200414576)|CUMULATIVE_LIMIT_USAGE_END

14:58:56.12 (1201593950)|CODE_UNIT_FINISHED|OrderAmount on Order trigger event BeforeUpdate|__sfdc_trigger/OrderAmount
14:58:56.12 (1220851089)|CODE_UNIT_STARTED|[EXTERNAL]|01q09000000tc93|OrderAmount on Order trigger event AfterUpdate|__sfdc_trigger/OrderAmount
14:58:56.12 (1220901784)|HEAP_ALLOCATE|[EXTERNAL]|Bytes:8
14:58:56.12 (1220948788)|HEAP_ALLOCATE|[EXTERNAL]|Bytes:8
14:58:56.12 (1221020859)|HEAP_ALLOCATE|[EXTERNAL]|Bytes:4
14:58:56.12 (1221032179)|VARIABLE_SCOPE_BEGIN|[1]|this|OrderAmount|true|false
14:58:56.12 (1221063707)|VARIABLE_ASSIGNMENT|[1]|this|{}|0x3d77dfeb
14:58:56.12 (1221100185)|HEAP_ALLOCATE|[EXTERNAL]|Bytes:4
14:58:56.12 (1221107962)|VARIABLE_SCOPE_BEGIN|[1]|this|OrderAmount|true|false
14:58:56.12 (1221120278)|VARIABLE_ASSIGNMENT|[1]|this|{}|0x3d77dfeb
14:58:56.12 (1221127379)|STATEMENT_EXECUTE|[1]
14:58:56.12 (1221139623)|STATEMENT_EXECUTE|[9]
14:58:56.12 (1221144140)|STATEMENT_EXECUTE|[28]
14:58:56.12 (1221146163)|STATEMENT_EXECUTE|[31]
14:58:56.12 (1226291115)|HEAP_ALLOCATE|[31]|Bytes:151
14:58:56.12 (1226336879)|HEAP_ALLOCATE|[31]|Bytes:243
14:58:56.12 (1226380903)|METHOD_ENTRY|[54]|01p0900000I3AXF|fflib_SObjectUnitOfWork.fflib_SObjectUnitOfWork()
14:58:56.12 (1226387620)|STATEMENT_EXECUTE|[54]
14:58:56.12 (1226393565)|STATEMENT_EXECUTE|[54]
14:58:56.12 (1226397140)|STATEMENT_EXECUTE|[96]
14:58:56.12 (1226398850)|STATEMENT_EXECUTE|[778]
14:58:56.12 (1226401031)|STATEMENT_EXECUTE|[853]
14:58:56.12 (1226402814)|STATEMENT_EXECUTE|[870]
14:58:56.12 (1226404415)|STATEMENT_EXECUTE|[882]
14:58:56.12 (1226405967)|STATEMENT_EXECUTE|[896]
14:58:56.12 (1226407947)|STATEMENT_EXECUTE|[906]
14:58:56.12 (1226421653)|METHOD_EXIT|[54]|fflib_SObjectUnitOfWork
14:58:56.12 (1229390456)|HEAP_ALLOCATE|[31]|Bytes:52
14:58:56.12 (1229412123)|HEAP_ALLOCATE|[32]|Bytes:4
14:58:56.12 (1229460435)|HEAP_ALLOCATE|[33]|Bytes:7
14:58:56.12 (1229659554)|CONSTRUCTOR_ENTRY|[31]|01p0900000I3AXF|<init>(List<Schema.SObjectType>)|fflib_SObjectUnitOfWork
14:58:56.12 (1229690375)|VARIABLE_SCOPE_BEGIN|[129]|this|fflib_SObjectUnitOfWork|true|false
14:58:56.12 (1229773672)|VARIABLE_ASSIGNMENT|[129]|this|{}|0x5d31fa09
14:58:56.12 (1229781837)|VARIABLE_SCOPE_BEGIN|[129]|sObjectTypes|List<Schema.SObjectType>|true|false
14:58:56.12 (1229826197)|HEAP_ALLOCATE|[EXTERNAL]|Bytes:8
14:58:56.12 (1230145734)|VARIABLE_ASSIGNMENT|[129]|sObjectTypes|"common.apex.runtime.impl.ScalarList@4163ef0a"|0x2a2942f0
14:58:56.12 (1230159542)|STATEMENT_EXECUTE|[131]
14:58:56.12 (1230988996)|HEAP_ALLOCATE|[131]|Bytes:18
14:58:56.12 (1231009833)|HEAP_ALLOCATE|[131]|Bytes:4
14:58:56.12 (1231030700)|CONSTRUCTOR_ENTRY|[131]|01p0900000I3AXF|<init>()|fflib_SObjectUnitOfWork.SimpleDML
14:58:56.12 (1231210902)|VARIABLE_SCOPE_BEGIN|[96]|this|fflib_SObjectUnitOfWork.SimpleDML|true|false
14:58:56.12 (1231241193)|VARIABLE_ASSIGNMENT|[96]|this|{}|0x5b5d3e36
14:58:56.12 (1231251354)|HEAP_ALLOCATE|[EXTERNAL]|Bytes:6
14:58:56.12 (1231293021)|STATEMENT_EXECUTE|[96]
14:58:56.12 (1231362366)|CONSTRUCTOR_EXIT|[131]|01p0900000I3AXF|<init>()|fflib_SObjectUnitOfWork.SimpleDML
14:58:56.12 (1231383996)|CONSTRUCTOR_ENTRY|[131]|01p0900000I3AXF|<init>(List<Schema.SObjectType>,fflib_SObjectUnitOfWork.IDML)|fflib_SObjectUnitOfWork
14:58:56.12 (1231394284)|VARIABLE_SCOPE_BEGIN|[134]|this|fflib_SObjectUnitOfWork|true|false
14:58:56.12 (1231416589)|VARIABLE_ASSIGNMENT|[134]|this|{}|0x5d31fa09
14:58:56.12 (1231423137)|VARIABLE_SCOPE_BEGIN|[134]|sObjectTypes|List<Schema.SObjectType>|true|false
14:58:56.12 (1231508456)|VARIABLE_ASSIGNMENT|[134]|sObjectTypes|"common.apex.runtime.impl.ScalarList@4163ef0a"|0x2a2942f0
14:58:56.12 (1231515284)|VARIABLE_SCOPE_BEGIN|[134]|dml|fflib_SObjectUnitOfWork.IDML|true|false
14:58:56.12 (1231528779)|VARIABLE_ASSIGNMENT|[134]|dml|{}|0x5b5d3e36
14:58:56.12 (1231535214)|STATEMENT_EXECUTE|[54]
14:58:56.12 (1231537622)|STATEMENT_EXECUTE|[57]
14:58:56.12 (1231549212)|HEAP_ALLOCATE|[57]|Bytes:4
14:58:56.12 (1231597406)|HEAP_ALLOCATE|[EXTERNAL]|Bytes:4
14:58:56.12 (1231614573)|VARIABLE_ASSIGNMENT|[57]|this.m_sObjectTypes|[]|0x5d31fa09
14:58:56.12 (1231619640)|STATEMENT_EXECUTE|[59]
14:58:56.12 (1231634567)|HEAP_ALLOCATE|[59]|Bytes:4
14:58:56.12 (1231653697)|VARIABLE_ASSIGNMENT|[59]|this.m_newListByType|{}|0x5d31fa09
14:58:56.12 (1231658268)|STATEMENT_EXECUTE|[61]
14:58:56.12 (1231670782)|HEAP_ALLOCATE|[61]|Bytes:4
14:58:56.12 (1231682283)|VARIABLE_ASSIGNMENT|[61]|this.m_dirtyMapByType|{}|0x5d31fa09
14:58:56.12 (1231686994)|STATEMENT_EXECUTE|[63]
14:58:56.12 (1231696403)|HEAP_ALLOCATE|[63]|Bytes:4
14:58:56.12 (1231703466)|VARIABLE_ASSIGNMENT|[63]|this.m_deletedMapByType|{}|0x5d31fa09
14:58:56.12 (1231707825)|STATEMENT_EXECUTE|[64]
14:58:56.12 (1231716625)|HEAP_ALLOCATE|[64]|Bytes:4
14:58:56.12 (1231723314)|VARIABLE_ASSIGNMENT|[64]|this.m_emptyRecycleBinMapByType|{}|0x5d31fa09
14:58:56.12 (1231727934)|STATEMENT_EXECUTE|[66]
14:58:56.12 (1231735110)|HEAP_ALLOCATE|[66]|Bytes:4
14:58:56.12 (1231760644)|VARIABLE_ASSIGNMENT|[66]|this.m_relationships|{}|0x5d31fa09
14:58:56.12 (1231765550)|STATEMENT_EXECUTE|[68]
14:58:56.12 (1231773337)|HEAP_ALLOCATE|[68]|Bytes:4
14:58:56.12 (1231780447)|VARIABLE_ASSIGNMENT|[68]|this.m_publishBeforeListByType|{}|0x5d31fa09
14:58:56.12 (1231785043)|STATEMENT_EXECUTE|[69]
14:58:56.12 (1231792430)|HEAP_ALLOCATE|[69]|Bytes:4
14:58:56.12 (1231799456)|VARIABLE_ASSIGNMENT|[69]|this.m_publishAfterSuccessListByType|{}|0x5d31fa09
14:58:56.12 (1231804170)|STATEMENT_EXECUTE|[70]
14:58:56.12 (1231811346)|HEAP_ALLOCATE|[70]|Bytes:4
14:58:56.12 (1231818109)|VARIABLE_ASSIGNMENT|[70]|this.m_publishAfterFailureListByType|{}|0x5d31fa09
14:58:56.12 (1231822471)|STATEMENT_EXECUTE|[72]
14:58:56.12 (1231828608)|HEAP_ALLOCATE|[72]|Bytes:4
14:58:56.12 (1231877822)|HEAP_ALLOCATE|[EXTERNAL]|Bytes:4
14:58:56.12 (1231884507)|VARIABLE_ASSIGNMENT|[72]|this.m_workList|[]|0x5d31fa09
14:58:56.12 (1231889051)|STATEMENT_EXECUTE|[75]
14:58:56.12 (1232601199)|HEAP_ALLOCATE|[75]|Bytes:11
14:58:56.12 (1232658503)|HEAP_ALLOCATE|[75]|Bytes:8
14:58:56.12 (1232680901)|CONSTRUCTOR_ENTRY|[75]|01p0900000I3AXF|<init>()|fflib_SObjectUnitOfWork.SendEmailWork
14:58:56.12 (1232706068)|VARIABLE_SCOPE_BEGIN|[910]|this|fflib_SObjectUnitOfWork.SendEmailWork|true|false
14:58:56.12 (1232734210)|VARIABLE_ASSIGNMENT|[910]|this|{}|0x6f803126
14:58:56.12 (1232741780)|STATEMENT_EXECUTE|[906]
14:58:56.12 (1232744894)|STATEMENT_EXECUTE|[908]
14:58:56.12 (1232760767)|STATEMENT_EXECUTE|[911]
14:58:56.12 (1232762664)|STATEMENT_EXECUTE|[912]
14:58:56.12 (1232771929)|HEAP_ALLOCATE|[912]|Bytes:4
14:58:56.12 (1232848759)|HEAP_ALLOCATE|[EXTERNAL]|Bytes:4
14:58:56.12 (1232859649)|VARIABLE_ASSIGNMENT|[912]|this.emails|[]|0x6f803126
14:58:56.12 (1232868128)|CONSTRUCTOR_EXIT|[75]|01p0900000I3AXF|<init>()|fflib_SObjectUnitOfWork.SendEmailWork
14:58:56.12 (1232889356)|VARIABLE_ASSIGNMENT|[75]|this.m_emailWork|0x6f803126|0x5d31fa09
14:58:56.12 (1232894987)|STATEMENT_EXECUTE|[77]
14:58:56.12 (1232905990)|STATEMENT_EXECUTE|[135]
14:58:56.12 (1232907828)|STATEMENT_EXECUTE|[136]
14:58:56.12 (1232954933)|HEAP_ALLOCATE|[EXTERNAL]|Bytes:8
14:58:56.12 (1233065924)|VARIABLE_ASSIGNMENT|[136]|this.m_sObjectTypes|"common.apex.runtime.impl.ScalarList@4163ef0a"|0x5d31fa09
14:58:56.12 (1233129117)|HEAP_ALLOCATE|[138]|Bytes:5
14:58:56.12 (1233151997)|VARIABLE_SCOPE_BEGIN|[138]|sObjectType|Schema.SObjectType|true|false
14:58:56.12 (1233219005)|VARIABLE_ASSIGNMENT|[138]|sObjectType|"common.apex.runtime.impl.ApexSObjectTypeToken@4163eeeb"|0x4163eeeb
14:58:56.12 (1233225446)|STATEMENT_EXECUTE|[139]
14:58:56.12 (1233227842)|STATEMENT_EXECUTE|[141]
14:58:56.12 (1233301404)|METHOD_ENTRY|[141]|01p0900000I3AXF|fflib_SObjectUnitOfWork.handleRegisterType(Schema.SObjectType)
14:58:56.12 (1233324204)|VARIABLE_SCOPE_BEGIN|[177]|this|fflib_SObjectUnitOfWork|true|false
14:58:56.12 (1233377041)|VARIABLE_ASSIGNMENT|[177]|this|{"m_deletedMapByType":"0x7a2625ed","m_dirtyMapByType":"0x1441228e","m_emailWork":"0x6f803126","m_emptyRecycleBinMapByType":"0x3556be98","m_newListByType":"0x1ea8cad0","m_publishAfterFailureListByType":"0x55ea8da5","m_publishAfterSuccessListByType":"0x48a280c4","m_publishBeforeListByType":"0x48805536","m_relationships":"0x1026f8bc","m_sObjectTypes":"0x11a0c8b8","m_workList":"0x4d58dee8"}|0x5d31fa09
14:58:56.12 (1233386233)|VARIABLE_SCOPE_BEGIN|[177]|sObjectType|Schema.SObjectType|true|false
14:58:56.12 (1233460656)|VARIABLE_ASSIGNMENT|[177]|sObjectType|"common.apex.runtime.impl.ApexSObjectTypeToken@4163eeeb"|0x4163eeeb
14:58:56.12 (1233478051)|STATEMENT_EXECUTE|[178]
14:58:56.12 (1233480357)|STATEMENT_EXECUTE|[179]
14:58:56.12 (1235908017)|HEAP_ALLOCATE|[179]|Bytes:4
14:58:56.12 (1235946761)|HEAP_ALLOCATE|[179]|Bytes:7
14:58:56.12 (1235954409)|VARIABLE_SCOPE_BEGIN|[179]|sObjectName|String|false|false
14:58:56.12 (1235968777)|VARIABLE_ASSIGNMENT|[179]|sObjectName|"Account"
14:58:56.12 (1235974690)|STATEMENT_EXECUTE|[182]
14:58:56.12 (1236009005)|HEAP_ALLOCATE|[182]|Bytes:4
14:58:56.12 (1236051320)|HEAP_ALLOCATE|[EXTERNAL]|Bytes:4
14:58:56.12 (1236057265)|HEAP_ALLOCATE|[EXTERNAL]|Bytes:-4
14:58:56.12 (1236064765)|STATEMENT_EXECUTE|[183]
14:58:56.12 (1236079525)|HEAP_ALLOCATE|[183]|Bytes:4
14:58:56.12 (1236129938)|HEAP_ALLOCATE|[EXTERNAL]|Bytes:-4
14:58:56.12 (1236137605)|STATEMENT_EXECUTE|[184]
14:58:56.12 (1236146663)|HEAP_ALLOCATE|[184]|Bytes:4
14:58:56.12 (1236166967)|HEAP_ALLOCATE|[EXTERNAL]|Bytes:-4
14:58:56.12 (1236173465)|STATEMENT_EXECUTE|[185]
14:58:56.12 (1236180833)|HEAP_ALLOCATE|[185]|Bytes:4
14:58:56.12 (1236199157)|HEAP_ALLOCATE|[EXTERNAL]|Bytes:-4
14:58:56.12 (1236205423)|STATEMENT_EXECUTE|[186]
14:58:56.12 (1236229808)|HEAP_ALLOCATE|[186]|Bytes:15
14:58:56.12 (1237001666)|HEAP_ALLOCATE|[186]|Bytes:8
14:58:56.12 (1237025152)|CONSTRUCTOR_ENTRY|[186]|01p0900000I3AXF|<init>()|fflib_SObjectUnitOfWork.Relationships
14:58:56.12 (1237056726)|VARIABLE_SCOPE_BEGIN|[778]|this|fflib_SObjectUnitOfWork.Relationships|true|false
14:58:56.12 (1237087334)|VARIABLE_ASSIGNMENT|[778]|this|{}|0x772f1ddf
14:58:56.12 (1237118544)|STATEMENT_EXECUTE|[778]
14:58:56.12 (1237121738)|STATEMENT_EXECUTE|[780]
14:58:56.12 (1237132783)|HEAP_ALLOCATE|[780]|Bytes:4
14:58:56.12 (1237212638)|HEAP_ALLOCATE|[EXTERNAL]|Bytes:4
14:58:56.12 (1237224262)|VARIABLE_ASSIGNMENT|[780]|this.m_relationships|[]|0x772f1ddf
14:58:56.12 (1237232499)|CONSTRUCTOR_EXIT|[186]|01p0900000I3AXF|<init>()|fflib_SObjectUnitOfWork.Relationships
14:58:56.12 (1237252568)|HEAP_ALLOCATE|[EXTERNAL]|Bytes:-4
14:58:56.12 (1237260260)|STATEMENT_EXECUTE|[188]
14:58:56.12 (1237271031)|HEAP_ALLOCATE|[188]|Bytes:4
14:58:56.12 (1237292483)|HEAP_ALLOCATE|[EXTERNAL]|Bytes:4
14:58:56.12 (1237296403)|HEAP_ALLOCATE|[EXTERNAL]|Bytes:-4
14:58:56.12 (1237302624)|STATEMENT_EXECUTE|[189]
14:58:56.12 (1237309296)|HEAP_ALLOCATE|[189]|Bytes:4
14:58:56.12 (1237324601)|HEAP_ALLOCATE|[EXTERNAL]|Bytes:4
14:58:56.12 (1237328178)|HEAP_ALLOCATE|[EXTERNAL]|Bytes:-4
14:58:56.12 (1237334342)|STATEMENT_EXECUTE|[190]
14:58:56.12 (1237340268)|HEAP_ALLOCATE|[190]|Bytes:4
14:58:56.12 (1237354458)|HEAP_ALLOCATE|[EXTERNAL]|Bytes:4
14:58:56.12 (1237357816)|HEAP_ALLOCATE|[EXTERNAL]|Bytes:-4
14:58:56.12 (1237364033)|STATEMENT_EXECUTE|[193]
14:58:56.12 (1237380278)|METHOD_ENTRY|[193]|01p0900000I3AXF|fflib_SObjectUnitOfWork.onRegisterType(Schema.SObjectType)
14:58:56.12 (1237401670)|VARIABLE_SCOPE_BEGIN|[150]|this|fflib_SObjectUnitOfWork|true|false
14:58:56.12 (1237455241)|VARIABLE_ASSIGNMENT|[150]|this|{"m_deletedMapByType":"0x7a2625ed","m_dirtyMapByType":"0x1441228e","m_emailWork":"0x6f803126","m_emptyRecycleBinMapByType":"0x3556be98","m_newListByType":"0x1ea8cad0","m_publishAfterFailureListByType":"0x55ea8da5","m_publishAfterSuccessListByType":"0x48a280c4","m_publishBeforeListByType":"0x48805536","m_relationships":"0x1026f8bc","m_sObjectTypes":"0x11a0c8b8","m_workList":"0x4d58dee8"}|0x5d31fa09
14:58:56.12 (1237465463)|VARIABLE_SCOPE_BEGIN|[150]|sObjectType|Schema.SObjectType|true|false
14:58:56.12 (1237551035)|VARIABLE_ASSIGNMENT|[150]|sObjectType|"common.apex.runtime.impl.ApexSObjectTypeToken@4163eeeb"|0x4163eeeb
14:58:56.12 (1237566589)|STATEMENT_EXECUTE|[150]
14:58:56.12 (1237574818)|METHOD_EXIT|[193]|01p0900000I3AXF|fflib_SObjectUnitOfWork.onRegisterType(Schema.SObjectType)
14:58:56.12 (1237583059)|METHOD_EXIT|[141]|01p0900000I3AXF|fflib_SObjectUnitOfWork.handleRegisterType(Schema.SObjectType)
14:58:56.12 (1237603598)|HEAP_ALLOCATE|[138]|Bytes:5
14:58:56.12 (1237618309)|VARIABLE_ASSIGNMENT|[138]|sObjectType|null|
14:58:56.12 (1237623647)|STATEMENT_EXECUTE|[144]
14:58:56.12 (1237629656)|HEAP_ALLOCATE|[144]|Bytes:47
14:58:56.12 (1237751131)|HEAP_ALLOCATE|[144]|Bytes:30
14:58:56.12 (1237763208)|SYSTEM_METHOD_ENTRY|[1]|Type.Type()
14:58:56.12 (1237766836)|STATEMENT_EXECUTE|[1]
14:58:56.12 (1237781985)|SYSTEM_METHOD_EXIT|[1]|Type
14:58:56.12 (1237789179)|HEAP_ALLOCATE|[144]|Bytes:8
14:58:56.12 (1237803038)|HEAP_ALLOCATE|[144]|Bytes:8
14:58:56.12 (1237810077)|VARIABLE_SCOPE_BEGIN|[4]|this|System.Type|true|false
14:58:56.12 (1237884567)|VARIABLE_ASSIGNMENT|[4]|this|{}|0x715ba53f
14:58:56.12 (1237891487)|VARIABLE_SCOPE_BEGIN|[4]|apextype|java:common.apex.runtime.ApexObjectType|true|false
14:58:56.12 (1237989574)|VARIABLE_ASSIGNMENT|[4]|apextype|"Messaging.SingleEmailMessage"|0x5897c945
14:58:56.12 (1238026333)|HEAP_ALLOCATE|[144]|Bytes:8
14:58:56.12 (1238042514)|METHOD_ENTRY|[144]||System.Type.getName()
14:58:56.12 (1238098853)|METHOD_EXIT|[144]||System.Type.getName()
14:58:56.12 (1238106839)|HEAP_ALLOCATE|[144]|Bytes:8
14:58:56.12 (1238113787)|CONSTRUCTOR_ENTRY|[144]|01p0900000I3AXF|<init>()|fflib_SObjectUnitOfWork.Relationships
14:58:56.12 (1238121131)|VARIABLE_SCOPE_BEGIN|[778]|this|fflib_SObjectUnitOfWork.Relationships|true|false
14:58:56.12 (1238139862)|VARIABLE_ASSIGNMENT|[778]|this|{}|0x6c282a10
14:58:56.12 (1238154820)|STATEMENT_EXECUTE|[778]
14:58:56.12 (1238157524)|STATEMENT_EXECUTE|[780]
14:58:56.12 (1238167796)|HEAP_ALLOCATE|[780]|Bytes:4
14:58:56.12 (1238189949)|HEAP_ALLOCATE|[EXTERNAL]|Bytes:4
14:58:56.12 (1238198294)|VARIABLE_ASSIGNMENT|[780]|this.m_relationships|[]|0x6c282a10
14:58:56.12 (1238205258)|CONSTRUCTOR_EXIT|[144]|01p0900000I3AXF|<init>()|fflib_SObjectUnitOfWork.Relationships
14:58:56.12 (1238219935)|HEAP_ALLOCATE|[EXTERNAL]|Bytes:-4
14:58:56.12 (1238226722)|STATEMENT_EXECUTE|[146]
14:58:56.12 (1238234775)|VARIABLE_ASSIGNMENT|[146]|this.m_dml|0x5b5d3e36|0x5d31fa09
14:58:56.12 (1238251734)|CONSTRUCTOR_EXIT|[131]|01p0900000I3AXF|<init>(List<Schema.SObjectType>,fflib_SObjectUnitOfWork.IDML)|fflib_SObjectUnitOfWork
14:58:56.12 (1238260295)|STATEMENT_EXECUTE|[130]
14:58:56.12 (1238277933)|CONSTRUCTOR_EXIT|[31]|01p0900000I3AXF|<init>(List<Schema.SObjectType>)|fflib_SObjectUnitOfWork
14:58:56.12 (1238286245)|VARIABLE_SCOPE_BEGIN|[31]|uow|fflib_SObjectUnitOfWork|true|false
14:58:56.12 (1238366909)|VARIABLE_ASSIGNMENT|[31]|uow|{"m_deletedMapByType":"0x7a2625ed","m_dirtyMapByType":"0x1441228e","m_dml":"0x5b5d3e36","m_emailWork":"0x6f803126","m_emptyRecycleBinMapByType":"0x3556be98","m_newListByType":"0x1ea8cad0","m_publishAfterFailureListByType":"0x55ea8da5","m_publishAfterSuccessListByType":"0x48a280c4","m_publishBeforeListByType":"0x48805536","m_relationships":"0x1026f8bc","m_sObjectTypes":"0x11a0c8b8","m_workList":"0x4d58dee8"}|0x5d31fa09
14:58:56.12 (1238379016)|STATEMENT_EXECUTE|[38]
14:58:56.12 (1238384065)|HEAP_ALLOCATE|[38]|Bytes:2
14:58:56.12 (1238415761)|USER_DEBUG|[38]|DEBUG|av
14:58:56.12 (1238425088)|STATEMENT_EXECUTE|[39]
14:58:56.12 (1238428606)|HEAP_ALLOCATE|[39]|Bytes:109
14:58:56.12 (1238442472)|HEAP_ALLOCATE|[39]|Bytes:4
14:58:56.12 (1239893239)|SOQL_EXECUTE_BEGIN|[39]|Aggregations:1|SELECT Id, Name, Chiffre_d_affaire__c, (SELECT Id, TotalAmount FROM Orders WHERE Id IN :tmpVar1) FROM Account
14:58:56.12 (1259120973)|SOQL_EXECUTE_END|[39]|Rows:1
14:58:56.12 (1259173619)|HEAP_ALLOCATE|[39]|Bytes:8
14:58:56.12 (1259233929)|HEAP_ALLOCATE|[39]|Bytes:159
14:58:56.12 (1259277425)|HEAP_ALLOCATE|[39]|Bytes:8
14:58:56.12 (1259304889)|VARIABLE_SCOPE_BEGIN|[39]|accs|List<Account>|true|false
14:58:56.12 (1259362858)|VARIABLE_ASSIGNMENT|[39]|accs|[{"Id":"0010900000XZgEpAAL","Name":"A","Orders":[{"AccountId":"0010900000XZgEpAAL","Id":"80109000002wdCrAAI","TotalAmount":500.00}]}]|0x70d2b4ca
14:58:56.12 (1259372543)|STATEMENT_EXECUTE|[41]
14:58:56.12 (1259386331)|HEAP_ALLOCATE|[41]|Bytes:2
14:58:56.12 (1259446025)|USER_DEBUG|[41]|DEBUG|ap
14:58:56.12 (1259456718)|STATEMENT_EXECUTE|[57]
14:58:56.12 (1259460291)|HEAP_ALLOCATE|[57]|Bytes:15
14:58:56.12 (1259556889)|HEAP_ALLOCATE|[57]|Bytes:41
14:58:56.12 (1259573595)|HEAP_ALLOCATE|[57]|Bytes:56
14:58:56.12 (1259583058)|USER_DEBUG|[57]|DEBUG|icimonsupertest(Account:{Id=0010900000XZgEpAAL, Name=A})
14:58:56.259 (1259601775)|CUMULATIVE_LIMIT_USAGE
14:58:56.259 (1259601775)|LIMIT_USAGE_FOR_NS|(default)|
  Number of SOQL queries: 12 out of 100
  Number of query rows: 11 out of 50000
  Number of SOSL queries: 0 out of 20
  Number of DML statements: 25 out of 150
  Number of Publish Immediate DML: 0 out of 150
  Number of DML rows: 25 out of 10000
  Maximum CPU time: 244 out of 10000
  Maximum heap size: 0 out of 6000000
  Number of callouts: 0 out of 100
  Number of Email Invocations: 0 out of 10
  Number of future calls: 0 out of 50
  Number of queueable jobs added to the queue: 0 out of 50
  Number of Mobile Apex push calls: 0 out of 10

14:58:56.259 (1259601775)|TESTING_LIMITS
14:58:56.259 (1259601775)|LIMIT_USAGE_FOR_NS|(default)|
  Number of SOQL queries: 1 out of 100
  Number of query rows: 2 out of 50000
  Number of SOSL queries: 0 out of 20
  Number of DML statements: 1 out of 150
  Number of Publish Immediate DML: 0 out of 150
  Number of DML rows: 1 out of 10000
  Maximum CPU time: 0 out of 10000
  Maximum heap size: 0 out of 6000000
  Number of callouts: 0 out of 100
  Number of Email Invocations: 0 out of 10
  Number of future calls: 0 out of 50
  Number of queueable jobs added to the queue: 0 out of 50
  Number of Mobile Apex push calls: 0 out of 10

14:58:56.259 (1259601775)|CUMULATIVE_LIMIT_USAGE_END

14:58:56.12 (1260783588)|CODE_UNIT_FINISHED|OrderAmount on Order trigger event AfterUpdate|__sfdc_trigger/OrderAmount
14:58:56.12 (1262229098)|DML_END|[38]
14:58:56.12 (1262257386)|STATEMENT_EXECUTE|[40]
14:58:56.12 (1262288191)|METHOD_ENTRY|[40]||System.Test.stopTest()
14:58:56.12 (1263116920)|METHOD_EXIT|[40]||System.Test.stopTest()
14:58:56.12 (1263128609)|STATEMENT_EXECUTE|[44]
14:58:56.12 (1263139251)|HEAP_ALLOCATE|[44]|Bytes:57
14:58:56.12 (1263169598)|HEAP_ALLOCATE|[44]|Bytes:4
14:58:56.12 (1263497614)|SOQL_EXECUTE_BEGIN|[44]|Aggregations:0|SELECT Chiffre_d_affaire__c FROM Account WHERE Name = 'A'
14:58:56.12 (1283108917)|SOQL_EXECUTE_END|[44]|Rows:1
14:58:56.12 (1283144802)|HEAP_ALLOCATE|[44]|Bytes:8
14:58:56.12 (1283176750)|HEAP_ALLOCATE|[44]|Bytes:29
14:58:56.12 (1283209970)|HEAP_ALLOCATE|[44]|Bytes:8
14:58:56.12 (1283228268)|HEAP_ALLOCATE|[44]|Bytes:33
14:58:56.12 (1283248264)|HEAP_ALLOCATE|[44]|Bytes:8
14:58:56.12 (1283403649)|EXCEPTION_THROWN|[44]|System.AssertException: Assertion Failed: Expected: null, Actual: 200
14:58:56.12 (1283569212)|HEAP_ALLOCATE|[44]|Bytes:49
14:58:56.12 (1283590957)|SYSTEM_MODE_EXIT|false
14:58:56.12 (1283716146)|FATAL_ERROR|System.AssertException: Assertion Failed: Expected: null, Actual: 200

Class.OrderAmount_test.testTriggerUpdateAccountCA: line 44, column 1
14:58:56.12 (1283728985)|FATAL_ERROR|System.AssertException: Assertion Failed: Expected: null, Actual: 200

Class.OrderAmount_test.testTriggerUpdateAccountCA: line 44, column 1
14:58:56.283 (1283738174)|CUMULATIVE_LIMIT_USAGE
14:58:56.283 (1283738174)|LIMIT_USAGE_FOR_NS|(default)|
  Number of SOQL queries: 13 out of 100
  Number of query rows: 12 out of 50000
  Number of SOSL queries: 0 out of 20
  Number of DML statements: 25 out of 150
  Number of Publish Immediate DML: 0 out of 150
  Number of DML rows: 25 out of 10000
  Maximum CPU time: 244 out of 10000
  Maximum heap size: 0 out of 6000000
  Number of callouts: 0 out of 100
  Number of Email Invocations: 0 out of 10
  Number of future calls: 0 out of 50
  Number of queueable jobs added to the queue: 0 out of 50
  Number of Mobile Apex push calls: 0 out of 10

14:58:56.283 (1283738174)|TESTING_LIMITS
14:58:56.283 (1283738174)|LIMIT_USAGE_FOR_NS|(default)|
  Number of SOQL queries: 1 out of 100
  Number of query rows: 2 out of 50000
  Number of SOSL queries: 0 out of 20
  Number of DML statements: 1 out of 150
  Number of Publish Immediate DML: 0 out of 150
  Number of DML rows: 1 out of 10000
  Maximum CPU time: 0 out of 10000
  Maximum heap size: 0 out of 6000000
  Number of callouts: 0 out of 100
  Number of Email Invocations: 0 out of 10
  Number of future calls: 0 out of 50
  Number of queueable jobs added to the queue: 0 out of 50
  Number of Mobile Apex push calls: 0 out of 10

14:58:56.283 (1283738174)|CUMULATIVE_LIMIT_USAGE_END

14:58:56.12 (1283789882)|CODE_UNIT_FINISHED|OrderAmount_test.testTriggerUpdateAccountCA()
14:58:56.12 (1283801220)|EXECUTION_FINISHED
14:58:56.648 (1648494370)|USER_INFO|[EXTERNAL]|00509000003XTOG|aymericravizep7@openclassroom.com|(GMT+02:00) Central European Summer Time (Europe/Paris)|GMT+02:00
14:58:56.648 (1648526466)|EXECUTION_STARTED
14:58:56.648 (1648532699)|CODE_UNIT_STARTED|[EXTERNAL]|DuplicateDetector
14:58:56.648 (1648545387)|DUPLICATE_DETECTION_BEGIN
14:58:56.648 (1648611809)|DUPLICATE_DETECTION_RULE_INVOCATION|DuplicateRuleId:0Bm09000006vpcb|DuplicateRuleName:Standard Account Duplicate Rule|DmlType:INSERT
14:58:56.648 (1680500923)|DUPLICATE_DETECTION_END
14:58:56.648 (1680516461)|CODE_UNIT_FINISHED|DuplicateDetector
14:58:56.648 (1680533215)|EXECUTION_FINISHED
