51.0 APEX_CODE,FINEST;APEX_PROFILING,INFO;CALLOUT,INFO;DB,INFO;NBA,INFO;SYSTEM,DEBUG;VALIDATION,INFO;VISUALFORCE,FINER;WAVE,INFO;WORKFLOW,INFO
17:26:14.3 (3163400)|USER_INFO|[EXTERNAL]|00509000003XTOG|aymericravizep7@openclassroom.com|(GMT+02:00) Central European Summer Time (Europe/Paris)|GMT+02:00
17:26:14.3 (3256392)|EXECUTION_STARTED
17:26:14.3 (3264507)|CODE_UNIT_STARTED|[EXTERNAL]|01p0900000JX8KS|OrderAmount_test.testTriggerUpdateAccountCA()
17:26:14.3 (4068552)|HEAP_ALLOCATE|[79]|Bytes:3
17:26:14.3 (4150586)|HEAP_ALLOCATE|[84]|Bytes:152
17:26:14.3 (4167886)|HEAP_ALLOCATE|[399]|Bytes:408
17:26:14.3 (4187459)|HEAP_ALLOCATE|[412]|Bytes:408
17:26:14.3 (4203918)|HEAP_ALLOCATE|[520]|Bytes:48
17:26:14.3 (4236104)|HEAP_ALLOCATE|[139]|Bytes:6
17:26:14.3 (4256120)|HEAP_ALLOCATE|[EXTERNAL]|Bytes:73
17:26:14.3 (4273359)|METHOD_ENTRY|[2]|01p0900000JX8KS|OrderAmount_test.OrderAmount_test()
17:26:14.3 (4283895)|STATEMENT_EXECUTE|[2]
17:26:14.3 (4291186)|STATEMENT_EXECUTE|[2]
17:26:14.3 (4345833)|HEAP_ALLOCATE|[52]|Bytes:5
17:26:14.3 (4381154)|HEAP_ALLOCATE|[58]|Bytes:5
17:26:14.3 (4407155)|HEAP_ALLOCATE|[66]|Bytes:7
17:26:14.3 (4975977)|SYSTEM_MODE_ENTER|false
17:26:14.3 (5011564)|HEAP_ALLOCATE|[EXTERNAL]|Bytes:5
17:26:14.3 (5027994)|SYSTEM_MODE_EXIT|false
17:26:14.3 (5048867)|METHOD_EXIT|[2]|OrderAmount_test
17:26:14.3 (5123575)|SYSTEM_MODE_ENTER|false
17:26:14.3 (5139881)|HEAP_ALLOCATE|[32]|Bytes:5
17:26:14.3 (5147726)|STATEMENT_EXECUTE|[29]
17:26:14.3 (5151029)|STATEMENT_EXECUTE|[32]
17:26:14.3 (5365849)|HEAP_ALLOCATE|[32]|Bytes:4
17:26:14.3 (5507792)|VARIABLE_SCOPE_BEGIN|[32]|ords|List<Order>|true|false
17:26:14.3 (5533421)|HEAP_ALLOCATE|[EXTERNAL]|Bytes:4
17:26:14.3 (5634641)|VARIABLE_ASSIGNMENT|[32]|ords|[]|0x702113a
17:26:14.3 (5697055)|STATEMENT_EXECUTE|[33]
17:26:14.3 (5707961)|VARIABLE_SCOPE_BEGIN|[33]|i|Integer|false|false
17:26:14.3 (5730231)|HEAP_ALLOCATE|[33]|Bytes:4
17:26:14.3 (5743580)|VARIABLE_ASSIGNMENT|[33]|i|0
17:26:14.3 (5762505)|STATEMENT_EXECUTE|[33]
17:26:14.3 (5764281)|STATEMENT_EXECUTE|[34]
17:26:14.3 (5768268)|HEAP_ALLOCATE|[34]|Bytes:1
17:26:14.3 (5775901)|HEAP_ALLOCATE|[34]|Bytes:2
17:26:14.3 (5855167)|HEAP_ALLOCATE|[34]|Bytes:1
17:26:14.3 (5877574)|HEAP_ALLOCATE|[34]|Bytes:3
17:26:14.3 (5885131)|HEAP_ALLOCATE|[34]|Bytes:2
17:26:14.3 (5896855)|HEAP_ALLOCATE|[34]|Bytes:1
17:26:14.3 (5909354)|HEAP_ALLOCATE|[34]|Bytes:3
17:26:14.3 (5915737)|HEAP_ALLOCATE|[34]|Bytes:7
17:26:14.3 (7686957)|HEAP_ALLOCATE|[34]|Bytes:11
17:26:14.3 (7707682)|HEAP_ALLOCATE|[34]|Bytes:8
17:26:14.3 (7738317)|METHOD_ENTRY|[2]|01p0900000I3NqH|DataFactory.DataFactory()
17:26:14.3 (7748486)|STATEMENT_EXECUTE|[2]
17:26:14.3 (7752900)|STATEMENT_EXECUTE|[2]
17:26:14.3 (7762409)|HEAP_ALLOCATE|[34]|Bytes:5
17:26:14.3 (7777959)|METHOD_EXIT|[2]|DataFactory
17:26:14.3 (7817587)|METHOD_ENTRY|[34]|01p0900000I3NqH|DataFactory.generateOrderItem(String, String, String, Integer, Integer, String, Integer)
17:26:14.3 (7832011)|VARIABLE_SCOPE_BEGIN|[58]|nameAccount|String|false|false
17:26:14.3 (7860104)|VARIABLE_ASSIGNMENT|[58]|nameAccount|"A"
17:26:14.3 (7875047)|VARIABLE_SCOPE_BEGIN|[58]|nameProduct|String|false|false
17:26:14.3 (7892370)|VARIABLE_ASSIGNMENT|[58]|nameProduct|"Po0"
17:26:14.3 (7902631)|VARIABLE_SCOPE_BEGIN|[58]|familyProduct|String|false|false
17:26:14.3 (7921156)|VARIABLE_ASSIGNMENT|[58]|familyProduct|"Fo0"
17:26:14.3 (7931808)|VARIABLE_SCOPE_BEGIN|[58]|ProductQuantity|Integer|false|false
17:26:14.3 (7950045)|VARIABLE_ASSIGNMENT|[58]|ProductQuantity|10
17:26:14.3 (7958663)|VARIABLE_SCOPE_BEGIN|[58]|ProductPrice|Integer|false|false
17:26:14.3 (7977183)|VARIABLE_ASSIGNMENT|[58]|ProductPrice|50
17:26:14.3 (7988752)|VARIABLE_SCOPE_BEGIN|[58]|statu|String|false|false
17:26:14.3 (8007590)|VARIABLE_ASSIGNMENT|[58]|statu|"Ordered"
17:26:14.3 (8017854)|VARIABLE_SCOPE_BEGIN|[58]|shipmentCost|Integer|false|false
17:26:14.3 (8037412)|VARIABLE_ASSIGNMENT|[58]|shipmentCost|10
17:26:14.3 (8087756)|HEAP_ALLOCATE|[61]|Bytes:5
17:26:14.3 (8097385)|STATEMENT_EXECUTE|[58]
17:26:14.3 (8099980)|STATEMENT_EXECUTE|[61]
17:26:14.3 (8103841)|HEAP_ALLOCATE|[61]|Bytes:8
17:26:14.3 (8246016)|USER_DEBUG|[61]|DEBUG|icistart
17:26:14.3 (8274276)|STATEMENT_EXECUTE|[63]
17:26:14.3 (8371284)|VARIABLE_SCOPE_BEGIN|[63]|acc|Account|true|false
17:26:14.3 (8406781)|VARIABLE_ASSIGNMENT|[63]|acc|null|
17:26:14.3 (8475743)|STATEMENT_EXECUTE|[64]
17:26:14.3 (8491159)|HEAP_ALLOCATE|[64]|Bytes:44
17:26:14.3 (8545565)|HEAP_ALLOCATE|[64]|Bytes:4
17:26:14.3 (8571645)|HEAP_ALLOCATE|[64]|Bytes:7
17:26:14.3 (10291925)|SOQL_EXECUTE_BEGIN|[64]|Aggregations:0|SELECT Id FROM Account WHERE Name = :tmpVar1
17:26:14.3 (13087698)|SOQL_EXECUTE_END|[64]|Rows:0
17:26:14.3 (13132646)|HEAP_ALLOCATE|[64]|Bytes:4
17:26:14.3 (13173591)|HEAP_ALLOCATE|[64]|Bytes:0
17:26:14.3 (13256959)|HEAP_ALLOCATE|[64]|Bytes:4
17:26:14.3 (13275961)|VARIABLE_SCOPE_BEGIN|[64]|accs|List<Account>|true|false
17:26:14.3 (13307820)|VARIABLE_ASSIGNMENT|[64]|accs|[]|0x8128286
17:26:14.3 (13417861)|STATEMENT_EXECUTE|[65]
17:26:14.3 (13423405)|STATEMENT_EXECUTE|[66]
17:26:14.3 (13453463)|HEAP_ALLOCATE|[66]|Bytes:4
17:26:14.3 (13596779)|VARIABLE_ASSIGNMENT|[66]|this.Name|"A"|0x33ab6e03
17:26:14.3 (13642962)|VARIABLE_ASSIGNMENT|[66]|acc|{"Name":"A"}|0x33ab6e03
17:26:14.3 (13655924)|STATEMENT_EXECUTE|[67]
17:26:14.3 (13683227)|HEAP_ALLOCATE|[67]|Bytes:8
17:26:14.3 (13708597)|DML_BEGIN|[67]|Op:Insert|Type:Account|Rows:1
17:26:14.3 (13750912)|HEAP_ALLOCATE|[EXTERNAL]|Bytes:8
17:26:14.3 (32346601)|CODE_UNIT_STARTED|[EXTERNAL]|DuplicateDetector
17:26:14.3 (32392762)|DUPLICATE_DETECTION_BEGIN
17:26:14.3 (32870442)|DUPLICATE_DETECTION_RULE_INVOCATION|DuplicateRuleId:0Bm09000006vpcb|DuplicateRuleName:Standard Account Duplicate Rule|DmlType:INSERT
17:26:14.3 (55243009)|DUPLICATE_DETECTION_MATCH_INVOCATION_DETAILS|EntityType:Account|ActionTaken:Allow_[Alert,Report]|DuplicateRecordIds:
17:26:14.3 (55268979)|DUPLICATE_DETECTION_MATCH_INVOCATION_SUMMARY|EntityType:Account|NumRecordsToBeSaved:1|NumRecordsToBeSavedWithDuplicates:0|NumDuplicateRecordsFound:0
17:26:14.3 (55438013)|DUPLICATE_DETECTION_END
17:26:14.3 (55447599)|CODE_UNIT_FINISHED|DuplicateDetector
17:26:14.3 (87323698)|DML_END|[67]
17:26:14.3 (87363398)|STATEMENT_EXECUTE|[73]
17:26:14.3 (87473559)|HEAP_ALLOCATE|[73]|Bytes:4
17:26:14.3 (88252600)|VARIABLE_ASSIGNMENT|[73]|this.Name|"Po0"|0x541c2676
17:26:14.3 (88318607)|VARIABLE_ASSIGNMENT|[73]|this.Family|"Fo0"|0x541c2676
17:26:14.3 (88391527)|VARIABLE_SCOPE_BEGIN|[73]|product|Product2|true|false
17:26:14.3 (88445835)|VARIABLE_ASSIGNMENT|[73]|product|{"Name":"Po0","Family":"Fo0"}|0x541c2676
17:26:14.3 (88466480)|STATEMENT_EXECUTE|[74]
17:26:14.3 (88508987)|HEAP_ALLOCATE|[74]|Bytes:8
17:26:14.3 (88527740)|DML_BEGIN|[74]|Op:Insert|Type:Product2|Rows:1
17:26:14.3 (88580029)|HEAP_ALLOCATE|[EXTERNAL]|Bytes:8
17:26:14.3 (113281523)|DML_END|[74]
17:26:14.3 (113316850)|STATEMENT_EXECUTE|[77]
17:26:14.3 (113410977)|HEAP_ALLOCATE|[77]|Bytes:4
17:26:14.3 (113594430)|HEAP_ALLOCATE|[78]|Bytes:74
17:26:14.3 (113621572)|SYSTEM_METHOD_ENTRY|[1]|Test.Test()
17:26:14.3 (113627691)|STATEMENT_EXECUTE|[1]
17:26:14.3 (113637944)|SYSTEM_METHOD_EXIT|[1]|Test
17:26:14.3 (113663447)|METHOD_ENTRY|[78]||System.Test.getStandardPricebookId()
17:26:14.3 (115445283)|METHOD_EXIT|[78]||System.Test.getStandardPricebookId()
17:26:14.3 (116083182)|VARIABLE_ASSIGNMENT|[77]|this.Pricebook2Id|"01s09000005omFQAAY"|0x87eef20
17:26:14.3 (116160580)|VARIABLE_ASSIGNMENT|[77]|this.Product2Id|"01t09000002WsZjAAK"|0x87eef20
17:26:14.3 (116210862)|HEAP_ALLOCATE|[77]|Bytes:28
17:26:14.3 (116245810)|VARIABLE_ASSIGNMENT|[77]|this.UnitPrice|1020|0x87eef20
17:26:14.3 (116275390)|VARIABLE_ASSIGNMENT|[77]|this.IsActive|true|0x87eef20
17:26:14.3 (116322627)|VARIABLE_SCOPE_BEGIN|[77]|pbe|PricebookEntry|true|false
17:26:14.3 (116358282)|VARIABLE_ASSIGNMENT|[77]|pbe|{"Pricebook2Id":"01s09000005omFQAAY","Product2Id":"01t09000002WsZjAAK","UnitPrice":1020,"IsActive":true}|0x87eef20
17:26:14.3 (116375840)|STATEMENT_EXECUTE|[83]
17:26:14.3 (116419998)|HEAP_ALLOCATE|[83]|Bytes:8
17:26:14.3 (116434990)|DML_BEGIN|[83]|Op:Insert|Type:PricebookEntry|Rows:1
17:26:14.3 (116478981)|HEAP_ALLOCATE|[EXTERNAL]|Bytes:8
17:26:14.3 (140918441)|DML_END|[83]
17:26:14.3 (140965188)|STATEMENT_EXECUTE|[85]
17:26:14.3 (141016589)|HEAP_ALLOCATE|[85]|Bytes:4
17:26:14.3 (141252986)|HEAP_ALLOCATE|[85]|Bytes:4
17:26:14.3 (142379115)|VARIABLE_ASSIGNMENT|[85]|this.EffectiveDate|"2021-07-09T00:00:00.000Z"|0x6da8c3b
17:26:14.3 (142453825)|VARIABLE_ASSIGNMENT|[85]|this.Status|"Ordered"|0x6da8c3b
17:26:14.3 (142493854)|METHOD_ENTRY|[85]||System.Test.getStandardPricebookId()
17:26:14.3 (143107279)|METHOD_EXIT|[85]||System.Test.getStandardPricebookId()
17:26:14.3 (143208953)|VARIABLE_ASSIGNMENT|[85]|this.Pricebook2Id|"01s09000005omFQAAY"|0x6da8c3b
17:26:14.3 (143323521)|VARIABLE_ASSIGNMENT|[85]|this.AccountId|"0010900000XWHw6AAH"|0x6da8c3b
17:26:14.3 (143384515)|HEAP_ALLOCATE|[85]|Bytes:28
17:26:14.3 (143417617)|HEAP_ALLOCATE|[85]|Bytes:28
17:26:14.3 (143477633)|VARIABLE_ASSIGNMENT|[85]|this.ShipmentCost__c|10|0x6da8c3b
17:26:14.3 (143540743)|VARIABLE_SCOPE_BEGIN|[85]|ord|Order|true|false
17:26:14.3 (143627449)|VARIABLE_ASSIGNMENT|[85]|ord|{"EffectiveDate":"2021-07-09T00:00:00.000Z","Status":"Ordered","Pricebook2Id":"01s09000005omFQAAY","AccountId":"0010900000XWHw6AAH","ShipmentCost__c":10}|0x6da8c3b
17:26:14.3 (143648993)|STATEMENT_EXECUTE|[86]
17:26:14.3 (143700212)|HEAP_ALLOCATE|[86]|Bytes:8
17:26:14.3 (143720561)|DML_BEGIN|[86]|Op:Insert|Type:Order|Rows:1
17:26:14.3 (143779392)|HEAP_ALLOCATE|[EXTERNAL]|Bytes:8
17:26:14.3 (173077861)|DML_END|[86]
17:26:14.3 (173117451)|STATEMENT_EXECUTE|[88]
17:26:14.3 (173212747)|HEAP_ALLOCATE|[88]|Bytes:4
17:26:14.3 (173369574)|HEAP_ALLOCATE|[88]|Bytes:28
17:26:14.3 (173378151)|HEAP_ALLOCATE|[88]|Bytes:28
17:26:14.3 (174096751)|VARIABLE_ASSIGNMENT|[88]|this.Quantity|10|0x33674719
17:26:14.3 (174128589)|HEAP_ALLOCATE|[88]|Bytes:28
17:26:14.3 (174162453)|VARIABLE_ASSIGNMENT|[88]|this.UnitPrice|50|0x33674719
17:26:14.3 (174231931)|VARIABLE_ASSIGNMENT|[88]|this.OrderId|"80109000002rJGhAAM"|0x33674719
17:26:14.3 (174278549)|VARIABLE_ASSIGNMENT|[88]|this.PricebookEntryId|"01u09000003Q0OZAA0"|0x33674719
17:26:14.3 (174322400)|VARIABLE_SCOPE_BEGIN|[88]|ordItem|OrderItem|true|false
17:26:14.3 (174358048)|VARIABLE_ASSIGNMENT|[88]|ordItem|{"Quantity":10,"UnitPrice":50,"OrderId":"80109000002rJGhAAM","PricebookEntryId":"01u09000003Q0OZAA0"}|0x33674719
17:26:14.3 (174373049)|STATEMENT_EXECUTE|[89]
17:26:14.3 (174429286)|HEAP_ALLOCATE|[89]|Bytes:8
17:26:14.3 (174442739)|DML_BEGIN|[89]|Op:Insert|Type:OrderItem|Rows:1
17:26:14.3 (174490901)|HEAP_ALLOCATE|[EXTERNAL]|Bytes:8
17:26:14.3 (231504858)|CODE_UNIT_STARTED|[EXTERNAL]|Workflow:Order
17:26:14.3 (232010099)|CODE_UNIT_FINISHED|Workflow:Order
17:26:14.3 (238426585)|DML_END|[89]
17:26:14.3 (238469938)|STATEMENT_EXECUTE|[90]
17:26:14.3 (238479394)|HEAP_ALLOCATE|[90]|Bytes:7
17:26:14.3 (238588351)|HEAP_ALLOCATE|[90]|Bytes:11
17:26:14.3 (238612149)|USER_DEBUG|[90]|DEBUG|totalamnull
17:26:14.3 (238624466)|STATEMENT_EXECUTE|[91]
17:26:14.3 (238627965)|HEAP_ALLOCATE|[91]|Bytes:3
17:26:14.3 (238722856)|HEAP_ALLOCATE|[91]|Bytes:125
17:26:14.3 (238738941)|HEAP_ALLOCATE|[91]|Bytes:128
17:26:14.3 (238752341)|USER_DEBUG|[91]|DEBUG|odiOrderItem:{Quantity=10, UnitPrice=50, OrderId=80109000002rJGhAAM, PricebookEntryId=01u09000003Q0OZAA0, Id=80209000000o4slAAA}
17:26:14.3 (238764767)|STATEMENT_EXECUTE|[92]
17:26:14.3 (238768052)|HEAP_ALLOCATE|[92]|Bytes:70
17:26:14.3 (238792549)|HEAP_ALLOCATE|[92]|Bytes:4
17:26:14.3 (239160495)|SOQL_EXECUTE_BEGIN|[92]|Aggregations:0|SELECT Id, TotalAmount, ShipmentCost__c FROM Order WHERE Id = :tmpVar1
17:26:14.3 (243154368)|SOQL_EXECUTE_END|[92]|Rows:1
17:26:14.3 (243188489)|HEAP_ALLOCATE|[92]|Bytes:8
17:26:14.3 (243226816)|HEAP_ALLOCATE|[92]|Bytes:135
17:26:14.3 (243268085)|HEAP_ALLOCATE|[92]|Bytes:8
17:26:14.3 (243290177)|HEAP_ALLOCATE|[92]|Bytes:31
17:26:14.3 (243314431)|HEAP_ALLOCATE|[92]|Bytes:16
17:26:14.3 (243340688)|METHOD_EXIT|[34]|01p0900000I3NqH|DataFactory.generateOrderItem(String, String, String, Integer, Integer, String, Integer)
17:26:14.3 (243373618)|HEAP_ALLOCATE|[EXTERNAL]|Bytes:4
17:26:14.3 (243384872)|HEAP_ALLOCATE|[33]|Bytes:4
17:26:14.3 (243417842)|VARIABLE_ASSIGNMENT|[33]|i|1
17:26:14.3 (243432413)|STATEMENT_EXECUTE|[33]
17:26:14.3 (243434485)|STATEMENT_EXECUTE|[34]
17:26:14.3 (243461056)|HEAP_ALLOCATE|[34]|Bytes:1
17:26:14.3 (243479438)|HEAP_ALLOCATE|[34]|Bytes:3
17:26:14.3 (243494394)|HEAP_ALLOCATE|[34]|Bytes:1
17:26:14.3 (243505932)|HEAP_ALLOCATE|[34]|Bytes:3
17:26:14.3 (243516587)|METHOD_ENTRY|[34]|01p0900000I3NqH|DataFactory.generateOrderItem(String, String, String, Integer, Integer, String, Integer)
17:26:14.3 (243531548)|VARIABLE_SCOPE_BEGIN|[58]|nameAccount|String|false|false
17:26:14.3 (243554809)|VARIABLE_ASSIGNMENT|[58]|nameAccount|"A"
17:26:14.3 (243574531)|VARIABLE_SCOPE_BEGIN|[58]|nameProduct|String|false|false
17:26:14.3 (243595478)|VARIABLE_ASSIGNMENT|[58]|nameProduct|"Po1"
17:26:14.3 (243611193)|VARIABLE_SCOPE_BEGIN|[58]|familyProduct|String|false|false
17:26:14.3 (243625963)|VARIABLE_ASSIGNMENT|[58]|familyProduct|"Fo1"
17:26:14.3 (243634905)|VARIABLE_SCOPE_BEGIN|[58]|ProductQuantity|Integer|false|false
17:26:14.3 (243646763)|VARIABLE_ASSIGNMENT|[58]|ProductQuantity|10
17:26:14.3 (243655283)|VARIABLE_SCOPE_BEGIN|[58]|ProductPrice|Integer|false|false
17:26:14.3 (243668186)|VARIABLE_ASSIGNMENT|[58]|ProductPrice|50
17:26:14.3 (243674954)|VARIABLE_SCOPE_BEGIN|[58]|statu|String|false|false
17:26:14.3 (243691990)|VARIABLE_ASSIGNMENT|[58]|statu|"Ordered"
17:26:14.3 (243699975)|VARIABLE_SCOPE_BEGIN|[58]|shipmentCost|Integer|false|false
17:26:14.3 (243711890)|VARIABLE_ASSIGNMENT|[58]|shipmentCost|10
17:26:14.3 (243745781)|HEAP_ALLOCATE|[61]|Bytes:5
17:26:14.3 (243752887)|STATEMENT_EXECUTE|[58]
17:26:14.3 (243755164)|STATEMENT_EXECUTE|[61]
17:26:14.3 (243771301)|USER_DEBUG|[61]|DEBUG|icistart
17:26:14.3 (243782751)|STATEMENT_EXECUTE|[63]
17:26:14.3 (243790367)|VARIABLE_SCOPE_BEGIN|[63]|acc|Account|true|false
17:26:14.3 (243806896)|VARIABLE_ASSIGNMENT|[63]|acc|null|
17:26:14.3 (243814837)|STATEMENT_EXECUTE|[64]
17:26:14.3 (243830110)|HEAP_ALLOCATE|[64]|Bytes:4
17:26:14.3 (244080183)|SOQL_EXECUTE_BEGIN|[64]|Aggregations:0|SELECT Id FROM Account WHERE Name = :tmpVar1
17:26:14.3 (248932952)|SOQL_EXECUTE_END|[64]|Rows:1
17:26:14.3 (248965374)|HEAP_ALLOCATE|[64]|Bytes:8
17:26:14.3 (249002271)|HEAP_ALLOCATE|[64]|Bytes:29
17:26:14.3 (249042171)|HEAP_ALLOCATE|[64]|Bytes:8
17:26:14.3 (249065596)|VARIABLE_SCOPE_BEGIN|[64]|accs|List<Account>|true|false
17:26:14.3 (249116144)|VARIABLE_ASSIGNMENT|[64]|accs|[{"Id":"0010900000XWHw6AAH"}]|0x5cc039a4
17:26:14.3 (249155945)|STATEMENT_EXECUTE|[68]
17:26:14.3 (249158155)|STATEMENT_EXECUTE|[69]
17:26:14.3 (249174814)|HEAP_ALLOCATE|[69]|Bytes:8
17:26:14.3 (249191249)|VARIABLE_ASSIGNMENT|[69]|acc|{"Id":"0010900000XWHw6AAH"}|0x443c3c1f
17:26:14.3 (249202736)|STATEMENT_EXECUTE|[73]
17:26:14.3 (249227893)|HEAP_ALLOCATE|[73]|Bytes:4
17:26:14.3 (249290710)|VARIABLE_ASSIGNMENT|[73]|this.Name|"Po1"|0x2c2fbd23
17:26:14.3 (249319110)|VARIABLE_ASSIGNMENT|[73]|this.Family|"Fo1"|0x2c2fbd23
17:26:14.3 (249342031)|VARIABLE_SCOPE_BEGIN|[73]|product|Product2|true|false
17:26:14.3 (249365017)|VARIABLE_ASSIGNMENT|[73]|product|{"Name":"Po1","Family":"Fo1"}|0x2c2fbd23
17:26:14.3 (249378129)|STATEMENT_EXECUTE|[74]
17:26:14.3 (249406783)|HEAP_ALLOCATE|[74]|Bytes:8
17:26:14.3 (249422965)|DML_BEGIN|[74]|Op:Insert|Type:Product2|Rows:1
17:26:14.3 (249463095)|HEAP_ALLOCATE|[EXTERNAL]|Bytes:8
17:26:14.3 (263067519)|DML_END|[74]
17:26:14.3 (263101656)|STATEMENT_EXECUTE|[77]
17:26:14.3 (263129329)|HEAP_ALLOCATE|[77]|Bytes:4
17:26:14.3 (263179702)|METHOD_ENTRY|[78]||System.Test.getStandardPricebookId()
17:26:14.3 (263645215)|METHOD_EXIT|[78]||System.Test.getStandardPricebookId()
17:26:14.3 (263726159)|VARIABLE_ASSIGNMENT|[77]|this.Pricebook2Id|"01s09000005omFQAAY"|0x14351e58
17:26:14.3 (263774159)|VARIABLE_ASSIGNMENT|[77]|this.Product2Id|"01t09000002WsZkAAK"|0x14351e58
17:26:14.3 (263799079)|HEAP_ALLOCATE|[77]|Bytes:28
17:26:14.3 (263828051)|VARIABLE_ASSIGNMENT|[77]|this.UnitPrice|1020|0x14351e58
17:26:14.3 (263856341)|VARIABLE_ASSIGNMENT|[77]|this.IsActive|true|0x14351e58
17:26:14.3 (263891497)|VARIABLE_SCOPE_BEGIN|[77]|pbe|PricebookEntry|true|false
17:26:14.3 (263932435)|VARIABLE_ASSIGNMENT|[77]|pbe|{"Pricebook2Id":"01s09000005omFQAAY","Product2Id":"01t09000002WsZkAAK","UnitPrice":1020,"IsActive":true}|0x14351e58
17:26:14.3 (263948584)|STATEMENT_EXECUTE|[83]
17:26:14.3 (263969738)|HEAP_ALLOCATE|[83]|Bytes:8
17:26:14.3 (263983757)|DML_BEGIN|[83]|Op:Insert|Type:PricebookEntry|Rows:1
17:26:14.3 (264025772)|HEAP_ALLOCATE|[EXTERNAL]|Bytes:8
17:26:14.3 (278682134)|DML_END|[83]
17:26:14.3 (278723035)|STATEMENT_EXECUTE|[85]
17:26:14.3 (278761583)|HEAP_ALLOCATE|[85]|Bytes:4
17:26:14.3 (278830184)|HEAP_ALLOCATE|[85]|Bytes:4
17:26:14.3 (278947657)|VARIABLE_ASSIGNMENT|[85]|this.EffectiveDate|"2021-07-09T00:00:00.000Z"|0x743a7fac
17:26:14.3 (278989497)|VARIABLE_ASSIGNMENT|[85]|this.Status|"Ordered"|0x743a7fac
17:26:14.3 (279013354)|METHOD_ENTRY|[85]||System.Test.getStandardPricebookId()
17:26:14.3 (279459753)|METHOD_EXIT|[85]||System.Test.getStandardPricebookId()
17:26:14.3 (279506002)|VARIABLE_ASSIGNMENT|[85]|this.Pricebook2Id|"01s09000005omFQAAY"|0x743a7fac
17:26:14.3 (279554972)|VARIABLE_ASSIGNMENT|[85]|this.AccountId|"0010900000XWHw6AAH"|0x743a7fac
17:26:14.3 (279594776)|HEAP_ALLOCATE|[85]|Bytes:28
17:26:14.3 (279604883)|HEAP_ALLOCATE|[85]|Bytes:28
17:26:14.3 (279638308)|VARIABLE_ASSIGNMENT|[85]|this.ShipmentCost__c|10|0x743a7fac
17:26:14.3 (279668184)|VARIABLE_SCOPE_BEGIN|[85]|ord|Order|true|false
17:26:14.3 (279713968)|VARIABLE_ASSIGNMENT|[85]|ord|{"EffectiveDate":"2021-07-09T00:00:00.000Z","Status":"Ordered","Pricebook2Id":"01s09000005omFQAAY","AccountId":"0010900000XWHw6AAH","ShipmentCost__c":10}|0x743a7fac
17:26:14.3 (279727735)|STATEMENT_EXECUTE|[86]
17:26:14.3 (279747184)|HEAP_ALLOCATE|[86]|Bytes:8
17:26:14.3 (279765115)|DML_BEGIN|[86]|Op:Insert|Type:Order|Rows:1
17:26:14.3 (279802479)|HEAP_ALLOCATE|[EXTERNAL]|Bytes:8
17:26:14.3 (300076803)|DML_END|[86]
17:26:14.3 (300116710)|STATEMENT_EXECUTE|[88]
17:26:14.3 (300149335)|HEAP_ALLOCATE|[88]|Bytes:4
17:26:14.3 (300206115)|HEAP_ALLOCATE|[88]|Bytes:28
17:26:14.3 (300214072)|HEAP_ALLOCATE|[88]|Bytes:28
17:26:14.3 (300299620)|VARIABLE_ASSIGNMENT|[88]|this.Quantity|10|0x237d31ac
17:26:14.3 (300319100)|HEAP_ALLOCATE|[88]|Bytes:28
17:26:14.3 (300344386)|VARIABLE_ASSIGNMENT|[88]|this.UnitPrice|50|0x237d31ac
17:26:14.3 (300407705)|VARIABLE_ASSIGNMENT|[88]|this.OrderId|"80109000002rJGiAAM"|0x237d31ac
17:26:14.3 (300443184)|VARIABLE_ASSIGNMENT|[88]|this.PricebookEntryId|"01u09000003Q0OaAAK"|0x237d31ac
17:26:14.3 (300478627)|VARIABLE_SCOPE_BEGIN|[88]|ordItem|OrderItem|true|false
17:26:14.3 (300509909)|VARIABLE_ASSIGNMENT|[88]|ordItem|{"Quantity":10,"UnitPrice":50,"OrderId":"80109000002rJGiAAM","PricebookEntryId":"01u09000003Q0OaAAK"}|0x237d31ac
17:26:14.3 (300524058)|STATEMENT_EXECUTE|[89]
17:26:14.3 (300547214)|HEAP_ALLOCATE|[89]|Bytes:8
17:26:14.3 (300564098)|DML_BEGIN|[89]|Op:Insert|Type:OrderItem|Rows:1
17:26:14.3 (300613222)|HEAP_ALLOCATE|[EXTERNAL]|Bytes:8
17:26:14.3 (340829675)|CODE_UNIT_STARTED|[EXTERNAL]|Workflow:Order
17:26:14.3 (340878556)|CODE_UNIT_FINISHED|Workflow:Order
17:26:14.3 (347084750)|DML_END|[89]
17:26:14.3 (347124773)|STATEMENT_EXECUTE|[90]
17:26:14.3 (347217273)|HEAP_ALLOCATE|[90]|Bytes:11
17:26:14.3 (347258558)|USER_DEBUG|[90]|DEBUG|totalamnull
17:26:14.3 (347279074)|STATEMENT_EXECUTE|[91]
17:26:14.3 (347361730)|HEAP_ALLOCATE|[91]|Bytes:125
17:26:14.3 (347381613)|HEAP_ALLOCATE|[91]|Bytes:128
17:26:14.3 (347402398)|USER_DEBUG|[91]|DEBUG|odiOrderItem:{Quantity=10, UnitPrice=50, OrderId=80109000002rJGiAAM, PricebookEntryId=01u09000003Q0OaAAK, Id=80209000000o4smAAA}
17:26:14.3 (347416535)|STATEMENT_EXECUTE|[92]
17:26:14.3 (347440983)|HEAP_ALLOCATE|[92]|Bytes:4
17:26:14.3 (347741065)|SOQL_EXECUTE_BEGIN|[92]|Aggregations:0|SELECT Id, TotalAmount, ShipmentCost__c FROM Order WHERE Id = :tmpVar1
17:26:14.3 (351184498)|SOQL_EXECUTE_END|[92]|Rows:1
17:26:14.3 (351222551)|HEAP_ALLOCATE|[92]|Bytes:8
17:26:14.3 (351261537)|HEAP_ALLOCATE|[92]|Bytes:135
17:26:14.3 (351317123)|HEAP_ALLOCATE|[92]|Bytes:8
17:26:14.3 (351360928)|HEAP_ALLOCATE|[92]|Bytes:16
17:26:14.3 (351402082)|METHOD_EXIT|[34]|01p0900000I3NqH|DataFactory.generateOrderItem(String, String, String, Integer, Integer, String, Integer)
17:26:14.3 (351431286)|HEAP_ALLOCATE|[EXTERNAL]|Bytes:4
17:26:14.3 (351445871)|HEAP_ALLOCATE|[33]|Bytes:4
17:26:14.3 (351468502)|VARIABLE_ASSIGNMENT|[33]|i|2
17:26:14.3 (351485072)|STATEMENT_EXECUTE|[33]
17:26:14.3 (351487191)|STATEMENT_EXECUTE|[34]
17:26:14.3 (351511067)|HEAP_ALLOCATE|[34]|Bytes:1
17:26:14.3 (351529190)|HEAP_ALLOCATE|[34]|Bytes:3
17:26:14.3 (351543088)|HEAP_ALLOCATE|[34]|Bytes:1
17:26:14.3 (351558090)|HEAP_ALLOCATE|[34]|Bytes:3
17:26:14.3 (351572770)|METHOD_ENTRY|[34]|01p0900000I3NqH|DataFactory.generateOrderItem(String, String, String, Integer, Integer, String, Integer)
17:26:14.3 (351591465)|VARIABLE_SCOPE_BEGIN|[58]|nameAccount|String|false|false
17:26:14.3 (351611912)|VARIABLE_ASSIGNMENT|[58]|nameAccount|"A"
17:26:14.3 (351621408)|VARIABLE_SCOPE_BEGIN|[58]|nameProduct|String|false|false
17:26:14.3 (351637365)|VARIABLE_ASSIGNMENT|[58]|nameProduct|"Po2"
17:26:14.3 (351646049)|VARIABLE_SCOPE_BEGIN|[58]|familyProduct|String|false|false
17:26:14.3 (351660169)|VARIABLE_ASSIGNMENT|[58]|familyProduct|"Fo2"
17:26:14.3 (351668160)|VARIABLE_SCOPE_BEGIN|[58]|ProductQuantity|Integer|false|false
17:26:14.3 (351682927)|VARIABLE_ASSIGNMENT|[58]|ProductQuantity|10
17:26:14.3 (351689776)|VARIABLE_SCOPE_BEGIN|[58]|ProductPrice|Integer|false|false
17:26:14.3 (351703535)|VARIABLE_ASSIGNMENT|[58]|ProductPrice|50
17:26:14.3 (351712405)|VARIABLE_SCOPE_BEGIN|[58]|statu|String|false|false
17:26:14.3 (351724454)|VARIABLE_ASSIGNMENT|[58]|statu|"Ordered"
17:26:14.3 (351732881)|VARIABLE_SCOPE_BEGIN|[58]|shipmentCost|Integer|false|false
17:26:14.3 (351745958)|VARIABLE_ASSIGNMENT|[58]|shipmentCost|10
17:26:14.3 (351791799)|HEAP_ALLOCATE|[61]|Bytes:5
17:26:14.3 (351798830)|STATEMENT_EXECUTE|[58]
17:26:14.3 (351801580)|STATEMENT_EXECUTE|[61]
17:26:14.3 (351816967)|USER_DEBUG|[61]|DEBUG|icistart
17:26:14.3 (351831356)|STATEMENT_EXECUTE|[63]
17:26:14.3 (351840935)|VARIABLE_SCOPE_BEGIN|[63]|acc|Account|true|false
17:26:14.3 (351869823)|VARIABLE_ASSIGNMENT|[63]|acc|null|
17:26:14.3 (351876786)|STATEMENT_EXECUTE|[64]
17:26:14.3 (351895447)|HEAP_ALLOCATE|[64]|Bytes:4
17:26:14.3 (352135114)|SOQL_EXECUTE_BEGIN|[64]|Aggregations:0|SELECT Id FROM Account WHERE Name = :tmpVar1
17:26:14.3 (357420979)|SOQL_EXECUTE_END|[64]|Rows:1
17:26:14.3 (357457790)|HEAP_ALLOCATE|[64]|Bytes:8
17:26:14.3 (357497215)|HEAP_ALLOCATE|[64]|Bytes:29
17:26:14.3 (357553530)|HEAP_ALLOCATE|[64]|Bytes:8
17:26:14.3 (357578111)|VARIABLE_SCOPE_BEGIN|[64]|accs|List<Account>|true|false
17:26:14.3 (357640852)|VARIABLE_ASSIGNMENT|[64]|accs|[{"Id":"0010900000XWHw6AAH"}]|0x143005de
17:26:14.3 (357687139)|STATEMENT_EXECUTE|[68]
17:26:14.3 (357689808)|STATEMENT_EXECUTE|[69]
17:26:14.3 (357702967)|HEAP_ALLOCATE|[69]|Bytes:8
17:26:14.3 (357720165)|VARIABLE_ASSIGNMENT|[69]|acc|{"Id":"0010900000XWHw6AAH"}|0x7b31de5c
17:26:14.3 (357732099)|STATEMENT_EXECUTE|[73]
17:26:14.3 (357757988)|HEAP_ALLOCATE|[73]|Bytes:4
17:26:14.3 (357821662)|VARIABLE_ASSIGNMENT|[73]|this.Name|"Po2"|0x1baebf25
17:26:14.3 (357848310)|VARIABLE_ASSIGNMENT|[73]|this.Family|"Fo2"|0x1baebf25
17:26:14.3 (357871757)|VARIABLE_SCOPE_BEGIN|[73]|product|Product2|true|false
17:26:14.3 (357897087)|VARIABLE_ASSIGNMENT|[73]|product|{"Name":"Po2","Family":"Fo2"}|0x1baebf25
17:26:14.3 (357913034)|STATEMENT_EXECUTE|[74]
17:26:14.3 (357935250)|HEAP_ALLOCATE|[74]|Bytes:8
17:26:14.3 (357949897)|DML_BEGIN|[74]|Op:Insert|Type:Product2|Rows:1
17:26:14.3 (357987040)|HEAP_ALLOCATE|[EXTERNAL]|Bytes:8
17:26:14.3 (370786495)|DML_END|[74]
17:26:14.3 (370831706)|STATEMENT_EXECUTE|[77]
17:26:14.3 (370863958)|HEAP_ALLOCATE|[77]|Bytes:4
17:26:14.3 (370910251)|METHOD_ENTRY|[78]||System.Test.getStandardPricebookId()
17:26:14.3 (371371473)|METHOD_EXIT|[78]||System.Test.getStandardPricebookId()
17:26:14.3 (371469502)|VARIABLE_ASSIGNMENT|[77]|this.Pricebook2Id|"01s09000005omFQAAY"|0x12e6a4d2
17:26:14.3 (371527124)|VARIABLE_ASSIGNMENT|[77]|this.Product2Id|"01t09000002WsZlAAK"|0x12e6a4d2
17:26:14.3 (371571149)|HEAP_ALLOCATE|[77]|Bytes:28
17:26:14.3 (371600527)|VARIABLE_ASSIGNMENT|[77]|this.UnitPrice|1020|0x12e6a4d2
17:26:14.3 (371626321)|VARIABLE_ASSIGNMENT|[77]|this.IsActive|true|0x12e6a4d2
17:26:14.3 (371655294)|VARIABLE_SCOPE_BEGIN|[77]|pbe|PricebookEntry|true|false
17:26:14.3 (371694536)|VARIABLE_ASSIGNMENT|[77]|pbe|{"Pricebook2Id":"01s09000005omFQAAY","Product2Id":"01t09000002WsZlAAK","UnitPrice":1020,"IsActive":true}|0x12e6a4d2
17:26:14.3 (371706962)|STATEMENT_EXECUTE|[83]
17:26:14.3 (371729119)|HEAP_ALLOCATE|[83]|Bytes:8
17:26:14.3 (371748712)|DML_BEGIN|[83]|Op:Insert|Type:PricebookEntry|Rows:1
17:26:14.3 (371786870)|HEAP_ALLOCATE|[EXTERNAL]|Bytes:8
17:26:14.3 (388870486)|DML_END|[83]
17:26:14.3 (388906844)|STATEMENT_EXECUTE|[85]
17:26:14.3 (388953409)|HEAP_ALLOCATE|[85]|Bytes:4
17:26:14.3 (389010296)|HEAP_ALLOCATE|[85]|Bytes:4
17:26:14.3 (389104334)|VARIABLE_ASSIGNMENT|[85]|this.EffectiveDate|"2021-07-09T00:00:00.000Z"|0x666449a5
17:26:14.3 (389139526)|VARIABLE_ASSIGNMENT|[85]|this.Status|"Ordered"|0x666449a5
17:26:14.3 (389160929)|METHOD_ENTRY|[85]||System.Test.getStandardPricebookId()
17:26:14.3 (389598616)|METHOD_EXIT|[85]||System.Test.getStandardPricebookId()
17:26:14.3 (389652872)|VARIABLE_ASSIGNMENT|[85]|this.Pricebook2Id|"01s09000005omFQAAY"|0x666449a5
17:26:14.3 (389702431)|VARIABLE_ASSIGNMENT|[85]|this.AccountId|"0010900000XWHw6AAH"|0x666449a5
17:26:14.3 (389733275)|HEAP_ALLOCATE|[85]|Bytes:28
17:26:14.3 (389739340)|HEAP_ALLOCATE|[85]|Bytes:28
17:26:14.3 (389774650)|VARIABLE_ASSIGNMENT|[85]|this.ShipmentCost__c|10|0x666449a5
17:26:14.3 (389805371)|VARIABLE_SCOPE_BEGIN|[85]|ord|Order|true|false
17:26:14.3 (389855150)|VARIABLE_ASSIGNMENT|[85]|ord|{"EffectiveDate":"2021-07-09T00:00:00.000Z","Status":"Ordered","Pricebook2Id":"01s09000005omFQAAY","AccountId":"0010900000XWHw6AAH","ShipmentCost__c":10}|0x666449a5
17:26:14.3 (389870624)|STATEMENT_EXECUTE|[86]
17:26:14.3 (389891251)|HEAP_ALLOCATE|[86]|Bytes:8
17:26:14.3 (389905491)|DML_BEGIN|[86]|Op:Insert|Type:Order|Rows:1
17:26:14.3 (389947123)|HEAP_ALLOCATE|[EXTERNAL]|Bytes:8
17:26:15.5 (1005286384)|DML_END|[86]
17:26:15.5 (1005334726)|STATEMENT_EXECUTE|[88]
17:26:15.5 (1005375286)|HEAP_ALLOCATE|[88]|Bytes:4
17:26:15.5 (1005442134)|HEAP_ALLOCATE|[88]|Bytes:28
17:26:15.5 (1005447924)|HEAP_ALLOCATE|[88]|Bytes:28
17:26:15.5 (1005516330)|VARIABLE_ASSIGNMENT|[88]|this.Quantity|10|0x48639af6
17:26:15.5 (1005527366)|HEAP_ALLOCATE|[88]|Bytes:28
17:26:15.5 (1005547802)|VARIABLE_ASSIGNMENT|[88]|this.UnitPrice|50|0x48639af6
17:26:15.5 (1005591556)|VARIABLE_ASSIGNMENT|[88]|this.OrderId|"80109000002rJGjAAM"|0x48639af6
17:26:15.5 (1005618333)|VARIABLE_ASSIGNMENT|[88]|this.PricebookEntryId|"01u09000003Q0ObAAK"|0x48639af6
17:26:15.5 (1005646313)|VARIABLE_SCOPE_BEGIN|[88]|ordItem|OrderItem|true|false
17:26:15.5 (1005680284)|VARIABLE_ASSIGNMENT|[88]|ordItem|{"Quantity":10,"UnitPrice":50,"OrderId":"80109000002rJGjAAM","PricebookEntryId":"01u09000003Q0ObAAK"}|0x48639af6
17:26:15.5 (1005687627)|STATEMENT_EXECUTE|[89]
17:26:15.5 (1005712022)|HEAP_ALLOCATE|[89]|Bytes:8
17:26:15.5 (1005727125)|DML_BEGIN|[89]|Op:Insert|Type:OrderItem|Rows:1
17:26:15.5 (1005776662)|HEAP_ALLOCATE|[EXTERNAL]|Bytes:8
17:26:15.5 (1051016421)|CODE_UNIT_STARTED|[EXTERNAL]|Workflow:Order
17:26:15.5 (1051072544)|CODE_UNIT_FINISHED|Workflow:Order
17:26:15.5 (1056954940)|DML_END|[89]
17:26:15.5 (1056989975)|STATEMENT_EXECUTE|[90]
17:26:15.5 (1057048692)|HEAP_ALLOCATE|[90]|Bytes:11
17:26:15.5 (1057077259)|USER_DEBUG|[90]|DEBUG|totalamnull
17:26:15.5 (1057087077)|STATEMENT_EXECUTE|[91]
17:26:15.5 (1057156015)|HEAP_ALLOCATE|[91]|Bytes:125
17:26:15.5 (1057197656)|HEAP_ALLOCATE|[91]|Bytes:128
17:26:15.5 (1057207175)|USER_DEBUG|[91]|DEBUG|odiOrderItem:{Quantity=10, UnitPrice=50, OrderId=80109000002rJGjAAM, PricebookEntryId=01u09000003Q0ObAAK, Id=80209000000o4snAAA}
17:26:15.5 (1057215863)|STATEMENT_EXECUTE|[92]
17:26:15.5 (1057237658)|HEAP_ALLOCATE|[92]|Bytes:4
17:26:15.5 (1057532344)|SOQL_EXECUTE_BEGIN|[92]|Aggregations:0|SELECT Id, TotalAmount, ShipmentCost__c FROM Order WHERE Id = :tmpVar1
17:26:15.5 (1060501648)|SOQL_EXECUTE_END|[92]|Rows:1
17:26:15.5 (1060541081)|HEAP_ALLOCATE|[92]|Bytes:8
17:26:15.5 (1060583088)|HEAP_ALLOCATE|[92]|Bytes:135
17:26:15.5 (1060633439)|HEAP_ALLOCATE|[92]|Bytes:8
17:26:15.5 (1060674456)|HEAP_ALLOCATE|[92]|Bytes:16
17:26:15.5 (1060704634)|METHOD_EXIT|[34]|01p0900000I3NqH|DataFactory.generateOrderItem(String, String, String, Integer, Integer, String, Integer)
17:26:15.5 (1060728639)|HEAP_ALLOCATE|[EXTERNAL]|Bytes:4
17:26:15.5 (1060760900)|HEAP_ALLOCATE|[33]|Bytes:4
17:26:15.5 (1060782049)|VARIABLE_ASSIGNMENT|[33]|i|3
17:26:15.5 (1060798506)|STATEMENT_EXECUTE|[33]
17:26:15.5 (1060800564)|STATEMENT_EXECUTE|[34]
17:26:15.5 (1060824148)|HEAP_ALLOCATE|[34]|Bytes:1
17:26:15.5 (1060843148)|HEAP_ALLOCATE|[34]|Bytes:3
17:26:15.5 (1060853671)|HEAP_ALLOCATE|[34]|Bytes:1
17:26:15.5 (1060862665)|HEAP_ALLOCATE|[34]|Bytes:3
17:26:15.5 (1060873763)|METHOD_ENTRY|[34]|01p0900000I3NqH|DataFactory.generateOrderItem(String, String, String, Integer, Integer, String, Integer)
17:26:15.5 (1060885507)|VARIABLE_SCOPE_BEGIN|[58]|nameAccount|String|false|false
17:26:15.5 (1060899147)|VARIABLE_ASSIGNMENT|[58]|nameAccount|"A"
17:26:15.5 (1060904112)|VARIABLE_SCOPE_BEGIN|[58]|nameProduct|String|false|false
17:26:15.5 (1060912727)|VARIABLE_ASSIGNMENT|[58]|nameProduct|"Po3"
17:26:15.5 (1060917252)|VARIABLE_SCOPE_BEGIN|[58]|familyProduct|String|false|false
17:26:15.5 (1060925189)|VARIABLE_ASSIGNMENT|[58]|familyProduct|"Fo3"
17:26:15.5 (1060929655)|VARIABLE_SCOPE_BEGIN|[58]|ProductQuantity|Integer|false|false
17:26:15.5 (1060939973)|VARIABLE_ASSIGNMENT|[58]|ProductQuantity|10
17:26:15.5 (1060946945)|VARIABLE_SCOPE_BEGIN|[58]|ProductPrice|Integer|false|false
17:26:15.5 (1060957158)|VARIABLE_ASSIGNMENT|[58]|ProductPrice|50
17:26:15.5 (1060963214)|VARIABLE_SCOPE_BEGIN|[58]|statu|String|false|false
17:26:15.5 (1060973316)|VARIABLE_ASSIGNMENT|[58]|statu|"Ordered"
17:26:15.5 (1060977503)|VARIABLE_SCOPE_BEGIN|[58]|shipmentCost|Integer|false|false
17:26:15.5 (1060984654)|VARIABLE_ASSIGNMENT|[58]|shipmentCost|10
17:26:15.5 (1061021015)|HEAP_ALLOCATE|[61]|Bytes:5
17:26:15.5 (1061026268)|STATEMENT_EXECUTE|[58]
17:26:15.5 (1061028268)|STATEMENT_EXECUTE|[61]
17:26:15.5 (1061044080)|USER_DEBUG|[61]|DEBUG|icistart
17:26:15.5 (1061052830)|STATEMENT_EXECUTE|[63]
17:26:15.5 (1061060134)|VARIABLE_SCOPE_BEGIN|[63]|acc|Account|true|false
17:26:15.5 (1061071294)|VARIABLE_ASSIGNMENT|[63]|acc|null|
17:26:15.5 (1061075787)|STATEMENT_EXECUTE|[64]
17:26:15.5 (1061091919)|HEAP_ALLOCATE|[64]|Bytes:4
17:26:15.5 (1061325660)|SOQL_EXECUTE_BEGIN|[64]|Aggregations:0|SELECT Id FROM Account WHERE Name = :tmpVar1
17:26:15.5 (1065823047)|SOQL_EXECUTE_END|[64]|Rows:1
17:26:15.5 (1065873833)|HEAP_ALLOCATE|[64]|Bytes:8
17:26:15.5 (1065912323)|HEAP_ALLOCATE|[64]|Bytes:29
17:26:15.5 (1065960368)|HEAP_ALLOCATE|[64]|Bytes:8
17:26:15.5 (1065988889)|VARIABLE_SCOPE_BEGIN|[64]|accs|List<Account>|true|false
17:26:15.5 (1066034670)|VARIABLE_ASSIGNMENT|[64]|accs|[{"Id":"0010900000XWHw6AAH"}]|0x56d26c53
17:26:15.5 (1066078627)|STATEMENT_EXECUTE|[68]
17:26:15.5 (1066081396)|STATEMENT_EXECUTE|[69]
17:26:15.5 (1066097578)|HEAP_ALLOCATE|[69]|Bytes:8
17:26:15.5 (1066115761)|VARIABLE_ASSIGNMENT|[69]|acc|{"Id":"0010900000XWHw6AAH"}|0x653f5d7d
17:26:15.5 (1066121553)|STATEMENT_EXECUTE|[73]
17:26:15.5 (1066151486)|HEAP_ALLOCATE|[73]|Bytes:4
17:26:15.5 (1066208106)|VARIABLE_ASSIGNMENT|[73]|this.Name|"Po3"|0x384cc853
17:26:15.5 (1066228060)|VARIABLE_ASSIGNMENT|[73]|this.Family|"Fo3"|0x384cc853
17:26:15.5 (1066245374)|VARIABLE_SCOPE_BEGIN|[73]|product|Product2|true|false
17:26:15.5 (1066261435)|VARIABLE_ASSIGNMENT|[73]|product|{"Name":"Po3","Family":"Fo3"}|0x384cc853
17:26:15.5 (1066267321)|STATEMENT_EXECUTE|[74]
17:26:15.5 (1066285786)|HEAP_ALLOCATE|[74]|Bytes:8
17:26:15.5 (1066299167)|DML_BEGIN|[74]|Op:Insert|Type:Product2|Rows:1
17:26:15.5 (1066338952)|HEAP_ALLOCATE|[EXTERNAL]|Bytes:8
17:26:15.5 (1079427519)|DML_END|[74]
17:26:15.5 (1079464543)|STATEMENT_EXECUTE|[77]
17:26:15.5 (1079494947)|HEAP_ALLOCATE|[77]|Bytes:4
17:26:15.5 (1079537679)|METHOD_ENTRY|[78]||System.Test.getStandardPricebookId()
17:26:15.5 (1079967515)|METHOD_EXIT|[78]||System.Test.getStandardPricebookId()
17:26:15.5 (1080045867)|VARIABLE_ASSIGNMENT|[77]|this.Pricebook2Id|"01s09000005omFQAAY"|0x1123563d
17:26:15.5 (1080084489)|VARIABLE_ASSIGNMENT|[77]|this.Product2Id|"01t09000002WsZmAAK"|0x1123563d
17:26:15.5 (1080115850)|HEAP_ALLOCATE|[77]|Bytes:28
17:26:15.5 (1080138437)|VARIABLE_ASSIGNMENT|[77]|this.UnitPrice|1020|0x1123563d
17:26:15.5 (1080158432)|VARIABLE_ASSIGNMENT|[77]|this.IsActive|true|0x1123563d
17:26:15.5 (1080186069)|VARIABLE_SCOPE_BEGIN|[77]|pbe|PricebookEntry|true|false
17:26:15.5 (1080214542)|VARIABLE_ASSIGNMENT|[77]|pbe|{"Pricebook2Id":"01s09000005omFQAAY","Product2Id":"01t09000002WsZmAAK","UnitPrice":1020,"IsActive":true}|0x1123563d
17:26:15.5 (1080221003)|STATEMENT_EXECUTE|[83]
17:26:15.5 (1080243727)|HEAP_ALLOCATE|[83]|Bytes:8
17:26:15.5 (1080256875)|DML_BEGIN|[83]|Op:Insert|Type:PricebookEntry|Rows:1
17:26:15.5 (1080295998)|HEAP_ALLOCATE|[EXTERNAL]|Bytes:8
17:26:15.5 (1096559056)|DML_END|[83]
17:26:15.5 (1096594330)|STATEMENT_EXECUTE|[85]
17:26:15.5 (1096628324)|HEAP_ALLOCATE|[85]|Bytes:4
17:26:15.5 (1096684877)|HEAP_ALLOCATE|[85]|Bytes:4
17:26:15.5 (1096792413)|VARIABLE_ASSIGNMENT|[85]|this.EffectiveDate|"2021-07-09T00:00:00.000Z"|0x7cbba559
17:26:15.5 (1096819380)|VARIABLE_ASSIGNMENT|[85]|this.Status|"Ordered"|0x7cbba559
17:26:15.5 (1096837889)|METHOD_ENTRY|[85]||System.Test.getStandardPricebookId()
17:26:15.5 (1097330122)|METHOD_EXIT|[85]||System.Test.getStandardPricebookId()
17:26:15.5 (1097399815)|VARIABLE_ASSIGNMENT|[85]|this.Pricebook2Id|"01s09000005omFQAAY"|0x7cbba559
17:26:15.5 (1097438793)|VARIABLE_ASSIGNMENT|[85]|this.AccountId|"0010900000XWHw6AAH"|0x7cbba559
17:26:15.5 (1097467830)|HEAP_ALLOCATE|[85]|Bytes:28
17:26:15.5 (1097473463)|HEAP_ALLOCATE|[85]|Bytes:28
17:26:15.5 (1097515758)|VARIABLE_ASSIGNMENT|[85]|this.ShipmentCost__c|10|0x7cbba559
17:26:15.5 (1097543274)|VARIABLE_SCOPE_BEGIN|[85]|ord|Order|true|false
17:26:15.5 (1097584825)|VARIABLE_ASSIGNMENT|[85]|ord|{"EffectiveDate":"2021-07-09T00:00:00.000Z","Status":"Ordered","Pricebook2Id":"01s09000005omFQAAY","AccountId":"0010900000XWHw6AAH","ShipmentCost__c":10}|0x7cbba559
17:26:15.5 (1097592675)|STATEMENT_EXECUTE|[86]
17:26:15.5 (1097615028)|HEAP_ALLOCATE|[86]|Bytes:8
17:26:15.5 (1097629422)|DML_BEGIN|[86]|Op:Insert|Type:Order|Rows:1
17:26:15.5 (1097668727)|HEAP_ALLOCATE|[EXTERNAL]|Bytes:8
17:26:15.5 (1116921348)|DML_END|[86]
17:26:15.5 (1116954062)|STATEMENT_EXECUTE|[88]
17:26:15.5 (1116982058)|HEAP_ALLOCATE|[88]|Bytes:4
17:26:15.5 (1117021857)|HEAP_ALLOCATE|[88]|Bytes:28
17:26:15.5 (1117027779)|HEAP_ALLOCATE|[88]|Bytes:28
17:26:15.5 (1117084422)|VARIABLE_ASSIGNMENT|[88]|this.Quantity|10|0x4bcf4324
17:26:15.5 (1117095159)|HEAP_ALLOCATE|[88]|Bytes:28
17:26:15.5 (1117114487)|VARIABLE_ASSIGNMENT|[88]|this.UnitPrice|50|0x4bcf4324
17:26:15.5 (1117155109)|VARIABLE_ASSIGNMENT|[88]|this.OrderId|"80109000002rJGkAAM"|0x4bcf4324
17:26:15.5 (1117179254)|VARIABLE_ASSIGNMENT|[88]|this.PricebookEntryId|"01u09000003Q0OcAAK"|0x4bcf4324
17:26:15.5 (1117201601)|VARIABLE_SCOPE_BEGIN|[88]|ordItem|OrderItem|true|false
17:26:15.5 (1117230234)|VARIABLE_ASSIGNMENT|[88]|ordItem|{"Quantity":10,"UnitPrice":50,"OrderId":"80109000002rJGkAAM","PricebookEntryId":"01u09000003Q0OcAAK"}|0x4bcf4324
17:26:15.5 (1117236911)|STATEMENT_EXECUTE|[89]
17:26:15.5 (1117256058)|HEAP_ALLOCATE|[89]|Bytes:8
17:26:15.5 (1117268924)|DML_BEGIN|[89]|Op:Insert|Type:OrderItem|Rows:1
17:26:15.5 (1117311339)|HEAP_ALLOCATE|[EXTERNAL]|Bytes:8
17:26:15.5 (1156845350)|CODE_UNIT_STARTED|[EXTERNAL]|Workflow:Order
17:26:15.5 (1156897943)|CODE_UNIT_FINISHED|Workflow:Order
17:26:15.5 (1162292548)|DML_END|[89]
17:26:15.5 (1162329343)|STATEMENT_EXECUTE|[90]
17:26:15.5 (1162407166)|HEAP_ALLOCATE|[90]|Bytes:11
17:26:15.5 (1162444998)|USER_DEBUG|[90]|DEBUG|totalamnull
17:26:15.5 (1162457632)|STATEMENT_EXECUTE|[91]
17:26:15.5 (1162538025)|HEAP_ALLOCATE|[91]|Bytes:125
17:26:15.5 (1162554175)|HEAP_ALLOCATE|[91]|Bytes:128
17:26:15.5 (1162583228)|USER_DEBUG|[91]|DEBUG|odiOrderItem:{Quantity=10, UnitPrice=50, OrderId=80109000002rJGkAAM, PricebookEntryId=01u09000003Q0OcAAK, Id=80209000000o4soAAA}
17:26:15.5 (1162592816)|STATEMENT_EXECUTE|[92]
17:26:15.5 (1162616335)|HEAP_ALLOCATE|[92]|Bytes:4
17:26:15.5 (1162883483)|SOQL_EXECUTE_BEGIN|[92]|Aggregations:0|SELECT Id, TotalAmount, ShipmentCost__c FROM Order WHERE Id = :tmpVar1
17:26:15.5 (1165296338)|SOQL_EXECUTE_END|[92]|Rows:1
17:26:15.5 (1165326915)|HEAP_ALLOCATE|[92]|Bytes:8
17:26:15.5 (1165368047)|HEAP_ALLOCATE|[92]|Bytes:135
17:26:15.5 (1165423983)|HEAP_ALLOCATE|[92]|Bytes:8
17:26:15.5 (1165457932)|HEAP_ALLOCATE|[92]|Bytes:16
17:26:15.5 (1165483266)|METHOD_EXIT|[34]|01p0900000I3NqH|DataFactory.generateOrderItem(String, String, String, Integer, Integer, String, Integer)
17:26:15.5 (1165503726)|HEAP_ALLOCATE|[EXTERNAL]|Bytes:4
17:26:15.5 (1165514131)|HEAP_ALLOCATE|[33]|Bytes:4
17:26:15.5 (1165533816)|VARIABLE_ASSIGNMENT|[33]|i|4
17:26:15.5 (1165546230)|STATEMENT_EXECUTE|[33]
17:26:15.5 (1165548770)|STATEMENT_EXECUTE|[34]
17:26:15.5 (1165569431)|HEAP_ALLOCATE|[34]|Bytes:1
17:26:15.5 (1165582850)|HEAP_ALLOCATE|[34]|Bytes:3
17:26:15.5 (1165592853)|HEAP_ALLOCATE|[34]|Bytes:1
17:26:15.5 (1165603434)|HEAP_ALLOCATE|[34]|Bytes:3
17:26:15.5 (1165613871)|METHOD_ENTRY|[34]|01p0900000I3NqH|DataFactory.generateOrderItem(String, String, String, Integer, Integer, String, Integer)
17:26:15.5 (1165623811)|VARIABLE_SCOPE_BEGIN|[58]|nameAccount|String|false|false
17:26:15.5 (1165637914)|VARIABLE_ASSIGNMENT|[58]|nameAccount|"A"
17:26:15.5 (1165643056)|VARIABLE_SCOPE_BEGIN|[58]|nameProduct|String|false|false
17:26:15.5 (1165651288)|VARIABLE_ASSIGNMENT|[58]|nameProduct|"Po4"
17:26:15.5 (1165655454)|VARIABLE_SCOPE_BEGIN|[58]|familyProduct|String|false|false
17:26:15.5 (1165667162)|VARIABLE_ASSIGNMENT|[58]|familyProduct|"Fo4"
17:26:15.5 (1165671647)|VARIABLE_SCOPE_BEGIN|[58]|ProductQuantity|Integer|false|false
17:26:15.5 (1165679181)|VARIABLE_ASSIGNMENT|[58]|ProductQuantity|10
17:26:15.5 (1165688732)|VARIABLE_SCOPE_BEGIN|[58]|ProductPrice|Integer|false|false
17:26:15.5 (1165701044)|VARIABLE_ASSIGNMENT|[58]|ProductPrice|50
17:26:15.5 (1165705260)|VARIABLE_SCOPE_BEGIN|[58]|statu|String|false|false
17:26:15.5 (1165713484)|VARIABLE_ASSIGNMENT|[58]|statu|"Ordered"
17:26:15.5 (1165717761)|VARIABLE_SCOPE_BEGIN|[58]|shipmentCost|Integer|false|false
17:26:15.5 (1165725404)|VARIABLE_ASSIGNMENT|[58]|shipmentCost|10
17:26:15.5 (1165762306)|HEAP_ALLOCATE|[61]|Bytes:5
17:26:15.5 (1165767205)|STATEMENT_EXECUTE|[58]
17:26:15.5 (1165769193)|STATEMENT_EXECUTE|[61]
17:26:15.5 (1165780115)|USER_DEBUG|[61]|DEBUG|icistart
17:26:15.5 (1165788000)|STATEMENT_EXECUTE|[63]
17:26:15.5 (1165794555)|VARIABLE_SCOPE_BEGIN|[63]|acc|Account|true|false
17:26:15.5 (1165805119)|VARIABLE_ASSIGNMENT|[63]|acc|null|
17:26:15.5 (1165809442)|STATEMENT_EXECUTE|[64]
17:26:15.5 (1165823472)|HEAP_ALLOCATE|[64]|Bytes:4
17:26:15.5 (1166053767)|SOQL_EXECUTE_BEGIN|[64]|Aggregations:0|SELECT Id FROM Account WHERE Name = :tmpVar1
17:26:15.5 (1170139838)|SOQL_EXECUTE_END|[64]|Rows:1
17:26:15.5 (1170166815)|HEAP_ALLOCATE|[64]|Bytes:8
17:26:15.5 (1170199029)|HEAP_ALLOCATE|[64]|Bytes:29
17:26:15.5 (1170230596)|HEAP_ALLOCATE|[64]|Bytes:8
17:26:15.5 (1170247701)|VARIABLE_SCOPE_BEGIN|[64]|accs|List<Account>|true|false
17:26:15.5 (1170282083)|VARIABLE_ASSIGNMENT|[64]|accs|[{"Id":"0010900000XWHw6AAH"}]|0x6cedf625
17:26:15.5 (1170332889)|STATEMENT_EXECUTE|[68]
17:26:15.5 (1170334915)|STATEMENT_EXECUTE|[69]
17:26:15.5 (1170345308)|HEAP_ALLOCATE|[69]|Bytes:8
17:26:15.5 (1170361920)|VARIABLE_ASSIGNMENT|[69]|acc|{"Id":"0010900000XWHw6AAH"}|0x570077d1
17:26:15.5 (1170367672)|STATEMENT_EXECUTE|[73]
17:26:15.5 (1170390458)|HEAP_ALLOCATE|[73]|Bytes:4
17:26:15.5 (1170448998)|VARIABLE_ASSIGNMENT|[73]|this.Name|"Po4"|0x11f1b23b
17:26:15.5 (1170469016)|VARIABLE_ASSIGNMENT|[73]|this.Family|"Fo4"|0x11f1b23b
17:26:15.5 (1170484536)|VARIABLE_SCOPE_BEGIN|[73]|product|Product2|true|false
17:26:15.5 (1170501128)|VARIABLE_ASSIGNMENT|[73]|product|{"Name":"Po4","Family":"Fo4"}|0x11f1b23b
17:26:15.5 (1170507101)|STATEMENT_EXECUTE|[74]
17:26:15.5 (1170524380)|HEAP_ALLOCATE|[74]|Bytes:8
17:26:15.5 (1170535833)|DML_BEGIN|[74]|Op:Insert|Type:Product2|Rows:1
17:26:15.5 (1170565410)|HEAP_ALLOCATE|[EXTERNAL]|Bytes:8
17:26:15.5 (1183624147)|DML_END|[74]
17:26:15.5 (1183656405)|STATEMENT_EXECUTE|[77]
17:26:15.5 (1183688038)|HEAP_ALLOCATE|[77]|Bytes:4
17:26:15.5 (1183728206)|METHOD_ENTRY|[78]||System.Test.getStandardPricebookId()
17:26:15.5 (1184171338)|METHOD_EXIT|[78]||System.Test.getStandardPricebookId()
17:26:15.5 (1184257950)|VARIABLE_ASSIGNMENT|[77]|this.Pricebook2Id|"01s09000005omFQAAY"|0x6e53926
17:26:15.5 (1184292265)|VARIABLE_ASSIGNMENT|[77]|this.Product2Id|"01t09000002WsZnAAK"|0x6e53926
17:26:15.5 (1184316741)|HEAP_ALLOCATE|[77]|Bytes:28
17:26:15.5 (1184348908)|VARIABLE_ASSIGNMENT|[77]|this.UnitPrice|1020|0x6e53926
17:26:15.5 (1184368588)|VARIABLE_ASSIGNMENT|[77]|this.IsActive|true|0x6e53926
17:26:15.5 (1184401243)|VARIABLE_SCOPE_BEGIN|[77]|pbe|PricebookEntry|true|false
17:26:15.5 (1184429476)|VARIABLE_ASSIGNMENT|[77]|pbe|{"Pricebook2Id":"01s09000005omFQAAY","Product2Id":"01t09000002WsZnAAK","UnitPrice":1020,"IsActive":true}|0x6e53926
17:26:15.5 (1184436783)|STATEMENT_EXECUTE|[83]
17:26:15.5 (1184458077)|HEAP_ALLOCATE|[83]|Bytes:8
17:26:15.5 (1184470769)|DML_BEGIN|[83]|Op:Insert|Type:PricebookEntry|Rows:1
17:26:15.5 (1184505852)|HEAP_ALLOCATE|[EXTERNAL]|Bytes:8
17:26:15.5 (1198848878)|DML_END|[83]
17:26:15.5 (1198881537)|STATEMENT_EXECUTE|[85]
17:26:15.5 (1198918673)|HEAP_ALLOCATE|[85]|Bytes:4
17:26:15.5 (1198975718)|HEAP_ALLOCATE|[85]|Bytes:4
17:26:15.5 (1199055070)|VARIABLE_ASSIGNMENT|[85]|this.EffectiveDate|"2021-07-09T00:00:00.000Z"|0x6c50a575
17:26:15.5 (1199085241)|VARIABLE_ASSIGNMENT|[85]|this.Status|"Ordered"|0x6c50a575
17:26:15.5 (1199103385)|METHOD_ENTRY|[85]||System.Test.getStandardPricebookId()
17:26:15.5 (1199526398)|METHOD_EXIT|[85]||System.Test.getStandardPricebookId()
17:26:15.5 (1199566245)|VARIABLE_ASSIGNMENT|[85]|this.Pricebook2Id|"01s09000005omFQAAY"|0x6c50a575
17:26:15.5 (1199601362)|VARIABLE_ASSIGNMENT|[85]|this.AccountId|"0010900000XWHw6AAH"|0x6c50a575
17:26:15.5 (1199629711)|HEAP_ALLOCATE|[85]|Bytes:28
17:26:15.5 (1199634740)|HEAP_ALLOCATE|[85]|Bytes:28
17:26:15.5 (1199671790)|VARIABLE_ASSIGNMENT|[85]|this.ShipmentCost__c|10|0x6c50a575
17:26:15.5 (1199703463)|VARIABLE_SCOPE_BEGIN|[85]|ord|Order|true|false
17:26:15.5 (1199743612)|VARIABLE_ASSIGNMENT|[85]|ord|{"EffectiveDate":"2021-07-09T00:00:00.000Z","Status":"Ordered","Pricebook2Id":"01s09000005omFQAAY","AccountId":"0010900000XWHw6AAH","ShipmentCost__c":10}|0x6c50a575
17:26:15.5 (1199753840)|STATEMENT_EXECUTE|[86]
17:26:15.5 (1199780998)|HEAP_ALLOCATE|[86]|Bytes:8
17:26:15.5 (1199796620)|DML_BEGIN|[86]|Op:Insert|Type:Order|Rows:1
17:26:15.5 (1199834448)|HEAP_ALLOCATE|[EXTERNAL]|Bytes:8
17:26:15.5 (1218695538)|DML_END|[86]
17:26:15.5 (1218731979)|STATEMENT_EXECUTE|[88]
17:26:15.5 (1218766650)|HEAP_ALLOCATE|[88]|Bytes:4
17:26:15.5 (1218825301)|HEAP_ALLOCATE|[88]|Bytes:28
17:26:15.5 (1218831112)|HEAP_ALLOCATE|[88]|Bytes:28
17:26:15.5 (1218902012)|VARIABLE_ASSIGNMENT|[88]|this.Quantity|10|0x5a65ef8a
17:26:15.5 (1218913232)|HEAP_ALLOCATE|[88]|Bytes:28
17:26:15.5 (1218932768)|VARIABLE_ASSIGNMENT|[88]|this.UnitPrice|50|0x5a65ef8a
17:26:15.5 (1218974404)|VARIABLE_ASSIGNMENT|[88]|this.OrderId|"80109000002rJGlAAM"|0x5a65ef8a
17:26:15.5 (1219002735)|VARIABLE_ASSIGNMENT|[88]|this.PricebookEntryId|"01u09000003Q0OdAAK"|0x5a65ef8a
17:26:15.5 (1219032086)|VARIABLE_SCOPE_BEGIN|[88]|ordItem|OrderItem|true|false
17:26:15.5 (1219062413)|VARIABLE_ASSIGNMENT|[88]|ordItem|{"Quantity":10,"UnitPrice":50,"OrderId":"80109000002rJGlAAM","PricebookEntryId":"01u09000003Q0OdAAK"}|0x5a65ef8a
17:26:15.5 (1219069702)|STATEMENT_EXECUTE|[89]
17:26:15.5 (1219093017)|HEAP_ALLOCATE|[89]|Bytes:8
17:26:15.5 (1219105866)|DML_BEGIN|[89]|Op:Insert|Type:OrderItem|Rows:1
17:26:15.5 (1219150018)|HEAP_ALLOCATE|[EXTERNAL]|Bytes:8
17:26:15.5 (1254408989)|CODE_UNIT_STARTED|[EXTERNAL]|Workflow:Order
17:26:15.5 (1254462460)|CODE_UNIT_FINISHED|Workflow:Order
17:26:15.5 (1259721630)|DML_END|[89]
17:26:15.5 (1259758290)|STATEMENT_EXECUTE|[90]
17:26:15.5 (1259830006)|HEAP_ALLOCATE|[90]|Bytes:11
17:26:15.5 (1259860292)|USER_DEBUG|[90]|DEBUG|totalamnull
17:26:15.5 (1259871804)|STATEMENT_EXECUTE|[91]
17:26:15.5 (1259942806)|HEAP_ALLOCATE|[91]|Bytes:125
17:26:15.5 (1259955597)|HEAP_ALLOCATE|[91]|Bytes:128
17:26:15.5 (1259963742)|USER_DEBUG|[91]|DEBUG|odiOrderItem:{Quantity=10, UnitPrice=50, OrderId=80109000002rJGlAAM, PricebookEntryId=01u09000003Q0OdAAK, Id=80209000000o4spAAA}
17:26:15.5 (1259971481)|STATEMENT_EXECUTE|[92]
17:26:15.5 (1259995058)|HEAP_ALLOCATE|[92]|Bytes:4
17:26:15.5 (1260315453)|SOQL_EXECUTE_BEGIN|[92]|Aggregations:0|SELECT Id, TotalAmount, ShipmentCost__c FROM Order WHERE Id = :tmpVar1
17:26:15.5 (1263197036)|SOQL_EXECUTE_END|[92]|Rows:1
17:26:15.5 (1263227983)|HEAP_ALLOCATE|[92]|Bytes:8
17:26:15.5 (1263261723)|HEAP_ALLOCATE|[92]|Bytes:135
17:26:15.5 (1263309486)|HEAP_ALLOCATE|[92]|Bytes:8
17:26:15.5 (1263345395)|HEAP_ALLOCATE|[92]|Bytes:16
17:26:15.5 (1263371564)|METHOD_EXIT|[34]|01p0900000I3NqH|DataFactory.generateOrderItem(String, String, String, Integer, Integer, String, Integer)
17:26:15.5 (1263402128)|HEAP_ALLOCATE|[EXTERNAL]|Bytes:4
17:26:15.5 (1263413164)|HEAP_ALLOCATE|[33]|Bytes:4
17:26:15.5 (1263432314)|VARIABLE_ASSIGNMENT|[33]|i|5
17:26:15.5 (1263445511)|STATEMENT_EXECUTE|[33]
17:26:15.5 (1263447557)|STATEMENT_EXECUTE|[34]
17:26:15.5 (1263470673)|HEAP_ALLOCATE|[34]|Bytes:1
17:26:15.5 (1263484070)|HEAP_ALLOCATE|[34]|Bytes:3
17:26:15.5 (1263494091)|HEAP_ALLOCATE|[34]|Bytes:1
17:26:15.5 (1263503587)|HEAP_ALLOCATE|[34]|Bytes:3
17:26:15.5 (1263514230)|METHOD_ENTRY|[34]|01p0900000I3NqH|DataFactory.generateOrderItem(String, String, String, Integer, Integer, String, Integer)
17:26:15.5 (1263524378)|VARIABLE_SCOPE_BEGIN|[58]|nameAccount|String|false|false
17:26:15.5 (1263538512)|VARIABLE_ASSIGNMENT|[58]|nameAccount|"A"
17:26:15.5 (1263543170)|VARIABLE_SCOPE_BEGIN|[58]|nameProduct|String|false|false
17:26:15.5 (1263551518)|VARIABLE_ASSIGNMENT|[58]|nameProduct|"Po5"
17:26:15.5 (1263555843)|VARIABLE_SCOPE_BEGIN|[58]|familyProduct|String|false|false
17:26:15.5 (1263563373)|VARIABLE_ASSIGNMENT|[58]|familyProduct|"Fo5"
17:26:15.5 (1263567663)|VARIABLE_SCOPE_BEGIN|[58]|ProductQuantity|Integer|false|false
17:26:15.5 (1263575190)|VARIABLE_ASSIGNMENT|[58]|ProductQuantity|10
17:26:15.5 (1263579893)|VARIABLE_SCOPE_BEGIN|[58]|ProductPrice|Integer|false|false
17:26:15.5 (1263587351)|VARIABLE_ASSIGNMENT|[58]|ProductPrice|50
17:26:15.5 (1263591757)|VARIABLE_SCOPE_BEGIN|[58]|statu|String|false|false
17:26:15.5 (1263599952)|VARIABLE_ASSIGNMENT|[58]|statu|"Ordered"
17:26:15.5 (1263604298)|VARIABLE_SCOPE_BEGIN|[58]|shipmentCost|Integer|false|false
17:26:15.5 (1263611665)|VARIABLE_ASSIGNMENT|[58]|shipmentCost|10
17:26:15.5 (1263649204)|HEAP_ALLOCATE|[61]|Bytes:5
17:26:15.5 (1263653768)|STATEMENT_EXECUTE|[58]
17:26:15.5 (1263655710)|STATEMENT_EXECUTE|[61]
17:26:15.5 (1263667490)|USER_DEBUG|[61]|DEBUG|icistart
17:26:15.5 (1263676046)|STATEMENT_EXECUTE|[63]
17:26:15.5 (1263682986)|VARIABLE_SCOPE_BEGIN|[63]|acc|Account|true|false
17:26:15.5 (1263693364)|VARIABLE_ASSIGNMENT|[63]|acc|null|
17:26:15.5 (1263698087)|STATEMENT_EXECUTE|[64]
17:26:15.5 (1263712112)|HEAP_ALLOCATE|[64]|Bytes:4
17:26:15.5 (1263937748)|SOQL_EXECUTE_BEGIN|[64]|Aggregations:0|SELECT Id FROM Account WHERE Name = :tmpVar1
17:26:15.5 (1268197147)|SOQL_EXECUTE_END|[64]|Rows:1
17:26:15.5 (1268225490)|HEAP_ALLOCATE|[64]|Bytes:8
17:26:15.5 (1268259120)|HEAP_ALLOCATE|[64]|Bytes:29
17:26:15.5 (1268302706)|HEAP_ALLOCATE|[64]|Bytes:8
17:26:15.5 (1268320880)|VARIABLE_SCOPE_BEGIN|[64]|accs|List<Account>|true|false
17:26:15.5 (1268361525)|VARIABLE_ASSIGNMENT|[64]|accs|[{"Id":"0010900000XWHw6AAH"}]|0x4f90e976
17:26:15.5 (1268414993)|STATEMENT_EXECUTE|[68]
17:26:15.5 (1268417177)|STATEMENT_EXECUTE|[69]
17:26:15.5 (1268429587)|HEAP_ALLOCATE|[69]|Bytes:8
17:26:15.5 (1268446298)|VARIABLE_ASSIGNMENT|[69]|acc|{"Id":"0010900000XWHw6AAH"}|0x5ae085e0
17:26:15.5 (1268451957)|STATEMENT_EXECUTE|[73]
17:26:15.5 (1268475935)|HEAP_ALLOCATE|[73]|Bytes:4
17:26:15.5 (1268535793)|VARIABLE_ASSIGNMENT|[73]|this.Name|"Po5"|0x17bc9853
17:26:15.5 (1268556291)|VARIABLE_ASSIGNMENT|[73]|this.Family|"Fo5"|0x17bc9853
17:26:15.5 (1268572658)|VARIABLE_SCOPE_BEGIN|[73]|product|Product2|true|false
17:26:15.5 (1268589078)|VARIABLE_ASSIGNMENT|[73]|product|{"Name":"Po5","Family":"Fo5"}|0x17bc9853
17:26:15.5 (1268595180)|STATEMENT_EXECUTE|[74]
17:26:15.5 (1268612880)|HEAP_ALLOCATE|[74]|Bytes:8
17:26:15.5 (1268625078)|DML_BEGIN|[74]|Op:Insert|Type:Product2|Rows:1
17:26:15.5 (1268655811)|HEAP_ALLOCATE|[EXTERNAL]|Bytes:8
17:26:15.5 (1282336730)|DML_END|[74]
17:26:15.5 (1282367907)|STATEMENT_EXECUTE|[77]
17:26:15.5 (1282407312)|HEAP_ALLOCATE|[77]|Bytes:4
17:26:15.5 (1282448175)|METHOD_ENTRY|[78]||System.Test.getStandardPricebookId()
17:26:15.5 (1282863489)|METHOD_EXIT|[78]||System.Test.getStandardPricebookId()
17:26:15.5 (1282932955)|VARIABLE_ASSIGNMENT|[77]|this.Pricebook2Id|"01s09000005omFQAAY"|0x386d2c30
17:26:15.5 (1282969265)|VARIABLE_ASSIGNMENT|[77]|this.Product2Id|"01t09000002WsZoAAK"|0x386d2c30
17:26:15.5 (1282994396)|HEAP_ALLOCATE|[77]|Bytes:28
17:26:15.5 (1283016569)|VARIABLE_ASSIGNMENT|[77]|this.UnitPrice|1020|0x386d2c30
17:26:15.5 (1283037420)|VARIABLE_ASSIGNMENT|[77]|this.IsActive|true|0x386d2c30
17:26:15.5 (1283062609)|VARIABLE_SCOPE_BEGIN|[77]|pbe|PricebookEntry|true|false
17:26:15.5 (1283090845)|VARIABLE_ASSIGNMENT|[77]|pbe|{"Pricebook2Id":"01s09000005omFQAAY","Product2Id":"01t09000002WsZoAAK","UnitPrice":1020,"IsActive":true}|0x386d2c30
17:26:15.5 (1283097627)|STATEMENT_EXECUTE|[83]
17:26:15.5 (1283118158)|HEAP_ALLOCATE|[83]|Bytes:8
17:26:15.5 (1283131788)|DML_BEGIN|[83]|Op:Insert|Type:PricebookEntry|Rows:1
17:26:15.5 (1283166811)|HEAP_ALLOCATE|[EXTERNAL]|Bytes:8
17:26:15.5 (1297974420)|DML_END|[83]
17:26:15.5 (1298009664)|STATEMENT_EXECUTE|[85]
17:26:15.5 (1298041397)|HEAP_ALLOCATE|[85]|Bytes:4
17:26:15.5 (1298097471)|HEAP_ALLOCATE|[85]|Bytes:4
17:26:15.5 (1298179269)|VARIABLE_ASSIGNMENT|[85]|this.EffectiveDate|"2021-07-09T00:00:00.000Z"|0x7dd9ae12
17:26:15.5 (1298204412)|VARIABLE_ASSIGNMENT|[85]|this.Status|"Ordered"|0x7dd9ae12
17:26:15.5 (1298222262)|METHOD_ENTRY|[85]||System.Test.getStandardPricebookId()
17:26:15.5 (1298622430)|METHOD_EXIT|[85]||System.Test.getStandardPricebookId()
17:26:15.5 (1298661386)|VARIABLE_ASSIGNMENT|[85]|this.Pricebook2Id|"01s09000005omFQAAY"|0x7dd9ae12
17:26:15.5 (1298702461)|VARIABLE_ASSIGNMENT|[85]|this.AccountId|"0010900000XWHw6AAH"|0x7dd9ae12
17:26:15.5 (1298730443)|HEAP_ALLOCATE|[85]|Bytes:28
17:26:15.5 (1298735827)|HEAP_ALLOCATE|[85]|Bytes:28
17:26:15.5 (1298761924)|VARIABLE_ASSIGNMENT|[85]|this.ShipmentCost__c|10|0x7dd9ae12
17:26:15.5 (1298788361)|VARIABLE_SCOPE_BEGIN|[85]|ord|Order|true|false
17:26:15.5 (1298831828)|VARIABLE_ASSIGNMENT|[85]|ord|{"EffectiveDate":"2021-07-09T00:00:00.000Z","Status":"Ordered","Pricebook2Id":"01s09000005omFQAAY","AccountId":"0010900000XWHw6AAH","ShipmentCost__c":10}|0x7dd9ae12
17:26:15.5 (1298839333)|STATEMENT_EXECUTE|[86]
17:26:15.5 (1298859521)|HEAP_ALLOCATE|[86]|Bytes:8
17:26:15.5 (1298872387)|DML_BEGIN|[86]|Op:Insert|Type:Order|Rows:1
17:26:15.5 (1298911604)|HEAP_ALLOCATE|[EXTERNAL]|Bytes:8
17:26:15.5 (1318083594)|DML_END|[86]
17:26:15.5 (1318122367)|STATEMENT_EXECUTE|[88]
17:26:15.5 (1318154371)|HEAP_ALLOCATE|[88]|Bytes:4
17:26:15.5 (1318216668)|HEAP_ALLOCATE|[88]|Bytes:28
17:26:15.5 (1318222016)|HEAP_ALLOCATE|[88]|Bytes:28
17:26:15.5 (1318285526)|VARIABLE_ASSIGNMENT|[88]|this.Quantity|10|0x458f9d96
17:26:15.5 (1318296229)|HEAP_ALLOCATE|[88]|Bytes:28
17:26:15.5 (1318315753)|VARIABLE_ASSIGNMENT|[88]|this.UnitPrice|50|0x458f9d96
17:26:15.5 (1318355761)|VARIABLE_ASSIGNMENT|[88]|this.OrderId|"80109000002rJGmAAM"|0x458f9d96
17:26:15.5 (1318379890)|VARIABLE_ASSIGNMENT|[88]|this.PricebookEntryId|"01u09000003Q0OeAAK"|0x458f9d96
17:26:15.5 (1318414753)|VARIABLE_SCOPE_BEGIN|[88]|ordItem|OrderItem|true|false
17:26:15.5 (1318443764)|VARIABLE_ASSIGNMENT|[88]|ordItem|{"Quantity":10,"UnitPrice":50,"OrderId":"80109000002rJGmAAM","PricebookEntryId":"01u09000003Q0OeAAK"}|0x458f9d96
17:26:15.5 (1318450269)|STATEMENT_EXECUTE|[89]
17:26:15.5 (1318473517)|HEAP_ALLOCATE|[89]|Bytes:8
17:26:15.5 (1318486236)|DML_BEGIN|[89]|Op:Insert|Type:OrderItem|Rows:1
17:26:15.5 (1318529368)|HEAP_ALLOCATE|[EXTERNAL]|Bytes:8
17:26:15.5 (1355336070)|CODE_UNIT_STARTED|[EXTERNAL]|Workflow:Order
17:26:15.5 (1355385488)|CODE_UNIT_FINISHED|Workflow:Order
17:26:15.5 (1361059410)|DML_END|[89]
17:26:15.5 (1361096338)|STATEMENT_EXECUTE|[90]
17:26:15.5 (1361167545)|HEAP_ALLOCATE|[90]|Bytes:11
17:26:15.5 (1361197834)|USER_DEBUG|[90]|DEBUG|totalamnull
17:26:15.5 (1361206690)|STATEMENT_EXECUTE|[91]
17:26:15.5 (1361291573)|HEAP_ALLOCATE|[91]|Bytes:125
17:26:15.5 (1361304083)|HEAP_ALLOCATE|[91]|Bytes:128
17:26:15.5 (1361312466)|USER_DEBUG|[91]|DEBUG|odiOrderItem:{Quantity=10, UnitPrice=50, OrderId=80109000002rJGmAAM, PricebookEntryId=01u09000003Q0OeAAK, Id=80209000000o4sqAAA}
17:26:15.5 (1361320373)|STATEMENT_EXECUTE|[92]
17:26:15.5 (1361344746)|HEAP_ALLOCATE|[92]|Bytes:4
17:26:15.5 (1361676980)|SOQL_EXECUTE_BEGIN|[92]|Aggregations:0|SELECT Id, TotalAmount, ShipmentCost__c FROM Order WHERE Id = :tmpVar1
17:26:15.5 (1364579135)|SOQL_EXECUTE_END|[92]|Rows:1
17:26:15.5 (1364612063)|HEAP_ALLOCATE|[92]|Bytes:8
17:26:15.5 (1364655738)|HEAP_ALLOCATE|[92]|Bytes:135
17:26:15.5 (1364704776)|HEAP_ALLOCATE|[92]|Bytes:8
17:26:15.5 (1364742836)|HEAP_ALLOCATE|[92]|Bytes:16
17:26:15.5 (1364770575)|METHOD_EXIT|[34]|01p0900000I3NqH|DataFactory.generateOrderItem(String, String, String, Integer, Integer, String, Integer)
17:26:15.5 (1364792558)|HEAP_ALLOCATE|[EXTERNAL]|Bytes:4
17:26:15.5 (1364803441)|HEAP_ALLOCATE|[33]|Bytes:4
17:26:15.5 (1364823209)|VARIABLE_ASSIGNMENT|[33]|i|6
17:26:15.5 (1364837542)|STATEMENT_EXECUTE|[36]
17:26:15.5 (1364863958)|METHOD_ENTRY|[36]||System.Test.startTest()
17:26:15.5 (1366631657)|METHOD_EXIT|[36]||System.Test.startTest()
17:26:15.5 (1366644044)|STATEMENT_EXECUTE|[37]
17:26:15.5 (1366672395)|HEAP_ALLOCATE|[37]|Bytes:28
17:26:15.5 (1366694773)|HEAP_ALLOCATE|[37]|Bytes:16
17:26:15.5 (1366803801)|VARIABLE_ASSIGNMENT|[37]|this.ShipmentCost__c|100|0x2c5c9160
17:26:15.5 (1366810864)|STATEMENT_EXECUTE|[38]
17:26:15.5 (1366818412)|HEAP_ALLOCATE|[38]|Bytes:16
17:26:15.5 (1366870562)|HEAP_ALLOCATE|[38]|Bytes:8
17:26:15.5 (1366883306)|DML_BEGIN|[38]|Op:Update|Type:Order|Rows:1
17:26:15.5 (1366914609)|HEAP_ALLOCATE|[EXTERNAL]|Bytes:8
17:26:15.5 (1374769362)|CODE_UNIT_STARTED|[EXTERNAL]|01q09000000tc93|OrderAmount on Order trigger event BeforeUpdate|__sfdc_trigger/OrderAmount
17:26:15.5 (1374835287)|HEAP_ALLOCATE|[EXTERNAL]|Bytes:8
17:26:15.5 (1374899066)|HEAP_ALLOCATE|[EXTERNAL]|Bytes:8
17:26:15.5 (1375038626)|HEAP_ALLOCATE|[EXTERNAL]|Bytes:11
17:26:15.5 (1375063511)|HEAP_ALLOCATE|[EXTERNAL]|Bytes:4
17:26:15.5 (1375073859)|VARIABLE_SCOPE_BEGIN|[1]|this|OrderAmount|true|false
17:26:15.5 (1375118103)|VARIABLE_ASSIGNMENT|[1]|this|{}|0x776b6b64
17:26:15.5 (1375170042)|HEAP_ALLOCATE|[EXTERNAL]|Bytes:4
17:26:15.5 (1375178889)|VARIABLE_SCOPE_BEGIN|[1]|this|OrderAmount|true|false
17:26:15.5 (1375191662)|VARIABLE_ASSIGNMENT|[1]|this|{}|0x776b6b64
17:26:15.5 (1375199139)|STATEMENT_EXECUTE|[1]
17:26:15.5 (1375223778)|STATEMENT_EXECUTE|[9]
17:26:15.5 (1375230124)|STATEMENT_EXECUTE|[10]
17:26:15.5 (1375471738)|HEAP_ALLOCATE|[11]|Bytes:5
17:26:15.5 (1375494621)|HEAP_ALLOCATE|[11]|Bytes:4
17:26:15.5 (1375507002)|VARIABLE_SCOPE_BEGIN|[11]|a|Order|true|false
17:26:15.5 (1376373035)|VARIABLE_ASSIGNMENT|[11]|a|{"Status":"Ordered","LastModifiedDate":"2021-07-09T15:26:14.000Z","IsDeleted":false,"AccountId":"0010900000XWHw6AAH","OrderNumber":"00100101","TotalAmount":500.00,"StatusCode":"Draft","IsReductionOrder":false,"SystemModstamp":"2021-07-09T15:26:14.000Z","ShipmentCost__c":100.00,"OwnerId":"00509000003XTOGAA4","CreatedById":"00509000003XTOGAA4","CreatedDate":"2021-07-09T15:26:14.000Z","Pricebook2Id":"01s09000005omFQAAY","Id":"80109000002rJGhAAM","LastModifiedById":"00509000003XTOGAA4","EffectiveDate":"2021-07-09T00:00:00.000Z"}|0x27bb3cbc
17:26:15.5 (1376391137)|STATEMENT_EXECUTE|[11]
17:26:15.5 (1376441626)|HEAP_ALLOCATE|[12]|Bytes:28
17:26:15.5 (1376446790)|HEAP_ALLOCATE|[12]|Bytes:28
17:26:15.5 (1376533796)|STATEMENT_EXECUTE|[12]
17:26:15.5 (1376535809)|STATEMENT_EXECUTE|[13]
17:26:15.5 (1376585824)|HEAP_ALLOCATE|[13]|Bytes:28
17:26:15.5 (1377033685)|VARIABLE_ASSIGNMENT|[13]|this.NetAmount__c|400.00|0x27bb3cbc
17:26:15.5 (1377043374)|STATEMENT_EXECUTE|[14]
17:26:15.5 (1377048814)|HEAP_ALLOCATE|[14]|Bytes:3
17:26:15.5 (1377069723)|HEAP_ALLOCATE|[14]|Bytes:28
17:26:15.5 (1377107559)|HEAP_ALLOCATE|[14]|Bytes:6
17:26:15.5 (1377123090)|HEAP_ALLOCATE|[14]|Bytes:9
17:26:15.5 (1377144256)|USER_DEBUG|[14]|DEBUG|ici400.00
17:26:15.5 (1377167691)|HEAP_ALLOCATE|[11]|Bytes:5
17:26:15.5 (1377184987)|VARIABLE_ASSIGNMENT|[11]|a|null|
17:26:15.377 (1377202086)|CUMULATIVE_LIMIT_USAGE
17:26:15.377 (1377202086)|LIMIT_USAGE_FOR_NS|(default)|
  Number of SOQL queries: 12 out of 100
  Number of query rows: 11 out of 50000
  Number of SOSL queries: 0 out of 20
  Number of DML statements: 25 out of 150
  Number of Publish Immediate DML: 0 out of 150
  Number of DML rows: 25 out of 10000
  Maximum CPU time: 197 out of 10000
  Maximum heap size: 0 out of 6000000
  Number of callouts: 0 out of 100
  Number of Email Invocations: 0 out of 10
  Number of future calls: 0 out of 50
  Number of queueable jobs added to the queue: 0 out of 50
  Number of Mobile Apex push calls: 0 out of 10

17:26:15.377 (1377202086)|TESTING_LIMITS
17:26:15.377 (1377202086)|LIMIT_USAGE_FOR_NS|(default)|
  Number of SOQL queries: 0 out of 100
  Number of query rows: 0 out of 50000
  Number of SOSL queries: 0 out of 20
  Number of DML statements: 1 out of 150
  Number of Publish Immediate DML: 0 out of 150
  Number of DML rows: 1 out of 10000
  Maximum CPU time: 0 out of 10000
  Maximum heap size: 0 out of 6000000
  Number of callouts: 0 out of 100
  Number of Email Invocations: 0 out of 10
  Number of future calls: 0 out of 50
  Number of queueable jobs added to the queue: 0 out of 50
  Number of Mobile Apex push calls: 0 out of 10

17:26:15.377 (1377202086)|CUMULATIVE_LIMIT_USAGE_END

17:26:15.5 (1378356605)|CODE_UNIT_FINISHED|OrderAmount on Order trigger event BeforeUpdate|__sfdc_trigger/OrderAmount
17:26:15.5 (1396233158)|CODE_UNIT_STARTED|[EXTERNAL]|01q09000000tc93|OrderAmount on Order trigger event AfterUpdate|__sfdc_trigger/OrderAmount
17:26:15.5 (1396308948)|HEAP_ALLOCATE|[EXTERNAL]|Bytes:8
17:26:15.5 (1396369739)|HEAP_ALLOCATE|[EXTERNAL]|Bytes:8
17:26:15.5 (1396479893)|HEAP_ALLOCATE|[EXTERNAL]|Bytes:4
17:26:15.5 (1396492404)|VARIABLE_SCOPE_BEGIN|[1]|this|OrderAmount|true|false
17:26:15.5 (1396528767)|VARIABLE_ASSIGNMENT|[1]|this|{}|0x61d8acbf
17:26:15.5 (1396561173)|HEAP_ALLOCATE|[EXTERNAL]|Bytes:4
17:26:15.5 (1396567935)|VARIABLE_SCOPE_BEGIN|[1]|this|OrderAmount|true|false
17:26:15.5 (1396579603)|VARIABLE_ASSIGNMENT|[1]|this|{}|0x61d8acbf
17:26:15.5 (1396587437)|STATEMENT_EXECUTE|[1]
17:26:15.5 (1396604268)|STATEMENT_EXECUTE|[9]
17:26:15.5 (1396609245)|STATEMENT_EXECUTE|[28]
17:26:15.5 (1396611084)|STATEMENT_EXECUTE|[31]
17:26:15.5 (1400638698)|HEAP_ALLOCATE|[31]|Bytes:151
17:26:15.5 (1400664586)|HEAP_ALLOCATE|[31]|Bytes:243
17:26:15.5 (1400713218)|METHOD_ENTRY|[54]|01p0900000I3AXF|fflib_SObjectUnitOfWork.fflib_SObjectUnitOfWork()
17:26:15.5 (1400723811)|STATEMENT_EXECUTE|[54]
17:26:15.5 (1400729036)|STATEMENT_EXECUTE|[54]
17:26:15.5 (1400730612)|STATEMENT_EXECUTE|[96]
17:26:15.5 (1400732203)|STATEMENT_EXECUTE|[778]
17:26:15.5 (1400734350)|STATEMENT_EXECUTE|[853]
17:26:15.5 (1400736005)|STATEMENT_EXECUTE|[870]
17:26:15.5 (1400737525)|STATEMENT_EXECUTE|[882]
17:26:15.5 (1400739321)|STATEMENT_EXECUTE|[896]
17:26:15.5 (1400740981)|STATEMENT_EXECUTE|[906]
17:26:15.5 (1400750339)|METHOD_EXIT|[54]|fflib_SObjectUnitOfWork
17:26:15.5 (1401346120)|HEAP_ALLOCATE|[31]|Bytes:52
17:26:15.5 (1401370103)|HEAP_ALLOCATE|[32]|Bytes:4
17:26:15.5 (1401435123)|HEAP_ALLOCATE|[33]|Bytes:7
17:26:15.5 (1401517820)|CONSTRUCTOR_ENTRY|[31]|01p0900000I3AXF|<init>(List<Schema.SObjectType>)|fflib_SObjectUnitOfWork
17:26:15.5 (1401546121)|VARIABLE_SCOPE_BEGIN|[129]|this|fflib_SObjectUnitOfWork|true|false
17:26:15.5 (1401609841)|VARIABLE_ASSIGNMENT|[129]|this|{}|0x3d56280b
17:26:15.5 (1401618004)|VARIABLE_SCOPE_BEGIN|[129]|sObjectTypes|List<Schema.SObjectType>|true|false
17:26:15.5 (1401653479)|HEAP_ALLOCATE|[EXTERNAL]|Bytes:8
17:26:15.5 (1402027631)|VARIABLE_ASSIGNMENT|[129]|sObjectTypes|"common.apex.runtime.impl.ScalarList@6777c214"|0x57e8bcb7
17:26:15.5 (1402041053)|STATEMENT_EXECUTE|[131]
17:26:15.5 (1402267073)|HEAP_ALLOCATE|[131]|Bytes:18
17:26:15.5 (1402283916)|HEAP_ALLOCATE|[131]|Bytes:4
17:26:15.5 (1402301311)|CONSTRUCTOR_ENTRY|[131]|01p0900000I3AXF|<init>()|fflib_SObjectUnitOfWork.SimpleDML
17:26:15.5 (1402465186)|VARIABLE_SCOPE_BEGIN|[96]|this|fflib_SObjectUnitOfWork.SimpleDML|true|false
17:26:15.5 (1402492961)|VARIABLE_ASSIGNMENT|[96]|this|{}|0x127970b3
17:26:15.5 (1402503447)|HEAP_ALLOCATE|[EXTERNAL]|Bytes:6
17:26:15.5 (1402538354)|STATEMENT_EXECUTE|[96]
17:26:15.5 (1402543261)|CONSTRUCTOR_EXIT|[131]|01p0900000I3AXF|<init>()|fflib_SObjectUnitOfWork.SimpleDML
17:26:15.5 (1402559659)|CONSTRUCTOR_ENTRY|[131]|01p0900000I3AXF|<init>(List<Schema.SObjectType>,fflib_SObjectUnitOfWork.IDML)|fflib_SObjectUnitOfWork
17:26:15.5 (1402569561)|VARIABLE_SCOPE_BEGIN|[134]|this|fflib_SObjectUnitOfWork|true|false
17:26:15.5 (1402591802)|VARIABLE_ASSIGNMENT|[134]|this|{}|0x3d56280b
17:26:15.5 (1402602841)|VARIABLE_SCOPE_BEGIN|[134]|sObjectTypes|List<Schema.SObjectType>|true|false
17:26:15.5 (1402708083)|VARIABLE_ASSIGNMENT|[134]|sObjectTypes|"common.apex.runtime.impl.ScalarList@6777c214"|0x57e8bcb7
17:26:15.5 (1402715712)|VARIABLE_SCOPE_BEGIN|[134]|dml|fflib_SObjectUnitOfWork.IDML|true|false
17:26:15.5 (1402730657)|VARIABLE_ASSIGNMENT|[134]|dml|{}|0x127970b3
17:26:15.5 (1402738719)|STATEMENT_EXECUTE|[54]
17:26:15.5 (1402740532)|STATEMENT_EXECUTE|[57]
17:26:15.5 (1402752739)|HEAP_ALLOCATE|[57]|Bytes:4
17:26:15.5 (1402802482)|HEAP_ALLOCATE|[EXTERNAL]|Bytes:4
17:26:15.5 (1402812541)|VARIABLE_ASSIGNMENT|[57]|this.m_sObjectTypes|[]|0x3d56280b
17:26:15.5 (1402818025)|STATEMENT_EXECUTE|[59]
17:26:15.5 (1402833870)|HEAP_ALLOCATE|[59]|Bytes:4
17:26:15.5 (1402853825)|VARIABLE_ASSIGNMENT|[59]|this.m_newListByType|{}|0x3d56280b
17:26:15.5 (1402859065)|STATEMENT_EXECUTE|[61]
17:26:15.5 (1402871567)|HEAP_ALLOCATE|[61]|Bytes:4
17:26:15.5 (1402882348)|VARIABLE_ASSIGNMENT|[61]|this.m_dirtyMapByType|{}|0x3d56280b
17:26:15.5 (1402887747)|STATEMENT_EXECUTE|[63]
17:26:15.5 (1402897295)|HEAP_ALLOCATE|[63]|Bytes:4
17:26:15.5 (1402905291)|VARIABLE_ASSIGNMENT|[63]|this.m_deletedMapByType|{}|0x3d56280b
17:26:15.5 (1402910729)|STATEMENT_EXECUTE|[64]
17:26:15.5 (1402919471)|HEAP_ALLOCATE|[64]|Bytes:4
17:26:15.5 (1402927251)|VARIABLE_ASSIGNMENT|[64]|this.m_emptyRecycleBinMapByType|{}|0x3d56280b
17:26:15.5 (1402932821)|STATEMENT_EXECUTE|[66]
17:26:15.5 (1402939403)|HEAP_ALLOCATE|[66]|Bytes:4
17:26:15.5 (1402970226)|VARIABLE_ASSIGNMENT|[66]|this.m_relationships|{}|0x3d56280b
17:26:15.5 (1402975384)|STATEMENT_EXECUTE|[68]
17:26:15.5 (1402983245)|HEAP_ALLOCATE|[68]|Bytes:4
17:26:15.5 (1402991367)|VARIABLE_ASSIGNMENT|[68]|this.m_publishBeforeListByType|{}|0x3d56280b
17:26:15.5 (1402996325)|STATEMENT_EXECUTE|[69]
17:26:15.5 (1403003342)|HEAP_ALLOCATE|[69]|Bytes:4
17:26:15.5 (1403012827)|VARIABLE_ASSIGNMENT|[69]|this.m_publishAfterSuccessListByType|{}|0x3d56280b
17:26:15.5 (1403017829)|STATEMENT_EXECUTE|[70]
17:26:15.5 (1403024996)|HEAP_ALLOCATE|[70]|Bytes:4
17:26:15.5 (1403033001)|VARIABLE_ASSIGNMENT|[70]|this.m_publishAfterFailureListByType|{}|0x3d56280b
17:26:15.5 (1403037938)|STATEMENT_EXECUTE|[72]
17:26:15.5 (1403044364)|HEAP_ALLOCATE|[72]|Bytes:4
17:26:15.5 (1403102224)|HEAP_ALLOCATE|[EXTERNAL]|Bytes:4
17:26:15.5 (1403109374)|VARIABLE_ASSIGNMENT|[72]|this.m_workList|[]|0x3d56280b
17:26:15.5 (1403114798)|STATEMENT_EXECUTE|[75]
17:26:15.5 (1403298866)|HEAP_ALLOCATE|[75]|Bytes:11
17:26:15.5 (1403352040)|HEAP_ALLOCATE|[75]|Bytes:8
17:26:15.5 (1403369755)|CONSTRUCTOR_ENTRY|[75]|01p0900000I3AXF|<init>()|fflib_SObjectUnitOfWork.SendEmailWork
17:26:15.5 (1403392235)|VARIABLE_SCOPE_BEGIN|[910]|this|fflib_SObjectUnitOfWork.SendEmailWork|true|false
17:26:15.5 (1403426951)|VARIABLE_ASSIGNMENT|[910]|this|{}|0x6cdcc10a
17:26:15.5 (1403434927)|STATEMENT_EXECUTE|[906]
17:26:15.5 (1403436828)|STATEMENT_EXECUTE|[908]
17:26:15.5 (1403453390)|STATEMENT_EXECUTE|[911]
17:26:15.5 (1403455073)|STATEMENT_EXECUTE|[912]
17:26:15.5 (1403463126)|HEAP_ALLOCATE|[912]|Bytes:4
17:26:15.5 (1403537556)|HEAP_ALLOCATE|[EXTERNAL]|Bytes:4
17:26:15.5 (1403549948)|VARIABLE_ASSIGNMENT|[912]|this.emails|[]|0x6cdcc10a
17:26:15.5 (1403667765)|CONSTRUCTOR_EXIT|[75]|01p0900000I3AXF|<init>()|fflib_SObjectUnitOfWork.SendEmailWork
17:26:15.5 (1403691617)|VARIABLE_ASSIGNMENT|[75]|this.m_emailWork|0x6cdcc10a|0x3d56280b
17:26:15.5 (1403698162)|STATEMENT_EXECUTE|[77]
17:26:15.5 (1403710940)|STATEMENT_EXECUTE|[135]
17:26:15.5 (1403712884)|STATEMENT_EXECUTE|[136]
17:26:15.5 (1403766011)|HEAP_ALLOCATE|[EXTERNAL]|Bytes:8
17:26:15.5 (1403879240)|VARIABLE_ASSIGNMENT|[136]|this.m_sObjectTypes|"common.apex.runtime.impl.ScalarList@6777c214"|0x3d56280b
17:26:15.5 (1403968775)|HEAP_ALLOCATE|[138]|Bytes:5
17:26:15.5 (1404010122)|VARIABLE_SCOPE_BEGIN|[138]|sObjectType|Schema.SObjectType|true|false
17:26:15.5 (1404093446)|VARIABLE_ASSIGNMENT|[138]|sObjectType|"common.apex.runtime.impl.ApexSObjectTypeToken@6777c1f5"|0x6777c1f5
17:26:15.5 (1404101021)|STATEMENT_EXECUTE|[139]
17:26:15.5 (1404102927)|STATEMENT_EXECUTE|[141]
17:26:15.5 (1404159448)|METHOD_ENTRY|[141]|01p0900000I3AXF|fflib_SObjectUnitOfWork.handleRegisterType(Schema.SObjectType)
17:26:15.5 (1404187942)|VARIABLE_SCOPE_BEGIN|[177]|this|fflib_SObjectUnitOfWork|true|false
17:26:15.5 (1404245948)|VARIABLE_ASSIGNMENT|[177]|this|{"m_deletedMapByType":"0x36f4afab","m_dirtyMapByType":"0x3c2aecee","m_emailWork":"0x6cdcc10a","m_emptyRecycleBinMapByType":"0x382bf348","m_newListByType":"0xbd122cb","m_publishAfterFailureListByType":"0x18cb5ded","m_publishAfterSuccessListByType":"0x73ed9f86","m_publishBeforeListByType":"0x143b8300","m_relationships":"0x167e2c36","m_sObjectTypes":"0x54983f21","m_workList":"0x4b169b9b"}|0x3d56280b
17:26:15.5 (1404256751)|VARIABLE_SCOPE_BEGIN|[177]|sObjectType|Schema.SObjectType|true|false
17:26:15.5 (1404330116)|VARIABLE_ASSIGNMENT|[177]|sObjectType|"common.apex.runtime.impl.ApexSObjectTypeToken@6777c1f5"|0x6777c1f5
17:26:15.5 (1404349877)|STATEMENT_EXECUTE|[178]
17:26:15.5 (1404351682)|STATEMENT_EXECUTE|[179]
17:26:15.5 (1409225946)|HEAP_ALLOCATE|[179]|Bytes:4
17:26:15.5 (1409277646)|HEAP_ALLOCATE|[179]|Bytes:7
17:26:15.5 (1409287201)|VARIABLE_SCOPE_BEGIN|[179]|sObjectName|String|false|false
17:26:15.5 (1409307257)|VARIABLE_ASSIGNMENT|[179]|sObjectName|"Account"
17:26:15.5 (1409313847)|STATEMENT_EXECUTE|[182]
17:26:15.5 (1409335993)|HEAP_ALLOCATE|[182]|Bytes:4
17:26:15.5 (1409391971)|HEAP_ALLOCATE|[EXTERNAL]|Bytes:4
17:26:15.5 (1409405639)|HEAP_ALLOCATE|[EXTERNAL]|Bytes:-4
17:26:15.5 (1409414002)|STATEMENT_EXECUTE|[183]
17:26:15.5 (1409430626)|HEAP_ALLOCATE|[183]|Bytes:4
17:26:15.5 (1409476333)|HEAP_ALLOCATE|[EXTERNAL]|Bytes:-4
17:26:15.5 (1409483274)|STATEMENT_EXECUTE|[184]
17:26:15.5 (1409491156)|HEAP_ALLOCATE|[184]|Bytes:4
17:26:15.5 (1409510660)|HEAP_ALLOCATE|[EXTERNAL]|Bytes:-4
17:26:15.5 (1409516566)|STATEMENT_EXECUTE|[185]
17:26:15.5 (1409523187)|HEAP_ALLOCATE|[185]|Bytes:4
17:26:15.5 (1409540085)|HEAP_ALLOCATE|[EXTERNAL]|Bytes:-4
17:26:15.5 (1409546279)|STATEMENT_EXECUTE|[186]
17:26:15.5 (1409574566)|HEAP_ALLOCATE|[186]|Bytes:15
17:26:15.5 (1409682439)|HEAP_ALLOCATE|[186]|Bytes:8
17:26:15.5 (1409698363)|CONSTRUCTOR_ENTRY|[186]|01p0900000I3AXF|<init>()|fflib_SObjectUnitOfWork.Relationships
17:26:15.5 (1409726948)|VARIABLE_SCOPE_BEGIN|[778]|this|fflib_SObjectUnitOfWork.Relationships|true|false
17:26:15.5 (1409761369)|VARIABLE_ASSIGNMENT|[778]|this|{}|0x690b429c
17:26:15.5 (1409783906)|STATEMENT_EXECUTE|[778]
17:26:15.5 (1409786021)|STATEMENT_EXECUTE|[780]
17:26:15.5 (1409794627)|HEAP_ALLOCATE|[780]|Bytes:4
17:26:15.5 (1409887890)|HEAP_ALLOCATE|[EXTERNAL]|Bytes:4
17:26:15.5 (1409900105)|VARIABLE_ASSIGNMENT|[780]|this.m_relationships|[]|0x690b429c
17:26:15.5 (1409907908)|CONSTRUCTOR_EXIT|[186]|01p0900000I3AXF|<init>()|fflib_SObjectUnitOfWork.Relationships
17:26:15.5 (1409926064)|HEAP_ALLOCATE|[EXTERNAL]|Bytes:-4
17:26:15.5 (1409932740)|STATEMENT_EXECUTE|[188]
17:26:15.5 (1409942244)|HEAP_ALLOCATE|[188]|Bytes:4
17:26:15.5 (1409964013)|HEAP_ALLOCATE|[EXTERNAL]|Bytes:4
17:26:15.5 (1409967881)|HEAP_ALLOCATE|[EXTERNAL]|Bytes:-4
17:26:15.5 (1409973360)|STATEMENT_EXECUTE|[189]
17:26:15.5 (1409978901)|HEAP_ALLOCATE|[189]|Bytes:4
17:26:15.5 (1409993449)|HEAP_ALLOCATE|[EXTERNAL]|Bytes:4
17:26:15.5 (1409997103)|HEAP_ALLOCATE|[EXTERNAL]|Bytes:-4
17:26:15.5 (1410003329)|STATEMENT_EXECUTE|[190]
17:26:15.5 (1410009528)|HEAP_ALLOCATE|[190]|Bytes:4
17:26:15.5 (1410023536)|HEAP_ALLOCATE|[EXTERNAL]|Bytes:4
17:26:15.5 (1410026676)|HEAP_ALLOCATE|[EXTERNAL]|Bytes:-4
17:26:15.5 (1410032558)|STATEMENT_EXECUTE|[193]
17:26:15.5 (1410052548)|METHOD_ENTRY|[193]|01p0900000I3AXF|fflib_SObjectUnitOfWork.onRegisterType(Schema.SObjectType)
17:26:15.5 (1410073216)|VARIABLE_SCOPE_BEGIN|[150]|this|fflib_SObjectUnitOfWork|true|false
17:26:15.5 (1410127126)|VARIABLE_ASSIGNMENT|[150]|this|{"m_deletedMapByType":"0x36f4afab","m_dirtyMapByType":"0x3c2aecee","m_emailWork":"0x6cdcc10a","m_emptyRecycleBinMapByType":"0x382bf348","m_newListByType":"0xbd122cb","m_publishAfterFailureListByType":"0x18cb5ded","m_publishAfterSuccessListByType":"0x73ed9f86","m_publishBeforeListByType":"0x143b8300","m_relationships":"0x167e2c36","m_sObjectTypes":"0x54983f21","m_workList":"0x4b169b9b"}|0x3d56280b
17:26:15.5 (1410137349)|VARIABLE_SCOPE_BEGIN|[150]|sObjectType|Schema.SObjectType|true|false
17:26:15.5 (1410267916)|VARIABLE_ASSIGNMENT|[150]|sObjectType|"common.apex.runtime.impl.ApexSObjectTypeToken@6777c1f5"|0x6777c1f5
17:26:15.5 (1410287067)|STATEMENT_EXECUTE|[150]
17:26:15.5 (1410293463)|METHOD_EXIT|[193]|01p0900000I3AXF|fflib_SObjectUnitOfWork.onRegisterType(Schema.SObjectType)
17:26:15.5 (1410302107)|METHOD_EXIT|[141]|01p0900000I3AXF|fflib_SObjectUnitOfWork.handleRegisterType(Schema.SObjectType)
17:26:15.5 (1410327284)|HEAP_ALLOCATE|[138]|Bytes:5
17:26:15.5 (1410344644)|VARIABLE_ASSIGNMENT|[138]|sObjectType|null|
17:26:15.5 (1410350644)|STATEMENT_EXECUTE|[144]
17:26:15.5 (1410356529)|HEAP_ALLOCATE|[144]|Bytes:47
17:26:15.5 (1410486120)|HEAP_ALLOCATE|[144]|Bytes:30
17:26:15.5 (1410501120)|SYSTEM_METHOD_ENTRY|[1]|Type.Type()
17:26:15.5 (1410505217)|STATEMENT_EXECUTE|[1]
17:26:15.5 (1410513695)|SYSTEM_METHOD_EXIT|[1]|Type
17:26:15.5 (1410520153)|HEAP_ALLOCATE|[144]|Bytes:8
17:26:15.5 (1410535880)|HEAP_ALLOCATE|[144]|Bytes:8
17:26:15.5 (1410542039)|VARIABLE_SCOPE_BEGIN|[4]|this|System.Type|true|false
17:26:15.5 (1410563058)|VARIABLE_ASSIGNMENT|[4]|this|{}|0x536297bc
17:26:15.5 (1410569414)|VARIABLE_SCOPE_BEGIN|[4]|apextype|java:common.apex.runtime.ApexObjectType|true|false
17:26:15.5 (1410697969)|VARIABLE_ASSIGNMENT|[4]|apextype|"Messaging.SingleEmailMessage"|0x2c79dbe6
17:26:15.5 (1410734501)|HEAP_ALLOCATE|[144]|Bytes:8
17:26:15.5 (1410753172)|METHOD_ENTRY|[144]||System.Type.getName()
17:26:15.5 (1410798341)|METHOD_EXIT|[144]||System.Type.getName()
17:26:15.5 (1410806557)|HEAP_ALLOCATE|[144]|Bytes:8
17:26:15.5 (1410813923)|CONSTRUCTOR_ENTRY|[144]|01p0900000I3AXF|<init>()|fflib_SObjectUnitOfWork.Relationships
17:26:15.5 (1410821043)|VARIABLE_SCOPE_BEGIN|[778]|this|fflib_SObjectUnitOfWork.Relationships|true|false
17:26:15.5 (1410839559)|VARIABLE_ASSIGNMENT|[778]|this|{}|0x65f42611
17:26:15.5 (1410853787)|STATEMENT_EXECUTE|[778]
17:26:15.5 (1410855772)|STATEMENT_EXECUTE|[780]
17:26:15.5 (1410866121)|HEAP_ALLOCATE|[780]|Bytes:4
17:26:15.5 (1410888028)|HEAP_ALLOCATE|[EXTERNAL]|Bytes:4
17:26:15.5 (1410897215)|VARIABLE_ASSIGNMENT|[780]|this.m_relationships|[]|0x65f42611
17:26:15.5 (1410904096)|CONSTRUCTOR_EXIT|[144]|01p0900000I3AXF|<init>()|fflib_SObjectUnitOfWork.Relationships
17:26:15.5 (1410919265)|HEAP_ALLOCATE|[EXTERNAL]|Bytes:-4
17:26:15.5 (1410925897)|STATEMENT_EXECUTE|[146]
17:26:15.5 (1410933549)|VARIABLE_ASSIGNMENT|[146]|this.m_dml|0x127970b3|0x3d56280b
17:26:15.5 (1410948369)|CONSTRUCTOR_EXIT|[131]|01p0900000I3AXF|<init>(List<Schema.SObjectType>,fflib_SObjectUnitOfWork.IDML)|fflib_SObjectUnitOfWork
17:26:15.5 (1410954630)|STATEMENT_EXECUTE|[130]
17:26:15.5 (1410959941)|CONSTRUCTOR_EXIT|[31]|01p0900000I3AXF|<init>(List<Schema.SObjectType>)|fflib_SObjectUnitOfWork
17:26:15.5 (1410966771)|VARIABLE_SCOPE_BEGIN|[31]|uow|fflib_SObjectUnitOfWork|true|false
17:26:15.5 (1411013626)|VARIABLE_ASSIGNMENT|[31]|uow|{"m_deletedMapByType":"0x36f4afab","m_dirtyMapByType":"0x3c2aecee","m_dml":"0x127970b3","m_emailWork":"0x6cdcc10a","m_emptyRecycleBinMapByType":"0x382bf348","m_newListByType":"0xbd122cb","m_publishAfterFailureListByType":"0x18cb5ded","m_publishAfterSuccessListByType":"0x73ed9f86","m_publishBeforeListByType":"0x143b8300","m_relationships":"0x167e2c36","m_sObjectTypes":"0x54983f21","m_workList":"0x4b169b9b"}|0x3d56280b
17:26:15.5 (1411023666)|STATEMENT_EXECUTE|[38]
17:26:15.5 (1411026956)|HEAP_ALLOCATE|[38]|Bytes:2
17:26:15.5 (1411061346)|USER_DEBUG|[38]|DEBUG|av
17:26:15.5 (1411070822)|STATEMENT_EXECUTE|[39]
17:26:15.5 (1411073805)|HEAP_ALLOCATE|[39]|Bytes:109
17:26:15.5 (1411086702)|HEAP_ALLOCATE|[39]|Bytes:4
17:26:15.5 (1412543609)|SOQL_EXECUTE_BEGIN|[39]|Aggregations:1|SELECT Id, Name, Chiffre_d_affaire__c, (SELECT Id, TotalAmount FROM Orders WHERE Id IN :tmpVar1) FROM Account
17:26:15.5 (1420729820)|SOQL_EXECUTE_END|[39]|Rows:1
17:26:15.5 (1420776094)|HEAP_ALLOCATE|[39]|Bytes:8
17:26:15.5 (1420832780)|HEAP_ALLOCATE|[39]|Bytes:159
17:26:15.5 (1420874889)|HEAP_ALLOCATE|[39]|Bytes:8
17:26:15.5 (1420897588)|VARIABLE_SCOPE_BEGIN|[39]|accs|List<Account>|true|false
17:26:15.5 (1420950928)|VARIABLE_ASSIGNMENT|[39]|accs|[{"Id":"0010900000XWHw6AAH","Name":"A","Orders":[{"AccountId":"0010900000XWHw6AAH","Id":"80109000002rJGhAAM","TotalAmount":500.00}]}]|0x434d712d
17:26:15.5 (1420962145)|STATEMENT_EXECUTE|[41]
17:26:15.5 (1420968415)|HEAP_ALLOCATE|[41]|Bytes:2
17:26:15.5 (1421027196)|USER_DEBUG|[41]|DEBUG|ap
17:26:15.5 (1421041313)|STATEMENT_EXECUTE|[57]
17:26:15.5 (1421044724)|HEAP_ALLOCATE|[57]|Bytes:15
17:26:15.5 (1421174614)|HEAP_ALLOCATE|[57]|Bytes:41
17:26:15.5 (1421198805)|HEAP_ALLOCATE|[57]|Bytes:56
17:26:15.5 (1421215042)|USER_DEBUG|[57]|DEBUG|icimonsupertest(Account:{Id=0010900000XWHw6AAH, Name=A})
17:26:15.421 (1421239993)|CUMULATIVE_LIMIT_USAGE
17:26:15.421 (1421239993)|LIMIT_USAGE_FOR_NS|(default)|
  Number of SOQL queries: 12 out of 100
  Number of query rows: 11 out of 50000
  Number of SOSL queries: 0 out of 20
  Number of DML statements: 25 out of 150
  Number of Publish Immediate DML: 0 out of 150
  Number of DML rows: 25 out of 10000
  Maximum CPU time: 197 out of 10000
  Maximum heap size: 0 out of 6000000
  Number of callouts: 0 out of 100
  Number of Email Invocations: 0 out of 10
  Number of future calls: 0 out of 50
  Number of queueable jobs added to the queue: 0 out of 50
  Number of Mobile Apex push calls: 0 out of 10

17:26:15.421 (1421239993)|TESTING_LIMITS
17:26:15.421 (1421239993)|LIMIT_USAGE_FOR_NS|(default)|
  Number of SOQL queries: 1 out of 100
  Number of query rows: 2 out of 50000
  Number of SOSL queries: 0 out of 20
  Number of DML statements: 1 out of 150
  Number of Publish Immediate DML: 0 out of 150
  Number of DML rows: 1 out of 10000
  Maximum CPU time: 0 out of 10000
  Maximum heap size: 0 out of 6000000
  Number of callouts: 0 out of 100
  Number of Email Invocations: 0 out of 10
  Number of future calls: 0 out of 50
  Number of queueable jobs added to the queue: 0 out of 50
  Number of Mobile Apex push calls: 0 out of 10

17:26:15.421 (1421239993)|CUMULATIVE_LIMIT_USAGE_END

17:26:15.5 (1422498052)|CODE_UNIT_FINISHED|OrderAmount on Order trigger event AfterUpdate|__sfdc_trigger/OrderAmount
17:26:15.5 (1424178454)|DML_END|[38]
17:26:15.5 (1424204487)|STATEMENT_EXECUTE|[40]
17:26:15.5 (1424237610)|METHOD_ENTRY|[40]||System.Test.stopTest()
17:26:15.5 (1425148809)|METHOD_EXIT|[40]||System.Test.stopTest()
17:26:15.5 (1425162889)|STATEMENT_EXECUTE|[44]
17:26:15.5 (1425171355)|HEAP_ALLOCATE|[44]|Bytes:57
17:26:15.5 (1425198311)|HEAP_ALLOCATE|[44]|Bytes:4
17:26:15.5 (1425597436)|SOQL_EXECUTE_BEGIN|[44]|Aggregations:0|SELECT Chiffre_d_affaire__c FROM Account WHERE Name = 'A'
17:26:15.5 (1431646445)|SOQL_EXECUTE_END|[44]|Rows:1
17:26:15.5 (1431675195)|HEAP_ALLOCATE|[44]|Bytes:8
17:26:15.5 (1431705905)|HEAP_ALLOCATE|[44]|Bytes:29
17:26:15.5 (1431745488)|HEAP_ALLOCATE|[44]|Bytes:8
17:26:15.5 (1431758904)|HEAP_ALLOCATE|[44]|Bytes:33
17:26:15.5 (1431785986)|HEAP_ALLOCATE|[44]|Bytes:8
17:26:15.5 (1431915452)|EXCEPTION_THROWN|[44]|System.AssertException: Assertion Failed: Expected: null, Actual: 200
17:26:15.5 (1432089333)|HEAP_ALLOCATE|[44]|Bytes:49
17:26:15.5 (1432110625)|SYSTEM_MODE_EXIT|false
17:26:15.5 (1432195527)|FATAL_ERROR|System.AssertException: Assertion Failed: Expected: null, Actual: 200

Class.OrderAmount_test.testTriggerUpdateAccountCA: line 44, column 1
17:26:15.5 (1432207007)|FATAL_ERROR|System.AssertException: Assertion Failed: Expected: null, Actual: 200

Class.OrderAmount_test.testTriggerUpdateAccountCA: line 44, column 1
17:26:15.432 (1432214160)|CUMULATIVE_LIMIT_USAGE
17:26:15.432 (1432214160)|LIMIT_USAGE_FOR_NS|(default)|
  Number of SOQL queries: 13 out of 100
  Number of query rows: 12 out of 50000
  Number of SOSL queries: 0 out of 20
  Number of DML statements: 25 out of 150
  Number of Publish Immediate DML: 0 out of 150
  Number of DML rows: 25 out of 10000
  Maximum CPU time: 197 out of 10000
  Maximum heap size: 0 out of 6000000
  Number of callouts: 0 out of 100
  Number of Email Invocations: 0 out of 10
  Number of future calls: 0 out of 50
  Number of queueable jobs added to the queue: 0 out of 50
  Number of Mobile Apex push calls: 0 out of 10

17:26:15.432 (1432214160)|TESTING_LIMITS
17:26:15.432 (1432214160)|LIMIT_USAGE_FOR_NS|(default)|
  Number of SOQL queries: 1 out of 100
  Number of query rows: 2 out of 50000
  Number of SOSL queries: 0 out of 20
  Number of DML statements: 1 out of 150
  Number of Publish Immediate DML: 0 out of 150
  Number of DML rows: 1 out of 10000
  Maximum CPU time: 0 out of 10000
  Maximum heap size: 0 out of 6000000
  Number of callouts: 0 out of 100
  Number of Email Invocations: 0 out of 10
  Number of future calls: 0 out of 50
  Number of queueable jobs added to the queue: 0 out of 50
  Number of Mobile Apex push calls: 0 out of 10

17:26:15.432 (1432214160)|CUMULATIVE_LIMIT_USAGE_END

17:26:15.5 (1432260905)|CODE_UNIT_FINISHED|OrderAmount_test.testTriggerUpdateAccountCA()
17:26:15.5 (1432266927)|EXECUTION_FINISHED
17:26:15.742 (1742940017)|USER_INFO|[EXTERNAL]|00509000003XTOG|aymericravizep7@openclassroom.com|(GMT+02:00) Central European Summer Time (Europe/Paris)|GMT+02:00
17:26:15.742 (1742994264)|EXECUTION_STARTED
17:26:15.742 (1743001213)|CODE_UNIT_STARTED|[EXTERNAL]|DuplicateDetector
17:26:15.742 (1743020279)|DUPLICATE_DETECTION_BEGIN
17:26:15.742 (1743105883)|DUPLICATE_DETECTION_RULE_INVOCATION|DuplicateRuleId:0Bm09000006vpcb|DuplicateRuleName:Standard Account Duplicate Rule|DmlType:INSERT
17:26:15.742 (1765542866)|DUPLICATE_DETECTION_END
17:26:15.742 (1765561653)|CODE_UNIT_FINISHED|DuplicateDetector
17:26:15.742 (1765582691)|EXECUTION_FINISHED
